21-Apr-2026 11:05:07.262 INFO [main] org.apache.catalina.startup.VersionLoggerListener.log Server version name:   Apache Tomcat/9.0.116
21-Apr-2026 11:05:07.269 INFO [main] org.apache.catalina.startup.VersionLoggerListener.log Server built:          Mar 16 2026 15:05:42 UTC
21-Apr-2026 11:05:07.269 INFO [main] org.apache.catalina.startup.VersionLoggerListener.log Server version number: 9.0.116.0
21-Apr-2026 11:05:07.269 INFO [main] org.apache.catalina.startup.VersionLoggerListener.log OS Name:               Windows 11
21-Apr-2026 11:05:07.270 INFO [main] org.apache.catalina.startup.VersionLoggerListener.log OS Version:            10.0
21-Apr-2026 11:05:07.270 INFO [main] org.apache.catalina.startup.VersionLoggerListener.log Architecture:          amd64
21-Apr-2026 11:05:07.270 INFO [main] org.apache.catalina.startup.VersionLoggerListener.log Java Home:             C:\Program Files\Java\jdk-17
21-Apr-2026 11:05:07.270 INFO [main] org.apache.catalina.startup.VersionLoggerListener.log JVM Version:           17.0.12+8-LTS-286
21-Apr-2026 11:05:07.270 INFO [main] org.apache.catalina.startup.VersionLoggerListener.log JVM Vendor:            Oracle Corporation
21-Apr-2026 11:05:07.271 INFO [main] org.apache.catalina.startup.VersionLoggerListener.log CATALINA_BASE:         C:\Users\bvign\IdeaProjects\VM-Code
21-Apr-2026 11:05:07.271 INFO [main] org.apache.catalina.startup.VersionLoggerListener.log CATALINA_HOME:         C:\Users\bvign\Downloads\apache-tomcat-9.0.116
21-Apr-2026 11:05:07.285 INFO [main] org.apache.catalina.startup.VersionLoggerListener.log Command line argument: --add-opens=java.base/java.lang=ALL-UNNAMED
21-Apr-2026 11:05:07.285 INFO [main] org.apache.catalina.startup.VersionLoggerListener.log Command line argument: --add-opens=java.base/java.io=ALL-UNNAMED
21-Apr-2026 11:05:07.285 INFO [main] org.apache.catalina.startup.VersionLoggerListener.log Command line argument: --add-opens=java.base/java.util=ALL-UNNAMED
21-Apr-2026 11:05:07.285 INFO [main] org.apache.catalina.startup.VersionLoggerListener.log Command line argument: --add-opens=java.base/java.util.concurrent=ALL-UNNAMED
21-Apr-2026 11:05:07.285 INFO [main] org.apache.catalina.startup.VersionLoggerListener.log Command line argument: --add-opens=java.rmi/sun.rmi.transport=ALL-UNNAMED
21-Apr-2026 11:05:07.285 INFO [main] org.apache.catalina.startup.VersionLoggerListener.log Command line argument: -Dcatalina.home=C:\Users\bvign\Downloads\apache-tomcat-9.0.116
21-Apr-2026 11:05:07.285 INFO [main] org.apache.catalina.startup.VersionLoggerListener.log Command line argument: -Dcatalina.base=C:\Users\bvign\IdeaProjects\VM-Code
21-Apr-2026 11:05:07.286 INFO [main] org.apache.catalina.startup.VersionLoggerListener.log Command line argument: -Djava.io.tmpdir=C:\Users\bvign\IdeaProjects\VM-Code\temp
21-Apr-2026 11:05:07.286 INFO [main] org.apache.catalina.startup.VersionLoggerListener.log Command line argument: -Djava.util.logging.config.file=C:\Users\bvign\IdeaProjects\VM-Code\conf\logging.properties
21-Apr-2026 11:05:07.286 INFO [main] org.apache.catalina.startup.VersionLoggerListener.log Command line argument: -Djava.util.logging.manager=org.apache.juli.ClassLoaderLogManager
21-Apr-2026 11:05:07.286 INFO [main] org.apache.catalina.startup.VersionLoggerListener.log Command line argument: -javaagent:C:\Program Files\JetBrains\IntelliJ IDEA Community Edition 2025.1.3\lib\idea_rt.jar=57873
21-Apr-2026 11:05:07.286 INFO [main] org.apache.catalina.startup.VersionLoggerListener.log Command line argument: -Dfile.encoding=UTF-8
21-Apr-2026 11:05:07.299 INFO [main] org.apache.catalina.core.AprLifecycleListener.lifecycleEvent The Apache Tomcat Native library which allows using OpenSSL was not found on the java.library.path: [C:\Program Files\Java\jdk-17\bin;C:\WINDOWS\Sun\Java\bin;C:\WINDOWS\system32;C:\WINDOWS;C:\Program Files\Common Files\Oracle\Java\javapath;C:\Windows\system32;C:\Windows;C:\Windows\System32\Wbem;C:\Windows\System32\WindowsPowerShell\v1.0\;C:\Windows\System32\OpenSSH\;C:\Program Files\Git\cmd;C:\WINDOWS\system32;C:\WINDOWS;C:\WINDOWS\System32\Wbem;C:\WINDOWS\System32\WindowsPowerShell\v1.0\;C:\WINDOWS\System32\OpenSSH\;C:\Program Files\MySQL\MySQL Server 8.0_1\bin;C:\Program Files\nodejs\;C:\ProgramData\chocolatey\bin;C:\Program Files (x86)\NVIDIA Corporation\PhysX\Common;C:\Program Files\maven-mvnd-1.0.2-windows-amd64\maven-mvnd-1.0.2-windows-amd64\bin;C:\Program Files\Java\jdk-17\bin;C:\Program Files\apache-maven-3.9.11\bin;C:\Program Files\GitHub CLI\;C:\Program Files\Docker\Docker\resources\bin;C:\Users\bvign\AppData\Local\Programs\Python\Python313\Scripts\;C:\Users\bvign\AppData\Local\Programs\Python\Python313\;C:\Users\bvign\AppData\Local\Programs\Python\Launcher\;C:\Program Files\MySQL\MySQL Shell 8.0\bin\;C:\Users\bvign\AppData\Local\Microsoft\WindowsApps;C:\Program Files\JetBrains\IntelliJ IDEA Community Edition 2024.2.3\bin;;C:\Users\bvign\AppData\Roaming\npm;C:\Users\bvign\AppData\Local\Programs\Microsoft VS Code\bin;C:\Users\bvign\AppData\Local\Programs\Antigravity\bin;C:\Program Files\\Elastic\Beats\9.3.2\filebeat;.]
21-Apr-2026 11:05:07.671 INFO [main] org.apache.coyote.AbstractProtocol.init Initializing ProtocolHandler ["http-nio-8080"]
21-Apr-2026 11:05:07.692 INFO [main] org.apache.catalina.startup.Catalina.load Server initialization in [676] milliseconds
21-Apr-2026 11:05:07.757 INFO [main] org.apache.catalina.core.StandardService.startInternal Starting service [Catalina]
21-Apr-2026 11:05:07.757 INFO [main] org.apache.catalina.core.StandardEngine.startInternal Starting Servlet engine: [Apache Tomcat/9.0.116]
21-Apr-2026 11:05:07.767 INFO [main] org.apache.catalina.startup.HostConfig.deployDescriptor Deploying deployment descriptor [C:\Users\bvign\IdeaProjects\VM-Code\conf\Catalina\localhost\VM-Code.xml]
21-Apr-2026 11:05:11.641 INFO [main] org.apache.jasper.servlet.TldScanner.scanJars At least one JAR was scanned for TLDs yet contained no TLDs. Enable debug logging for this logger for a complete list of JARs that were scanned but no TLDs were found in them. Skipping unneeded JARs during scanning can improve startup time and JSP compilation time.
21-Apr-2026 11:05:18.137 INFO [main] org.apache.catalina.startup.HostConfig.deployDescriptor Deployment of deployment descriptor [C:\Users\bvign\IdeaProjects\VM-Code\conf\Catalina\localhost\VM-Code.xml] has finished in [10,369] ms
21-Apr-2026 11:05:18.144 INFO [main] org.apache.coyote.AbstractProtocol.start Starting ProtocolHandler ["http-nio-8080"]
21-Apr-2026 11:05:18.178 INFO [main] org.apache.catalina.startup.Catalina.start Server startup in [10485] milliseconds
21-Apr-2026 11:22:14.629 INFO [Thread-1] org.apache.coyote.AbstractProtocol.pause Pausing ProtocolHandler ["http-nio-8080"]
21-Apr-2026 11:22:14.745 INFO [Thread-1] org.apache.catalina.core.StandardService.stopInternal Stopping service [Catalina]
21-Apr-2026 11:22:14.757 WARNING [Thread-1] org.apache.catalina.loader.WebappClassLoaderBase.clearReferencesJdbc The web application [VM-Code] registered the JDBC driver [com.mysql.cj.jdbc.Driver] but failed to unregister it when the web application was stopped. To prevent a memory leak, the JDBC Driver has been forcibly unregistered.
21-Apr-2026 11:22:14.758 WARNING [Thread-1] org.apache.catalina.loader.WebappClassLoaderBase.clearReferencesThreads The web application [VM-Code] appears to have started a thread named [mysql-cj-abandoned-connection-cleanup] but has failed to stop it. This is very likely to create a memory leak. Stack trace of thread:
 java.base@17.0.12/java.lang.Object.wait(Native Method)
 java.base@17.0.12/java.lang.ref.ReferenceQueue.remove(ReferenceQueue.java:155)
 com.mysql.cj.jdbc.AbandonedConnectionCleanupThread.run(AbandonedConnectionCleanupThread.java:93)
 java.base@17.0.12/java.util.concurrent.ThreadPoolExecutor.runWorker(ThreadPoolExecutor.java:1136)
 java.base@17.0.12/java.util.concurrent.ThreadPoolExecutor$Worker.run(ThreadPoolExecutor.java:635)
 java.base@17.0.12/java.lang.Thread.run(Thread.java:842)
21-Apr-2026 11:22:14.759 SEVERE [Thread-1] org.apache.catalina.loader.WebappClassLoaderBase.checkThreadLocalMapForLeaks The web application [VM-Code] created a ThreadLocal with key of type [java.lang.ThreadLocal.SuppliedThreadLocal] (value [java.lang.ThreadLocal$SuppliedThreadLocal@7d957883]) and a value of type [net.logstash.logback.util.ThreadLocalHolder.Holder] (value [net.logstash.logback.util.ThreadLocalHolder$Holder@4ccb0b2a]) but failed to remove it when the web application was stopped. Threads are going to be renewed over time to try and avoid a probable memory leak.
21-Apr-2026 11:22:14.759 SEVERE [Thread-1] org.apache.catalina.loader.WebappClassLoaderBase.checkThreadLocalMapForLeaks The web application [VM-Code] created a ThreadLocal with key of type [java.lang.ThreadLocal.SuppliedThreadLocal] (value [java.lang.ThreadLocal$SuppliedThreadLocal@248a48bf]) and a value of type [net.logstash.logback.util.ThreadLocalHolder.Holder] (value [net.logstash.logback.util.ThreadLocalHolder$Holder@16a76b4d]) but failed to remove it when the web application was stopped. Threads are going to be renewed over time to try and avoid a probable memory leak.
21-Apr-2026 11:22:14.761 SEVERE [Thread-1] org.apache.catalina.loader.WebappClassLoaderBase.checkThreadLocalMapForLeaks The web application [VM-Code] created a ThreadLocal with key of type [java.lang.ThreadLocal.SuppliedThreadLocal] (value [java.lang.ThreadLocal$SuppliedThreadLocal@7d957883]) and a value of type [net.logstash.logback.util.ThreadLocalHolder.Holder] (value [net.logstash.logback.util.ThreadLocalHolder$Holder@40a0587a]) but failed to remove it when the web application was stopped. Threads are going to be renewed over time to try and avoid a probable memory leak.
21-Apr-2026 11:22:14.761 SEVERE [Thread-1] org.apache.catalina.loader.WebappClassLoaderBase.checkThreadLocalMapForLeaks The web application [VM-Code] created a ThreadLocal with key of type [java.lang.ThreadLocal.SuppliedThreadLocal] (value [java.lang.ThreadLocal$SuppliedThreadLocal@248a48bf]) and a value of type [net.logstash.logback.util.ThreadLocalHolder.Holder] (value [net.logstash.logback.util.ThreadLocalHolder$Holder@5426991f]) but failed to remove it when the web application was stopped. Threads are going to be renewed over time to try and avoid a probable memory leak.
21-Apr-2026 11:22:14.761 SEVERE [Thread-1] org.apache.catalina.loader.WebappClassLoaderBase.checkThreadLocalMapForLeaks The web application [VM-Code] created a ThreadLocal with key of type [java.lang.ThreadLocal.SuppliedThreadLocal] (value [java.lang.ThreadLocal$SuppliedThreadLocal@7d957883]) and a value of type [net.logstash.logback.util.ThreadLocalHolder.Holder] (value [net.logstash.logback.util.ThreadLocalHolder$Holder@221fec94]) but failed to remove it when the web application was stopped. Threads are going to be renewed over time to try and avoid a probable memory leak.
21-Apr-2026 11:22:14.761 SEVERE [Thread-1] org.apache.catalina.loader.WebappClassLoaderBase.checkThreadLocalMapForLeaks The web application [VM-Code] created a ThreadLocal with key of type [java.lang.ThreadLocal.SuppliedThreadLocal] (value [java.lang.ThreadLocal$SuppliedThreadLocal@248a48bf]) and a value of type [net.logstash.logback.util.ThreadLocalHolder.Holder] (value [net.logstash.logback.util.ThreadLocalHolder$Holder@fcf0699]) but failed to remove it when the web application was stopped. Threads are going to be renewed over time to try and avoid a probable memory leak.
21-Apr-2026 11:22:14.762 SEVERE [Thread-1] org.apache.catalina.loader.WebappClassLoaderBase.checkThreadLocalMapForLeaks The web application [VM-Code] created a ThreadLocal with key of type [java.lang.ThreadLocal.SuppliedThreadLocal] (value [java.lang.ThreadLocal$SuppliedThreadLocal@7d957883]) and a value of type [net.logstash.logback.util.ThreadLocalHolder.Holder] (value [net.logstash.logback.util.ThreadLocalHolder$Holder@4deefc92]) but failed to remove it when the web application was stopped. Threads are going to be renewed over time to try and avoid a probable memory leak.
21-Apr-2026 11:22:14.763 SEVERE [Thread-1] org.apache.catalina.loader.WebappClassLoaderBase.checkThreadLocalMapForLeaks The web application [VM-Code] created a ThreadLocal with key of type [java.lang.ThreadLocal.SuppliedThreadLocal] (value [java.lang.ThreadLocal$SuppliedThreadLocal@248a48bf]) and a value of type [net.logstash.logback.util.ThreadLocalHolder.Holder] (value [net.logstash.logback.util.ThreadLocalHolder$Holder@2d606a51]) but failed to remove it when the web application was stopped. Threads are going to be renewed over time to try and avoid a probable memory leak.
21-Apr-2026 11:22:14.763 SEVERE [Thread-1] org.apache.catalina.loader.WebappClassLoaderBase.checkThreadLocalMapForLeaks The web application [VM-Code] created a ThreadLocal with key of type [java.lang.ThreadLocal.SuppliedThreadLocal] (value [java.lang.ThreadLocal$SuppliedThreadLocal@7d957883]) and a value of type [net.logstash.logback.util.ThreadLocalHolder.Holder] (value [net.logstash.logback.util.ThreadLocalHolder$Holder@70464825]) but failed to remove it when the web application was stopped. Threads are going to be renewed over time to try and avoid a probable memory leak.
21-Apr-2026 11:22:14.763 SEVERE [Thread-1] org.apache.catalina.loader.WebappClassLoaderBase.checkThreadLocalMapForLeaks The web application [VM-Code] created a ThreadLocal with key of type [java.lang.ThreadLocal.SuppliedThreadLocal] (value [java.lang.ThreadLocal$SuppliedThreadLocal@248a48bf]) and a value of type [net.logstash.logback.util.ThreadLocalHolder.Holder] (value [net.logstash.logback.util.ThreadLocalHolder$Holder@74a637a]) but failed to remove it when the web application was stopped. Threads are going to be renewed over time to try and avoid a probable memory leak.
21-Apr-2026 11:22:14.769 INFO [Thread-1] org.apache.coyote.AbstractProtocol.stop Stopping ProtocolHandler ["http-nio-8080"]
21-Apr-2026 11:22:14.777 INFO [Thread-1] org.apache.coyote.AbstractProtocol.destroy Destroying ProtocolHandler ["http-nio-8080"]
21-Apr-2026 11:22:16.363 INFO [main] org.apache.catalina.startup.VersionLoggerListener.log Server version name:   Apache Tomcat/9.0.116
21-Apr-2026 11:22:16.367 INFO [main] org.apache.catalina.startup.VersionLoggerListener.log Server built:          Mar 16 2026 15:05:42 UTC
21-Apr-2026 11:22:16.367 INFO [main] org.apache.catalina.startup.VersionLoggerListener.log Server version number: 9.0.116.0
21-Apr-2026 11:22:16.367 INFO [main] org.apache.catalina.startup.VersionLoggerListener.log OS Name:               Windows 11
21-Apr-2026 11:22:16.367 INFO [main] org.apache.catalina.startup.VersionLoggerListener.log OS Version:            10.0
21-Apr-2026 11:22:16.367 INFO [main] org.apache.catalina.startup.VersionLoggerListener.log Architecture:          amd64
21-Apr-2026 11:22:16.367 INFO [main] org.apache.catalina.startup.VersionLoggerListener.log Java Home:             C:\Program Files\Java\jdk-17
21-Apr-2026 11:22:16.367 INFO [main] org.apache.catalina.startup.VersionLoggerListener.log JVM Version:           17.0.12+8-LTS-286
21-Apr-2026 11:22:16.368 INFO [main] org.apache.catalina.startup.VersionLoggerListener.log JVM Vendor:            Oracle Corporation
21-Apr-2026 11:22:16.368 INFO [main] org.apache.catalina.startup.VersionLoggerListener.log CATALINA_BASE:         C:\Users\bvign\IdeaProjects\VM-Code
21-Apr-2026 11:22:16.368 INFO [main] org.apache.catalina.startup.VersionLoggerListener.log CATALINA_HOME:         C:\Users\bvign\Downloads\apache-tomcat-9.0.116
21-Apr-2026 11:22:16.375 INFO [main] org.apache.catalina.startup.VersionLoggerListener.log Command line argument: --add-opens=java.base/java.lang=ALL-UNNAMED
21-Apr-2026 11:22:16.376 INFO [main] org.apache.catalina.startup.VersionLoggerListener.log Command line argument: --add-opens=java.base/java.io=ALL-UNNAMED
21-Apr-2026 11:22:16.376 INFO [main] org.apache.catalina.startup.VersionLoggerListener.log Command line argument: --add-opens=java.base/java.util=ALL-UNNAMED
21-Apr-2026 11:22:16.376 INFO [main] org.apache.catalina.startup.VersionLoggerListener.log Command line argument: --add-opens=java.base/java.util.concurrent=ALL-UNNAMED
21-Apr-2026 11:22:16.376 INFO [main] org.apache.catalina.startup.VersionLoggerListener.log Command line argument: --add-opens=java.rmi/sun.rmi.transport=ALL-UNNAMED
21-Apr-2026 11:22:16.376 INFO [main] org.apache.catalina.startup.VersionLoggerListener.log Command line argument: -Dcatalina.home=C:\Users\bvign\Downloads\apache-tomcat-9.0.116
21-Apr-2026 11:22:16.377 INFO [main] org.apache.catalina.startup.VersionLoggerListener.log Command line argument: -Dcatalina.base=C:\Users\bvign\IdeaProjects\VM-Code
21-Apr-2026 11:22:16.377 INFO [main] org.apache.catalina.startup.VersionLoggerListener.log Command line argument: -Djava.io.tmpdir=C:\Users\bvign\IdeaProjects\VM-Code\temp
21-Apr-2026 11:22:16.377 INFO [main] org.apache.catalina.startup.VersionLoggerListener.log Command line argument: -Djava.util.logging.config.file=C:\Users\bvign\IdeaProjects\VM-Code\conf\logging.properties
21-Apr-2026 11:22:16.377 INFO [main] org.apache.catalina.startup.VersionLoggerListener.log Command line argument: -Djava.util.logging.manager=org.apache.juli.ClassLoaderLogManager
21-Apr-2026 11:22:16.377 INFO [main] org.apache.catalina.startup.VersionLoggerListener.log Command line argument: -javaagent:C:\Program Files\JetBrains\IntelliJ IDEA Community Edition 2025.1.3\lib\idea_rt.jar=59391
21-Apr-2026 11:22:16.377 INFO [main] org.apache.catalina.startup.VersionLoggerListener.log Command line argument: -Dfile.encoding=UTF-8
21-Apr-2026 11:22:16.386 INFO [main] org.apache.catalina.core.AprLifecycleListener.lifecycleEvent The Apache Tomcat Native library which allows using OpenSSL was not found on the java.library.path: [C:\Program Files\Java\jdk-17\bin;C:\WINDOWS\Sun\Java\bin;C:\WINDOWS\system32;C:\WINDOWS;C:\Program Files\Common Files\Oracle\Java\javapath;C:\Windows\system32;C:\Windows;C:\Windows\System32\Wbem;C:\Windows\System32\WindowsPowerShell\v1.0\;C:\Windows\System32\OpenSSH\;C:\Program Files\Git\cmd;C:\WINDOWS\system32;C:\WINDOWS;C:\WINDOWS\System32\Wbem;C:\WINDOWS\System32\WindowsPowerShell\v1.0\;C:\WINDOWS\System32\OpenSSH\;C:\Program Files\MySQL\MySQL Server 8.0_1\bin;C:\Program Files\nodejs\;C:\ProgramData\chocolatey\bin;C:\Program Files (x86)\NVIDIA Corporation\PhysX\Common;C:\Program Files\maven-mvnd-1.0.2-windows-amd64\maven-mvnd-1.0.2-windows-amd64\bin;C:\Program Files\Java\jdk-17\bin;C:\Program Files\apache-maven-3.9.11\bin;C:\Program Files\GitHub CLI\;C:\Program Files\Docker\Docker\resources\bin;C:\Users\bvign\AppData\Local\Programs\Python\Python313\Scripts\;C:\Users\bvign\AppData\Local\Programs\Python\Python313\;C:\Users\bvign\AppData\Local\Programs\Python\Launcher\;C:\Program Files\MySQL\MySQL Shell 8.0\bin\;C:\Users\bvign\AppData\Local\Microsoft\WindowsApps;C:\Program Files\JetBrains\IntelliJ IDEA Community Edition 2024.2.3\bin;;C:\Users\bvign\AppData\Roaming\npm;C:\Users\bvign\AppData\Local\Programs\Microsoft VS Code\bin;C:\Users\bvign\AppData\Local\Programs\Antigravity\bin;C:\Program Files\\Elastic\Beats\9.3.2\filebeat;.]
21-Apr-2026 11:22:16.770 INFO [main] org.apache.coyote.AbstractProtocol.init Initializing ProtocolHandler ["http-nio-8080"]
21-Apr-2026 11:22:16.791 INFO [main] org.apache.catalina.startup.Catalina.load Server initialization in [639] milliseconds
21-Apr-2026 11:22:16.848 INFO [main] org.apache.catalina.core.StandardService.startInternal Starting service [Catalina]
21-Apr-2026 11:22:16.848 INFO [main] org.apache.catalina.core.StandardEngine.startInternal Starting Servlet engine: [Apache Tomcat/9.0.116]
21-Apr-2026 11:22:16.860 INFO [main] org.apache.catalina.startup.HostConfig.deployDescriptor Deploying deployment descriptor [C:\Users\bvign\IdeaProjects\VM-Code\conf\Catalina\localhost\VM-Code.xml]
21-Apr-2026 11:22:20.144 INFO [main] org.apache.jasper.servlet.TldScanner.scanJars At least one JAR was scanned for TLDs yet contained no TLDs. Enable debug logging for this logger for a complete list of JARs that were scanned but no TLDs were found in them. Skipping unneeded JARs during scanning can improve startup time and JSP compilation time.
21-Apr-2026 11:22:25.665 INFO [main] org.apache.catalina.startup.HostConfig.deployDescriptor Deployment of deployment descriptor [C:\Users\bvign\IdeaProjects\VM-Code\conf\Catalina\localhost\VM-Code.xml] has finished in [8,805] ms
21-Apr-2026 11:22:25.670 INFO [main] org.apache.coyote.AbstractProtocol.start Starting ProtocolHandler ["http-nio-8080"]
21-Apr-2026 11:22:25.703 INFO [main] org.apache.catalina.startup.Catalina.start Server startup in [8911] milliseconds
21-Apr-2026 11:25:55.788 INFO [Thread-1] org.apache.coyote.AbstractProtocol.pause Pausing ProtocolHandler ["http-nio-8080"]
21-Apr-2026 11:25:55.904 INFO [Thread-1] org.apache.catalina.core.StandardService.stopInternal Stopping service [Catalina]
21-Apr-2026 11:25:55.914 WARNING [Thread-1] org.apache.catalina.loader.WebappClassLoaderBase.clearReferencesJdbc The web application [VM-Code] registered the JDBC driver [com.mysql.cj.jdbc.Driver] but failed to unregister it when the web application was stopped. To prevent a memory leak, the JDBC Driver has been forcibly unregistered.
21-Apr-2026 11:25:55.916 WARNING [Thread-1] org.apache.catalina.loader.WebappClassLoaderBase.clearReferencesThreads The web application [VM-Code] appears to have started a thread named [mysql-cj-abandoned-connection-cleanup] but has failed to stop it. This is very likely to create a memory leak. Stack trace of thread:
 java.base@17.0.12/java.lang.Object.wait(Native Method)
 java.base@17.0.12/java.lang.ref.ReferenceQueue.remove(ReferenceQueue.java:155)
 com.mysql.cj.jdbc.AbandonedConnectionCleanupThread.run(AbandonedConnectionCleanupThread.java:93)
 java.base@17.0.12/java.util.concurrent.ThreadPoolExecutor.runWorker(ThreadPoolExecutor.java:1136)
 java.base@17.0.12/java.util.concurrent.ThreadPoolExecutor$Worker.run(ThreadPoolExecutor.java:635)
 java.base@17.0.12/java.lang.Thread.run(Thread.java:842)
21-Apr-2026 11:25:55.916 SEVERE [Thread-1] org.apache.catalina.loader.WebappClassLoaderBase.checkThreadLocalMapForLeaks The web application [VM-Code] created a ThreadLocal with key of type [java.lang.ThreadLocal.SuppliedThreadLocal] (value [java.lang.ThreadLocal$SuppliedThreadLocal@23ac1f34]) and a value of type [net.logstash.logback.util.ThreadLocalHolder.Holder] (value [net.logstash.logback.util.ThreadLocalHolder$Holder@7ad01e08]) but failed to remove it when the web application was stopped. Threads are going to be renewed over time to try and avoid a probable memory leak.
21-Apr-2026 11:25:55.917 SEVERE [Thread-1] org.apache.catalina.loader.WebappClassLoaderBase.checkThreadLocalMapForLeaks The web application [VM-Code] created a ThreadLocal with key of type [java.lang.ThreadLocal.SuppliedThreadLocal] (value [java.lang.ThreadLocal$SuppliedThreadLocal@4624842e]) and a value of type [net.logstash.logback.util.ThreadLocalHolder.Holder] (value [net.logstash.logback.util.ThreadLocalHolder$Holder@1c6cb223]) but failed to remove it when the web application was stopped. Threads are going to be renewed over time to try and avoid a probable memory leak.
21-Apr-2026 11:25:55.917 SEVERE [Thread-1] org.apache.catalina.loader.WebappClassLoaderBase.checkThreadLocalMapForLeaks The web application [VM-Code] created a ThreadLocal with key of type [java.lang.ThreadLocal.SuppliedThreadLocal] (value [java.lang.ThreadLocal$SuppliedThreadLocal@4624842e]) and a value of type [net.logstash.logback.util.ThreadLocalHolder.Holder] (value [net.logstash.logback.util.ThreadLocalHolder$Holder@5ffa4b25]) but failed to remove it when the web application was stopped. Threads are going to be renewed over time to try and avoid a probable memory leak.
21-Apr-2026 11:25:55.917 SEVERE [Thread-1] org.apache.catalina.loader.WebappClassLoaderBase.checkThreadLocalMapForLeaks The web application [VM-Code] created a ThreadLocal with key of type [java.lang.ThreadLocal.SuppliedThreadLocal] (value [java.lang.ThreadLocal$SuppliedThreadLocal@23ac1f34]) and a value of type [net.logstash.logback.util.ThreadLocalHolder.Holder] (value [net.logstash.logback.util.ThreadLocalHolder$Holder@25a03e8c]) but failed to remove it when the web application was stopped. Threads are going to be renewed over time to try and avoid a probable memory leak.
21-Apr-2026 11:25:55.917 SEVERE [Thread-1] org.apache.catalina.loader.WebappClassLoaderBase.checkThreadLocalMapForLeaks The web application [VM-Code] created a ThreadLocal with key of type [java.lang.ThreadLocal.SuppliedThreadLocal] (value [java.lang.ThreadLocal$SuppliedThreadLocal@23ac1f34]) and a value of type [net.logstash.logback.util.ThreadLocalHolder.Holder] (value [net.logstash.logback.util.ThreadLocalHolder$Holder@4747cbe2]) but failed to remove it when the web application was stopped. Threads are going to be renewed over time to try and avoid a probable memory leak.
21-Apr-2026 11:25:55.917 SEVERE [Thread-1] org.apache.catalina.loader.WebappClassLoaderBase.checkThreadLocalMapForLeaks The web application [VM-Code] created a ThreadLocal with key of type [java.lang.ThreadLocal.SuppliedThreadLocal] (value [java.lang.ThreadLocal$SuppliedThreadLocal@4624842e]) and a value of type [net.logstash.logback.util.ThreadLocalHolder.Holder] (value [net.logstash.logback.util.ThreadLocalHolder$Holder@3e438483]) but failed to remove it when the web application was stopped. Threads are going to be renewed over time to try and avoid a probable memory leak.
21-Apr-2026 11:25:55.918 SEVERE [Thread-1] org.apache.catalina.loader.WebappClassLoaderBase.checkThreadLocalMapForLeaks The web application [VM-Code] created a ThreadLocal with key of type [java.lang.ThreadLocal.SuppliedThreadLocal] (value [java.lang.ThreadLocal$SuppliedThreadLocal@4624842e]) and a value of type [net.logstash.logback.util.ThreadLocalHolder.Holder] (value [net.logstash.logback.util.ThreadLocalHolder$Holder@336d430d]) but failed to remove it when the web application was stopped. Threads are going to be renewed over time to try and avoid a probable memory leak.
21-Apr-2026 11:25:55.918 SEVERE [Thread-1] org.apache.catalina.loader.WebappClassLoaderBase.checkThreadLocalMapForLeaks The web application [VM-Code] created a ThreadLocal with key of type [java.lang.ThreadLocal.SuppliedThreadLocal] (value [java.lang.ThreadLocal$SuppliedThreadLocal@23ac1f34]) and a value of type [net.logstash.logback.util.ThreadLocalHolder.Holder] (value [net.logstash.logback.util.ThreadLocalHolder$Holder@171d5fb2]) but failed to remove it when the web application was stopped. Threads are going to be renewed over time to try and avoid a probable memory leak.
21-Apr-2026 11:25:55.918 SEVERE [Thread-1] org.apache.catalina.loader.WebappClassLoaderBase.checkThreadLocalMapForLeaks The web application [VM-Code] created a ThreadLocal with key of type [java.lang.ThreadLocal.SuppliedThreadLocal] (value [java.lang.ThreadLocal$SuppliedThreadLocal@4624842e]) and a value of type [net.logstash.logback.util.ThreadLocalHolder.Holder] (value [net.logstash.logback.util.ThreadLocalHolder$Holder@6efc8e68]) but failed to remove it when the web application was stopped. Threads are going to be renewed over time to try and avoid a probable memory leak.
21-Apr-2026 11:25:55.918 SEVERE [Thread-1] org.apache.catalina.loader.WebappClassLoaderBase.checkThreadLocalMapForLeaks The web application [VM-Code] created a ThreadLocal with key of type [java.lang.ThreadLocal.SuppliedThreadLocal] (value [java.lang.ThreadLocal$SuppliedThreadLocal@23ac1f34]) and a value of type [net.logstash.logback.util.ThreadLocalHolder.Holder] (value [net.logstash.logback.util.ThreadLocalHolder$Holder@4cb978a8]) but failed to remove it when the web application was stopped. Threads are going to be renewed over time to try and avoid a probable memory leak.
21-Apr-2026 11:25:55.918 SEVERE [Thread-1] org.apache.catalina.loader.WebappClassLoaderBase.checkThreadLocalMapForLeaks The web application [VM-Code] created a ThreadLocal with key of type [java.lang.ThreadLocal.SuppliedThreadLocal] (value [java.lang.ThreadLocal$SuppliedThreadLocal@4624842e]) and a value of type [net.logstash.logback.util.ThreadLocalHolder.Holder] (value [net.logstash.logback.util.ThreadLocalHolder$Holder@15152f19]) but failed to remove it when the web application was stopped. Threads are going to be renewed over time to try and avoid a probable memory leak.
21-Apr-2026 11:25:55.918 SEVERE [Thread-1] org.apache.catalina.loader.WebappClassLoaderBase.checkThreadLocalMapForLeaks The web application [VM-Code] created a ThreadLocal with key of type [java.lang.ThreadLocal.SuppliedThreadLocal] (value [java.lang.ThreadLocal$SuppliedThreadLocal@23ac1f34]) and a value of type [net.logstash.logback.util.ThreadLocalHolder.Holder] (value [net.logstash.logback.util.ThreadLocalHolder$Holder@688812c6]) but failed to remove it when the web application was stopped. Threads are going to be renewed over time to try and avoid a probable memory leak.
21-Apr-2026 11:25:55.919 SEVERE [Thread-1] org.apache.catalina.loader.WebappClassLoaderBase.checkThreadLocalMapForLeaks The web application [VM-Code] created a ThreadLocal with key of type [java.lang.ThreadLocal.SuppliedThreadLocal] (value [java.lang.ThreadLocal$SuppliedThreadLocal@4624842e]) and a value of type [net.logstash.logback.util.ThreadLocalHolder.Holder] (value [net.logstash.logback.util.ThreadLocalHolder$Holder@592790e0]) but failed to remove it when the web application was stopped. Threads are going to be renewed over time to try and avoid a probable memory leak.
21-Apr-2026 11:25:55.919 SEVERE [Thread-1] org.apache.catalina.loader.WebappClassLoaderBase.checkThreadLocalMapForLeaks The web application [VM-Code] created a ThreadLocal with key of type [java.lang.ThreadLocal.SuppliedThreadLocal] (value [java.lang.ThreadLocal$SuppliedThreadLocal@23ac1f34]) and a value of type [net.logstash.logback.util.ThreadLocalHolder.Holder] (value [net.logstash.logback.util.ThreadLocalHolder$Holder@7191b720]) but failed to remove it when the web application was stopped. Threads are going to be renewed over time to try and avoid a probable memory leak.
21-Apr-2026 11:25:55.919 SEVERE [Thread-1] org.apache.catalina.loader.WebappClassLoaderBase.checkThreadLocalMapForLeaks The web application [VM-Code] created a ThreadLocal with key of type [java.lang.ThreadLocal.SuppliedThreadLocal] (value [java.lang.ThreadLocal$SuppliedThreadLocal@4624842e]) and a value of type [net.logstash.logback.util.ThreadLocalHolder.Holder] (value [net.logstash.logback.util.ThreadLocalHolder$Holder@796781a5]) but failed to remove it when the web application was stopped. Threads are going to be renewed over time to try and avoid a probable memory leak.
21-Apr-2026 11:25:55.919 SEVERE [Thread-1] org.apache.catalina.loader.WebappClassLoaderBase.checkThreadLocalMapForLeaks The web application [VM-Code] created a ThreadLocal with key of type [java.lang.ThreadLocal.SuppliedThreadLocal] (value [java.lang.ThreadLocal$SuppliedThreadLocal@23ac1f34]) and a value of type [net.logstash.logback.util.ThreadLocalHolder.Holder] (value [net.logstash.logback.util.ThreadLocalHolder$Holder@2c714bbf]) but failed to remove it when the web application was stopped. Threads are going to be renewed over time to try and avoid a probable memory leak.
21-Apr-2026 11:25:55.923 INFO [Thread-1] org.apache.coyote.AbstractProtocol.stop Stopping ProtocolHandler ["http-nio-8080"]
21-Apr-2026 11:25:55.944 INFO [Thread-1] org.apache.coyote.AbstractProtocol.destroy Destroying ProtocolHandler ["http-nio-8080"]
21-Apr-2026 11:28:52.061 INFO [main] org.apache.catalina.startup.VersionLoggerListener.log Server version name:   Apache Tomcat/9.0.116
21-Apr-2026 11:28:52.066 INFO [main] org.apache.catalina.startup.VersionLoggerListener.log Server built:          Mar 16 2026 15:05:42 UTC
21-Apr-2026 11:28:52.067 INFO [main] org.apache.catalina.startup.VersionLoggerListener.log Server version number: 9.0.116.0
21-Apr-2026 11:28:52.067 INFO [main] org.apache.catalina.startup.VersionLoggerListener.log OS Name:               Windows 11
21-Apr-2026 11:28:52.067 INFO [main] org.apache.catalina.startup.VersionLoggerListener.log OS Version:            10.0
21-Apr-2026 11:28:52.067 INFO [main] org.apache.catalina.startup.VersionLoggerListener.log Architecture:          amd64
21-Apr-2026 11:28:52.067 INFO [main] org.apache.catalina.startup.VersionLoggerListener.log Java Home:             C:\Program Files\Java\jdk-17
21-Apr-2026 11:28:52.067 INFO [main] org.apache.catalina.startup.VersionLoggerListener.log JVM Version:           17.0.12+8-LTS-286
21-Apr-2026 11:28:52.067 INFO [main] org.apache.catalina.startup.VersionLoggerListener.log JVM Vendor:            Oracle Corporation
21-Apr-2026 11:28:52.067 INFO [main] org.apache.catalina.startup.VersionLoggerListener.log CATALINA_BASE:         C:\Users\bvign\IdeaProjects\VM-Code
21-Apr-2026 11:28:52.067 INFO [main] org.apache.catalina.startup.VersionLoggerListener.log CATALINA_HOME:         C:\Users\bvign\Downloads\apache-tomcat-9.0.116
21-Apr-2026 11:28:52.075 INFO [main] org.apache.catalina.startup.VersionLoggerListener.log Command line argument: --add-opens=java.base/java.lang=ALL-UNNAMED
21-Apr-2026 11:28:52.075 INFO [main] org.apache.catalina.startup.VersionLoggerListener.log Command line argument: --add-opens=java.base/java.io=ALL-UNNAMED
21-Apr-2026 11:28:52.075 INFO [main] org.apache.catalina.startup.VersionLoggerListener.log Command line argument: --add-opens=java.base/java.util=ALL-UNNAMED
21-Apr-2026 11:28:52.075 INFO [main] org.apache.catalina.startup.VersionLoggerListener.log Command line argument: --add-opens=java.base/java.util.concurrent=ALL-UNNAMED
21-Apr-2026 11:28:52.075 INFO [main] org.apache.catalina.startup.VersionLoggerListener.log Command line argument: --add-opens=java.rmi/sun.rmi.transport=ALL-UNNAMED
21-Apr-2026 11:28:52.075 INFO [main] org.apache.catalina.startup.VersionLoggerListener.log Command line argument: -Dcatalina.home=C:\Users\bvign\Downloads\apache-tomcat-9.0.116
21-Apr-2026 11:28:52.075 INFO [main] org.apache.catalina.startup.VersionLoggerListener.log Command line argument: -Dcatalina.base=C:\Users\bvign\IdeaProjects\VM-Code
21-Apr-2026 11:28:52.076 INFO [main] org.apache.catalina.startup.VersionLoggerListener.log Command line argument: -Djava.io.tmpdir=C:\Users\bvign\IdeaProjects\VM-Code\temp
21-Apr-2026 11:28:52.076 INFO [main] org.apache.catalina.startup.VersionLoggerListener.log Command line argument: -Djava.util.logging.config.file=C:\Users\bvign\IdeaProjects\VM-Code\conf\logging.properties
21-Apr-2026 11:28:52.076 INFO [main] org.apache.catalina.startup.VersionLoggerListener.log Command line argument: -Djava.util.logging.manager=org.apache.juli.ClassLoaderLogManager
21-Apr-2026 11:28:52.076 INFO [main] org.apache.catalina.startup.VersionLoggerListener.log Command line argument: -javaagent:C:\Program Files\JetBrains\IntelliJ IDEA Community Edition 2025.1.3\lib\idea_rt.jar=60222
21-Apr-2026 11:28:52.076 INFO [main] org.apache.catalina.startup.VersionLoggerListener.log Command line argument: -Dfile.encoding=UTF-8
21-Apr-2026 11:28:52.084 INFO [main] org.apache.catalina.core.AprLifecycleListener.lifecycleEvent The Apache Tomcat Native library which allows using OpenSSL was not found on the java.library.path: [C:\Program Files\Java\jdk-17\bin;C:\WINDOWS\Sun\Java\bin;C:\WINDOWS\system32;C:\WINDOWS;C:\Program Files\Common Files\Oracle\Java\javapath;C:\Windows\system32;C:\Windows;C:\Windows\System32\Wbem;C:\Windows\System32\WindowsPowerShell\v1.0\;C:\Windows\System32\OpenSSH\;C:\Program Files\Git\cmd;C:\WINDOWS\system32;C:\WINDOWS;C:\WINDOWS\System32\Wbem;C:\WINDOWS\System32\WindowsPowerShell\v1.0\;C:\WINDOWS\System32\OpenSSH\;C:\Program Files\MySQL\MySQL Server 8.0_1\bin;C:\Program Files\nodejs\;C:\ProgramData\chocolatey\bin;C:\Program Files (x86)\NVIDIA Corporation\PhysX\Common;C:\Program Files\maven-mvnd-1.0.2-windows-amd64\maven-mvnd-1.0.2-windows-amd64\bin;C:\Program Files\Java\jdk-17\bin;C:\Program Files\apache-maven-3.9.11\bin;C:\Program Files\GitHub CLI\;C:\Program Files\Docker\Docker\resources\bin;C:\Users\bvign\AppData\Local\Programs\Python\Python313\Scripts\;C:\Users\bvign\AppData\Local\Programs\Python\Python313\;C:\Users\bvign\AppData\Local\Programs\Python\Launcher\;C:\Program Files\MySQL\MySQL Shell 8.0\bin\;C:\Users\bvign\AppData\Local\Microsoft\WindowsApps;C:\Program Files\JetBrains\IntelliJ IDEA Community Edition 2024.2.3\bin;;C:\Users\bvign\AppData\Roaming\npm;C:\Users\bvign\AppData\Local\Programs\Microsoft VS Code\bin;C:\Users\bvign\AppData\Local\Programs\Antigravity\bin;C:\Program Files\\Elastic\Beats\9.3.2\filebeat;.]
21-Apr-2026 11:28:52.426 INFO [main] org.apache.coyote.AbstractProtocol.init Initializing ProtocolHandler ["http-nio-8080"]
21-Apr-2026 11:28:52.452 INFO [main] org.apache.catalina.startup.Catalina.load Server initialization in [570] milliseconds
21-Apr-2026 11:28:52.499 INFO [main] org.apache.catalina.core.StandardService.startInternal Starting service [Catalina]
21-Apr-2026 11:28:52.500 INFO [main] org.apache.catalina.core.StandardEngine.startInternal Starting Servlet engine: [Apache Tomcat/9.0.116]
21-Apr-2026 11:28:52.509 INFO [main] org.apache.catalina.startup.HostConfig.deployDescriptor Deploying deployment descriptor [C:\Users\bvign\IdeaProjects\VM-Code\conf\Catalina\localhost\VM-Code.xml]
21-Apr-2026 11:28:55.721 INFO [main] org.apache.jasper.servlet.TldScanner.scanJars At least one JAR was scanned for TLDs yet contained no TLDs. Enable debug logging for this logger for a complete list of JARs that were scanned but no TLDs were found in them. Skipping unneeded JARs during scanning can improve startup time and JSP compilation time.
21-Apr-2026 11:29:01.460 INFO [main] org.apache.catalina.startup.HostConfig.deployDescriptor Deployment of deployment descriptor [C:\Users\bvign\IdeaProjects\VM-Code\conf\Catalina\localhost\VM-Code.xml] has finished in [8,951] ms
21-Apr-2026 11:29:01.466 INFO [main] org.apache.coyote.AbstractProtocol.start Starting ProtocolHandler ["http-nio-8080"]
21-Apr-2026 11:29:01.485 INFO [main] org.apache.catalina.startup.Catalina.start Server startup in [9032] milliseconds
21-Apr-2026 11:30:03.499 INFO [Thread-1] org.apache.coyote.AbstractProtocol.pause Pausing ProtocolHandler ["http-nio-8080"]
21-Apr-2026 11:30:03.620 INFO [Thread-1] org.apache.catalina.core.StandardService.stopInternal Stopping service [Catalina]
21-Apr-2026 11:30:03.631 WARNING [Thread-1] org.apache.catalina.loader.WebappClassLoaderBase.clearReferencesJdbc The web application [VM-Code] registered the JDBC driver [com.mysql.cj.jdbc.Driver] but failed to unregister it when the web application was stopped. To prevent a memory leak, the JDBC Driver has been forcibly unregistered.
21-Apr-2026 11:30:03.632 WARNING [Thread-1] org.apache.catalina.loader.WebappClassLoaderBase.clearReferencesThreads The web application [VM-Code] appears to have started a thread named [mysql-cj-abandoned-connection-cleanup] but has failed to stop it. This is very likely to create a memory leak. Stack trace of thread:
 java.base@17.0.12/java.lang.Object.wait(Native Method)
 java.base@17.0.12/java.lang.ref.ReferenceQueue.remove(ReferenceQueue.java:155)
 com.mysql.cj.jdbc.AbandonedConnectionCleanupThread.run(AbandonedConnectionCleanupThread.java:93)
 java.base@17.0.12/java.util.concurrent.ThreadPoolExecutor.runWorker(ThreadPoolExecutor.java:1136)
 java.base@17.0.12/java.util.concurrent.ThreadPoolExecutor$Worker.run(ThreadPoolExecutor.java:635)
 java.base@17.0.12/java.lang.Thread.run(Thread.java:842)
21-Apr-2026 11:30:03.632 WARNING [Thread-1] org.apache.catalina.loader.WebappClassLoaderBase.clearReferencesThreads The web application [VM-Code] appears to have started a thread named [OkHttp generativelanguage.googleapis.com] but has failed to stop it. This is very likely to create a memory leak. Stack trace of thread:
 java.base@17.0.12/sun.nio.ch.Net.poll(Native Method)
 java.base@17.0.12/sun.nio.ch.NioSocketImpl.park(NioSocketImpl.java:186)
 java.base@17.0.12/sun.nio.ch.NioSocketImpl.park(NioSocketImpl.java:195)
 java.base@17.0.12/sun.nio.ch.NioSocketImpl.implRead(NioSocketImpl.java:319)
 java.base@17.0.12/sun.nio.ch.NioSocketImpl.read(NioSocketImpl.java:355)
 java.base@17.0.12/sun.nio.ch.NioSocketImpl$1.read(NioSocketImpl.java:808)
 java.base@17.0.12/java.net.Socket$SocketInputStream.read(Socket.java:966)
 java.base@17.0.12/sun.security.ssl.SSLSocketInputRecord.read(SSLSocketInputRecord.java:484)
 java.base@17.0.12/sun.security.ssl.SSLSocketInputRecord.readHeader(SSLSocketInputRecord.java:478)
 java.base@17.0.12/sun.security.ssl.SSLSocketInputRecord.bytesInCompletePacket(SSLSocketInputRecord.java:70)
 java.base@17.0.12/sun.security.ssl.SSLSocketImpl.readApplicationRecord(SSLSocketImpl.java:1461)
 java.base@17.0.12/sun.security.ssl.SSLSocketImpl$AppInputStream.read(SSLSocketImpl.java:1065)
 okio.InputStreamSource.read(JvmOkio.kt:93)
 okio.AsyncTimeout$source$1.read(AsyncTimeout.kt:128)
 okio.RealBufferedSource.request(RealBufferedSource.kt:209)
 okio.RealBufferedSource.require(RealBufferedSource.kt:202)
 okhttp3.internal.http2.Http2Reader.nextFrame(Http2Reader.kt:89)
 okhttp3.internal.http2.Http2Connection$ReaderRunnable.invoke(Http2Connection.kt:618)
 okhttp3.internal.http2.Http2Connection$ReaderRunnable.invoke(Http2Connection.kt:609)
 okhttp3.internal.concurrent.TaskQueue$execute$1.runOnce(TaskQueue.kt:98)
 okhttp3.internal.concurrent.TaskRunner.runTask(TaskRunner.kt:116)
 okhttp3.internal.concurrent.TaskRunner.access$runTask(TaskRunner.kt:42)
 okhttp3.internal.concurrent.TaskRunner$runnable$1.run(TaskRunner.kt:65)
 java.base@17.0.12/java.util.concurrent.ThreadPoolExecutor.runWorker(ThreadPoolExecutor.java:1136)
 java.base@17.0.12/java.util.concurrent.ThreadPoolExecutor$Worker.run(ThreadPoolExecutor.java:635)
 java.base@17.0.12/java.lang.Thread.run(Thread.java:842)
21-Apr-2026 11:30:03.633 WARNING [Thread-1] org.apache.catalina.loader.WebappClassLoaderBase.clearReferencesThreads The web application [VM-Code] appears to have started a thread named [OkHttp TaskRunner] but has failed to stop it. This is very likely to create a memory leak. Stack trace of thread:
 java.base@17.0.12/jdk.internal.misc.Unsafe.park(Native Method)
 java.base@17.0.12/java.util.concurrent.locks.LockSupport.parkNanos(LockSupport.java:252)
 java.base@17.0.12/java.util.concurrent.SynchronousQueue$TransferStack.transfer(SynchronousQueue.java:401)
 java.base@17.0.12/java.util.concurrent.SynchronousQueue.poll(SynchronousQueue.java:903)
 java.base@17.0.12/java.util.concurrent.ThreadPoolExecutor.getTask(ThreadPoolExecutor.java:1061)
 java.base@17.0.12/java.util.concurrent.ThreadPoolExecutor.runWorker(ThreadPoolExecutor.java:1122)
 java.base@17.0.12/java.util.concurrent.ThreadPoolExecutor$Worker.run(ThreadPoolExecutor.java:635)
 java.base@17.0.12/java.lang.Thread.run(Thread.java:842)
21-Apr-2026 11:30:03.634 WARNING [Thread-1] org.apache.catalina.loader.WebappClassLoaderBase.clearReferencesThreads The web application [VM-Code] appears to have started a thread named [OkHttp TaskRunner] but has failed to stop it. This is very likely to create a memory leak. Stack trace of thread:
 java.base@17.0.12/jdk.internal.misc.Unsafe.park(Native Method)
 java.base@17.0.12/java.util.concurrent.locks.LockSupport.parkNanos(LockSupport.java:252)
 java.base@17.0.12/java.util.concurrent.SynchronousQueue$TransferStack.transfer(SynchronousQueue.java:401)
 java.base@17.0.12/java.util.concurrent.SynchronousQueue.poll(SynchronousQueue.java:903)
 java.base@17.0.12/java.util.concurrent.ThreadPoolExecutor.getTask(ThreadPoolExecutor.java:1061)
 java.base@17.0.12/java.util.concurrent.ThreadPoolExecutor.runWorker(ThreadPoolExecutor.java:1122)
 java.base@17.0.12/java.util.concurrent.ThreadPoolExecutor$Worker.run(ThreadPoolExecutor.java:635)
 java.base@17.0.12/java.lang.Thread.run(Thread.java:842)
21-Apr-2026 11:30:03.634 WARNING [Thread-1] org.apache.catalina.loader.WebappClassLoaderBase.clearReferencesThreads The web application [VM-Code] appears to have started a thread named [OkHttp TaskRunner] but has failed to stop it. This is very likely to create a memory leak. Stack trace of thread:
 java.base@17.0.12/java.lang.Object.wait(Native Method)
 java.base@17.0.12/java.lang.Object.wait(Object.java:472)
 okhttp3.internal.concurrent.TaskRunner$RealBackend.coordinatorWait(TaskRunner.kt:294)
 okhttp3.internal.concurrent.TaskRunner.awaitTaskToRun(TaskRunner.kt:218)
 okhttp3.internal.concurrent.TaskRunner$runnable$1.run(TaskRunner.kt:59)
 java.base@17.0.12/java.util.concurrent.ThreadPoolExecutor.runWorker(ThreadPoolExecutor.java:1136)
 java.base@17.0.12/java.util.concurrent.ThreadPoolExecutor$Worker.run(ThreadPoolExecutor.java:635)
 java.base@17.0.12/java.lang.Thread.run(Thread.java:842)
21-Apr-2026 11:30:03.635 WARNING [Thread-1] org.apache.catalina.loader.WebappClassLoaderBase.clearReferencesThreads The web application [VM-Code] appears to have started a thread named [Okio Watchdog] but has failed to stop it. This is very likely to create a memory leak. Stack trace of thread:
 java.base@17.0.12/jdk.internal.misc.Unsafe.park(Native Method)
 java.base@17.0.12/java.util.concurrent.locks.LockSupport.parkNanos(LockSupport.java:252)
 java.base@17.0.12/java.util.concurrent.locks.AbstractQueuedSynchronizer$ConditionObject.await(AbstractQueuedSynchronizer.java:1757)
 okio.AsyncTimeout$Companion.awaitTimeout$okio(AsyncTimeout.kt:308)
 okio.AsyncTimeout$Watchdog.run(AsyncTimeout.kt:186)
21-Apr-2026 11:30:03.635 SEVERE [Thread-1] org.apache.catalina.loader.WebappClassLoaderBase.checkThreadLocalMapForLeaks The web application [VM-Code] created a ThreadLocal with key of type [java.lang.ThreadLocal.SuppliedThreadLocal] (value [java.lang.ThreadLocal$SuppliedThreadLocal@3be5f061]) and a value of type [net.logstash.logback.util.ThreadLocalHolder.Holder] (value [net.logstash.logback.util.ThreadLocalHolder$Holder@3ca58f82]) but failed to remove it when the web application was stopped. Threads are going to be renewed over time to try and avoid a probable memory leak.
21-Apr-2026 11:30:03.635 SEVERE [Thread-1] org.apache.catalina.loader.WebappClassLoaderBase.checkThreadLocalMapForLeaks The web application [VM-Code] created a ThreadLocal with key of type [java.lang.ThreadLocal.SuppliedThreadLocal] (value [java.lang.ThreadLocal$SuppliedThreadLocal@5a810332]) and a value of type [net.logstash.logback.util.ThreadLocalHolder.Holder] (value [net.logstash.logback.util.ThreadLocalHolder$Holder@425731b4]) but failed to remove it when the web application was stopped. Threads are going to be renewed over time to try and avoid a probable memory leak.
21-Apr-2026 11:30:03.635 SEVERE [Thread-1] org.apache.catalina.loader.WebappClassLoaderBase.checkThreadLocalMapForLeaks The web application [VM-Code] created a ThreadLocal with key of type [java.lang.ThreadLocal.SuppliedThreadLocal] (value [java.lang.ThreadLocal$SuppliedThreadLocal@3be5f061]) and a value of type [net.logstash.logback.util.ThreadLocalHolder.Holder] (value [net.logstash.logback.util.ThreadLocalHolder$Holder@5625a767]) but failed to remove it when the web application was stopped. Threads are going to be renewed over time to try and avoid a probable memory leak.
21-Apr-2026 11:30:03.635 SEVERE [Thread-1] org.apache.catalina.loader.WebappClassLoaderBase.checkThreadLocalMapForLeaks The web application [VM-Code] created a ThreadLocal with key of type [java.lang.ThreadLocal.SuppliedThreadLocal] (value [java.lang.ThreadLocal$SuppliedThreadLocal@5a810332]) and a value of type [net.logstash.logback.util.ThreadLocalHolder.Holder] (value [net.logstash.logback.util.ThreadLocalHolder$Holder@466cebbe]) but failed to remove it when the web application was stopped. Threads are going to be renewed over time to try and avoid a probable memory leak.
21-Apr-2026 11:30:03.635 SEVERE [Thread-1] org.apache.catalina.loader.WebappClassLoaderBase.checkThreadLocalMapForLeaks The web application [VM-Code] created a ThreadLocal with key of type [java.lang.ThreadLocal.SuppliedThreadLocal] (value [java.lang.ThreadLocal$SuppliedThreadLocal@3be5f061]) and a value of type [net.logstash.logback.util.ThreadLocalHolder.Holder] (value [net.logstash.logback.util.ThreadLocalHolder$Holder@1426f8d2]) but failed to remove it when the web application was stopped. Threads are going to be renewed over time to try and avoid a probable memory leak.
21-Apr-2026 11:30:03.636 SEVERE [Thread-1] org.apache.catalina.loader.WebappClassLoaderBase.checkThreadLocalMapForLeaks The web application [VM-Code] created a ThreadLocal with key of type [java.lang.ThreadLocal.SuppliedThreadLocal] (value [java.lang.ThreadLocal$SuppliedThreadLocal@5a810332]) and a value of type [net.logstash.logback.util.ThreadLocalHolder.Holder] (value [net.logstash.logback.util.ThreadLocalHolder$Holder@6f07b173]) but failed to remove it when the web application was stopped. Threads are going to be renewed over time to try and avoid a probable memory leak.
21-Apr-2026 11:30:03.636 SEVERE [Thread-1] org.apache.catalina.loader.WebappClassLoaderBase.checkThreadLocalMapForLeaks The web application [VM-Code] created a ThreadLocal with key of type [java.lang.ThreadLocal.SuppliedThreadLocal] (value [java.lang.ThreadLocal$SuppliedThreadLocal@3be5f061]) and a value of type [net.logstash.logback.util.ThreadLocalHolder.Holder] (value [net.logstash.logback.util.ThreadLocalHolder$Holder@14622d6b]) but failed to remove it when the web application was stopped. Threads are going to be renewed over time to try and avoid a probable memory leak.
21-Apr-2026 11:30:03.636 SEVERE [Thread-1] org.apache.catalina.loader.WebappClassLoaderBase.checkThreadLocalMapForLeaks The web application [VM-Code] created a ThreadLocal with key of type [java.lang.ThreadLocal.SuppliedThreadLocal] (value [java.lang.ThreadLocal$SuppliedThreadLocal@5a810332]) and a value of type [net.logstash.logback.util.ThreadLocalHolder.Holder] (value [net.logstash.logback.util.ThreadLocalHolder$Holder@35f21542]) but failed to remove it when the web application was stopped. Threads are going to be renewed over time to try and avoid a probable memory leak.
21-Apr-2026 11:30:03.636 SEVERE [Thread-1] org.apache.catalina.loader.WebappClassLoaderBase.checkThreadLocalMapForLeaks The web application [VM-Code] created a ThreadLocal with key of type [java.lang.ThreadLocal.SuppliedThreadLocal] (value [java.lang.ThreadLocal$SuppliedThreadLocal@3be5f061]) and a value of type [net.logstash.logback.util.ThreadLocalHolder.Holder] (value [net.logstash.logback.util.ThreadLocalHolder$Holder@16319b46]) but failed to remove it when the web application was stopped. Threads are going to be renewed over time to try and avoid a probable memory leak.
21-Apr-2026 11:30:03.636 SEVERE [Thread-1] org.apache.catalina.loader.WebappClassLoaderBase.checkThreadLocalMapForLeaks The web application [VM-Code] created a ThreadLocal with key of type [java.lang.ThreadLocal.SuppliedThreadLocal] (value [java.lang.ThreadLocal$SuppliedThreadLocal@5a810332]) and a value of type [net.logstash.logback.util.ThreadLocalHolder.Holder] (value [net.logstash.logback.util.ThreadLocalHolder$Holder@446f3cda]) but failed to remove it when the web application was stopped. Threads are going to be renewed over time to try and avoid a probable memory leak.
21-Apr-2026 11:30:03.636 SEVERE [Thread-1] org.apache.catalina.loader.WebappClassLoaderBase.checkThreadLocalMapForLeaks The web application [VM-Code] created a ThreadLocal with key of type [java.lang.ThreadLocal.SuppliedThreadLocal] (value [java.lang.ThreadLocal$SuppliedThreadLocal@3be5f061]) and a value of type [net.logstash.logback.util.ThreadLocalHolder.Holder] (value [net.logstash.logback.util.ThreadLocalHolder$Holder@7e6f515c]) but failed to remove it when the web application was stopped. Threads are going to be renewed over time to try and avoid a probable memory leak.
21-Apr-2026 11:30:03.637 SEVERE [Thread-1] org.apache.catalina.loader.WebappClassLoaderBase.checkThreadLocalMapForLeaks The web application [VM-Code] created a ThreadLocal with key of type [java.lang.ThreadLocal.SuppliedThreadLocal] (value [java.lang.ThreadLocal$SuppliedThreadLocal@5a810332]) and a value of type [net.logstash.logback.util.ThreadLocalHolder.Holder] (value [net.logstash.logback.util.ThreadLocalHolder$Holder@435b3ba7]) but failed to remove it when the web application was stopped. Threads are going to be renewed over time to try and avoid a probable memory leak.
21-Apr-2026 11:30:03.639 INFO [Thread-1] org.apache.coyote.AbstractProtocol.stop Stopping ProtocolHandler ["http-nio-8080"]
21-Apr-2026 11:30:03.658 INFO [Thread-1] org.apache.coyote.AbstractProtocol.destroy Destroying ProtocolHandler ["http-nio-8080"]
21-Apr-2026 12:29:11.277 INFO [main] org.apache.catalina.startup.VersionLoggerListener.log Server version name:   Apache Tomcat/9.0.116
21-Apr-2026 12:29:11.286 INFO [main] org.apache.catalina.startup.VersionLoggerListener.log Server built:          Mar 16 2026 15:05:42 UTC
21-Apr-2026 12:29:11.287 INFO [main] org.apache.catalina.startup.VersionLoggerListener.log Server version number: 9.0.116.0
21-Apr-2026 12:29:11.288 INFO [main] org.apache.catalina.startup.VersionLoggerListener.log OS Name:               Windows 11
21-Apr-2026 12:29:11.288 INFO [main] org.apache.catalina.startup.VersionLoggerListener.log OS Version:            10.0
21-Apr-2026 12:29:11.288 INFO [main] org.apache.catalina.startup.VersionLoggerListener.log Architecture:          amd64
21-Apr-2026 12:29:11.288 INFO [main] org.apache.catalina.startup.VersionLoggerListener.log Java Home:             C:\Program Files\Java\jdk-17
21-Apr-2026 12:29:11.288 INFO [main] org.apache.catalina.startup.VersionLoggerListener.log JVM Version:           17.0.12+8-LTS-286
21-Apr-2026 12:29:11.289 INFO [main] org.apache.catalina.startup.VersionLoggerListener.log JVM Vendor:            Oracle Corporation
21-Apr-2026 12:29:11.289 INFO [main] org.apache.catalina.startup.VersionLoggerListener.log CATALINA_BASE:         C:\Users\bvign\IdeaProjects\VM-Code
21-Apr-2026 12:29:11.289 INFO [main] org.apache.catalina.startup.VersionLoggerListener.log CATALINA_HOME:         C:\Users\bvign\Downloads\apache-tomcat-9.0.116
21-Apr-2026 12:29:11.305 INFO [main] org.apache.catalina.startup.VersionLoggerListener.log Command line argument: --add-opens=java.base/java.lang=ALL-UNNAMED
21-Apr-2026 12:29:11.305 INFO [main] org.apache.catalina.startup.VersionLoggerListener.log Command line argument: --add-opens=java.base/java.io=ALL-UNNAMED
21-Apr-2026 12:29:11.306 INFO [main] org.apache.catalina.startup.VersionLoggerListener.log Command line argument: --add-opens=java.base/java.util=ALL-UNNAMED
21-Apr-2026 12:29:11.306 INFO [main] org.apache.catalina.startup.VersionLoggerListener.log Command line argument: --add-opens=java.base/java.util.concurrent=ALL-UNNAMED
21-Apr-2026 12:29:11.306 INFO [main] org.apache.catalina.startup.VersionLoggerListener.log Command line argument: --add-opens=java.rmi/sun.rmi.transport=ALL-UNNAMED
21-Apr-2026 12:29:11.306 INFO [main] org.apache.catalina.startup.VersionLoggerListener.log Command line argument: -Dcatalina.home=C:\Users\bvign\Downloads\apache-tomcat-9.0.116
21-Apr-2026 12:29:11.306 INFO [main] org.apache.catalina.startup.VersionLoggerListener.log Command line argument: -Dcatalina.base=C:\Users\bvign\IdeaProjects\VM-Code
21-Apr-2026 12:29:11.306 INFO [main] org.apache.catalina.startup.VersionLoggerListener.log Command line argument: -Djava.io.tmpdir=C:\Users\bvign\IdeaProjects\VM-Code\temp
21-Apr-2026 12:29:11.306 INFO [main] org.apache.catalina.startup.VersionLoggerListener.log Command line argument: -Djava.util.logging.config.file=C:\Users\bvign\IdeaProjects\VM-Code\conf\logging.properties
21-Apr-2026 12:29:11.306 INFO [main] org.apache.catalina.startup.VersionLoggerListener.log Command line argument: -Djava.util.logging.manager=org.apache.juli.ClassLoaderLogManager
21-Apr-2026 12:29:11.306 INFO [main] org.apache.catalina.startup.VersionLoggerListener.log Command line argument: -javaagent:C:\Program Files\JetBrains\IntelliJ IDEA Community Edition 2025.1.3\lib\idea_rt.jar=57907
21-Apr-2026 12:29:11.306 INFO [main] org.apache.catalina.startup.VersionLoggerListener.log Command line argument: -Dfile.encoding=UTF-8
21-Apr-2026 12:29:11.317 INFO [main] org.apache.catalina.core.AprLifecycleListener.lifecycleEvent The Apache Tomcat Native library which allows using OpenSSL was not found on the java.library.path: [C:\Program Files\Java\jdk-17\bin;C:\WINDOWS\Sun\Java\bin;C:\WINDOWS\system32;C:\WINDOWS;C:\Program Files\Common Files\Oracle\Java\javapath;C:\Windows\system32;C:\Windows;C:\Windows\System32\Wbem;C:\Windows\System32\WindowsPowerShell\v1.0\;C:\Windows\System32\OpenSSH\;C:\Program Files\Git\cmd;C:\WINDOWS\system32;C:\WINDOWS;C:\WINDOWS\System32\Wbem;C:\WINDOWS\System32\WindowsPowerShell\v1.0\;C:\WINDOWS\System32\OpenSSH\;C:\Program Files\MySQL\MySQL Server 8.0_1\bin;C:\Program Files\nodejs\;C:\ProgramData\chocolatey\bin;C:\Program Files (x86)\NVIDIA Corporation\PhysX\Common;C:\Program Files\maven-mvnd-1.0.2-windows-amd64\maven-mvnd-1.0.2-windows-amd64\bin;C:\Program Files\Java\jdk-17\bin;C:\Program Files\apache-maven-3.9.11\bin;C:\Program Files\GitHub CLI\;C:\Program Files\Docker\Docker\resources\bin;C:\Users\bvign\AppData\Local\Programs\Python\Python313\Scripts\;C:\Users\bvign\AppData\Local\Programs\Python\Python313\;C:\Users\bvign\AppData\Local\Programs\Python\Launcher\;C:\Program Files\MySQL\MySQL Shell 8.0\bin\;C:\Users\bvign\AppData\Local\Microsoft\WindowsApps;C:\Program Files\JetBrains\IntelliJ IDEA Community Edition 2024.2.3\bin;;C:\Users\bvign\AppData\Roaming\npm;C:\Users\bvign\AppData\Local\Programs\Microsoft VS Code\bin;C:\Users\bvign\AppData\Local\Programs\Antigravity\bin;C:\Program Files\\Elastic\Beats\9.3.2\filebeat;.]
21-Apr-2026 12:29:11.662 INFO [main] org.apache.coyote.AbstractProtocol.init Initializing ProtocolHandler ["http-nio-8080"]
21-Apr-2026 12:29:11.682 INFO [main] org.apache.catalina.startup.Catalina.load Server initialization in [632] milliseconds
21-Apr-2026 12:29:11.736 INFO [main] org.apache.catalina.core.StandardService.startInternal Starting service [Catalina]
21-Apr-2026 12:29:11.737 INFO [main] org.apache.catalina.core.StandardEngine.startInternal Starting Servlet engine: [Apache Tomcat/9.0.116]
21-Apr-2026 12:29:11.748 INFO [main] org.apache.catalina.startup.HostConfig.deployDescriptor Deploying deployment descriptor [C:\Users\bvign\IdeaProjects\VM-Code\conf\Catalina\localhost\VM-Code.xml]
21-Apr-2026 12:29:15.247 INFO [main] org.apache.jasper.servlet.TldScanner.scanJars At least one JAR was scanned for TLDs yet contained no TLDs. Enable debug logging for this logger for a complete list of JARs that were scanned but no TLDs were found in them. Skipping unneeded JARs during scanning can improve startup time and JSP compilation time.
21-Apr-2026 12:29:20.974 INFO [main] org.apache.catalina.startup.HostConfig.deployDescriptor Deployment of deployment descriptor [C:\Users\bvign\IdeaProjects\VM-Code\conf\Catalina\localhost\VM-Code.xml] has finished in [9,226] ms
21-Apr-2026 12:29:20.980 INFO [main] org.apache.coyote.AbstractProtocol.start Starting ProtocolHandler ["http-nio-8080"]
21-Apr-2026 12:29:20.999 INFO [main] org.apache.catalina.startup.Catalina.start Server startup in [9315] milliseconds
21-Apr-2026 12:35:21.898 INFO [Thread-1] org.apache.coyote.AbstractProtocol.pause Pausing ProtocolHandler ["http-nio-8080"]
21-Apr-2026 12:35:22.030 INFO [Thread-1] org.apache.catalina.core.StandardService.stopInternal Stopping service [Catalina]
21-Apr-2026 12:35:22.046 WARNING [Thread-1] org.apache.catalina.loader.WebappClassLoaderBase.clearReferencesJdbc The web application [VM-Code] registered the JDBC driver [com.mysql.cj.jdbc.Driver] but failed to unregister it when the web application was stopped. To prevent a memory leak, the JDBC Driver has been forcibly unregistered.
21-Apr-2026 12:35:22.047 WARNING [Thread-1] org.apache.catalina.loader.WebappClassLoaderBase.clearReferencesThreads The web application [VM-Code] appears to have started a thread named [mysql-cj-abandoned-connection-cleanup] but has failed to stop it. This is very likely to create a memory leak. Stack trace of thread:
 java.base@17.0.12/java.lang.Object.wait(Native Method)
 java.base@17.0.12/java.lang.ref.ReferenceQueue.remove(ReferenceQueue.java:155)
 com.mysql.cj.jdbc.AbandonedConnectionCleanupThread.run(AbandonedConnectionCleanupThread.java:93)
 java.base@17.0.12/java.util.concurrent.ThreadPoolExecutor.runWorker(ThreadPoolExecutor.java:1136)
 java.base@17.0.12/java.util.concurrent.ThreadPoolExecutor$Worker.run(ThreadPoolExecutor.java:635)
 java.base@17.0.12/java.lang.Thread.run(Thread.java:842)
21-Apr-2026 12:35:22.048 SEVERE [Thread-1] org.apache.catalina.loader.WebappClassLoaderBase.checkThreadLocalMapForLeaks The web application [VM-Code] created a ThreadLocal with key of type [java.lang.ThreadLocal.SuppliedThreadLocal] (value [java.lang.ThreadLocal$SuppliedThreadLocal@30adb4f9]) and a value of type [net.logstash.logback.util.ThreadLocalHolder.Holder] (value [net.logstash.logback.util.ThreadLocalHolder$Holder@7f59b686]) but failed to remove it when the web application was stopped. Threads are going to be renewed over time to try and avoid a probable memory leak.
21-Apr-2026 12:35:22.048 SEVERE [Thread-1] org.apache.catalina.loader.WebappClassLoaderBase.checkThreadLocalMapForLeaks The web application [VM-Code] created a ThreadLocal with key of type [java.lang.ThreadLocal.SuppliedThreadLocal] (value [java.lang.ThreadLocal$SuppliedThreadLocal@6641be56]) and a value of type [net.logstash.logback.util.ThreadLocalHolder.Holder] (value [net.logstash.logback.util.ThreadLocalHolder$Holder@1ec2d155]) but failed to remove it when the web application was stopped. Threads are going to be renewed over time to try and avoid a probable memory leak.
21-Apr-2026 12:35:22.049 SEVERE [Thread-1] org.apache.catalina.loader.WebappClassLoaderBase.checkThreadLocalMapForLeaks The web application [VM-Code] created a ThreadLocal with key of type [java.lang.ThreadLocal.SuppliedThreadLocal] (value [java.lang.ThreadLocal$SuppliedThreadLocal@30adb4f9]) and a value of type [net.logstash.logback.util.ThreadLocalHolder.Holder] (value [net.logstash.logback.util.ThreadLocalHolder$Holder@4315b408]) but failed to remove it when the web application was stopped. Threads are going to be renewed over time to try and avoid a probable memory leak.
21-Apr-2026 12:35:22.049 SEVERE [Thread-1] org.apache.catalina.loader.WebappClassLoaderBase.checkThreadLocalMapForLeaks The web application [VM-Code] created a ThreadLocal with key of type [java.lang.ThreadLocal.SuppliedThreadLocal] (value [java.lang.ThreadLocal$SuppliedThreadLocal@6641be56]) and a value of type [net.logstash.logback.util.ThreadLocalHolder.Holder] (value [net.logstash.logback.util.ThreadLocalHolder$Holder@71cad76a]) but failed to remove it when the web application was stopped. Threads are going to be renewed over time to try and avoid a probable memory leak.
21-Apr-2026 12:35:22.050 SEVERE [Thread-1] org.apache.catalina.loader.WebappClassLoaderBase.checkThreadLocalMapForLeaks The web application [VM-Code] created a ThreadLocal with key of type [java.lang.ThreadLocal.SuppliedThreadLocal] (value [java.lang.ThreadLocal$SuppliedThreadLocal@30adb4f9]) and a value of type [net.logstash.logback.util.ThreadLocalHolder.Holder] (value [net.logstash.logback.util.ThreadLocalHolder$Holder@1a92640b]) but failed to remove it when the web application was stopped. Threads are going to be renewed over time to try and avoid a probable memory leak.
21-Apr-2026 12:35:22.050 SEVERE [Thread-1] org.apache.catalina.loader.WebappClassLoaderBase.checkThreadLocalMapForLeaks The web application [VM-Code] created a ThreadLocal with key of type [java.lang.ThreadLocal.SuppliedThreadLocal] (value [java.lang.ThreadLocal$SuppliedThreadLocal@6641be56]) and a value of type [net.logstash.logback.util.ThreadLocalHolder.Holder] (value [net.logstash.logback.util.ThreadLocalHolder$Holder@12524675]) but failed to remove it when the web application was stopped. Threads are going to be renewed over time to try and avoid a probable memory leak.
21-Apr-2026 12:35:22.050 SEVERE [Thread-1] org.apache.catalina.loader.WebappClassLoaderBase.checkThreadLocalMapForLeaks The web application [VM-Code] created a ThreadLocal with key of type [java.lang.ThreadLocal.SuppliedThreadLocal] (value [java.lang.ThreadLocal$SuppliedThreadLocal@30adb4f9]) and a value of type [net.logstash.logback.util.ThreadLocalHolder.Holder] (value [net.logstash.logback.util.ThreadLocalHolder$Holder@7c0905c3]) but failed to remove it when the web application was stopped. Threads are going to be renewed over time to try and avoid a probable memory leak.
21-Apr-2026 12:35:22.051 SEVERE [Thread-1] org.apache.catalina.loader.WebappClassLoaderBase.checkThreadLocalMapForLeaks The web application [VM-Code] created a ThreadLocal with key of type [java.lang.ThreadLocal.SuppliedThreadLocal] (value [java.lang.ThreadLocal$SuppliedThreadLocal@6641be56]) and a value of type [net.logstash.logback.util.ThreadLocalHolder.Holder] (value [net.logstash.logback.util.ThreadLocalHolder$Holder@5b5fecaf]) but failed to remove it when the web application was stopped. Threads are going to be renewed over time to try and avoid a probable memory leak.
21-Apr-2026 12:35:22.051 SEVERE [Thread-1] org.apache.catalina.loader.WebappClassLoaderBase.checkThreadLocalMapForLeaks The web application [VM-Code] created a ThreadLocal with key of type [java.lang.ThreadLocal.SuppliedThreadLocal] (value [java.lang.ThreadLocal$SuppliedThreadLocal@30adb4f9]) and a value of type [net.logstash.logback.util.ThreadLocalHolder.Holder] (value [net.logstash.logback.util.ThreadLocalHolder$Holder@52e479f3]) but failed to remove it when the web application was stopped. Threads are going to be renewed over time to try and avoid a probable memory leak.
21-Apr-2026 12:35:22.051 SEVERE [Thread-1] org.apache.catalina.loader.WebappClassLoaderBase.checkThreadLocalMapForLeaks The web application [VM-Code] created a ThreadLocal with key of type [java.lang.ThreadLocal.SuppliedThreadLocal] (value [java.lang.ThreadLocal$SuppliedThreadLocal@6641be56]) and a value of type [net.logstash.logback.util.ThreadLocalHolder.Holder] (value [net.logstash.logback.util.ThreadLocalHolder$Holder@5205ec34]) but failed to remove it when the web application was stopped. Threads are going to be renewed over time to try and avoid a probable memory leak.
21-Apr-2026 12:35:22.059 INFO [Thread-1] org.apache.coyote.AbstractProtocol.stop Stopping ProtocolHandler ["http-nio-8080"]
21-Apr-2026 12:35:22.065 INFO [Thread-1] org.apache.coyote.AbstractProtocol.destroy Destroying ProtocolHandler ["http-nio-8080"]
21-Apr-2026 13:05:50.700 INFO [main] org.apache.catalina.startup.VersionLoggerListener.log Server version name:   Apache Tomcat/9.0.116
21-Apr-2026 13:05:50.711 INFO [main] org.apache.catalina.startup.VersionLoggerListener.log Server built:          Mar 16 2026 15:05:42 UTC
21-Apr-2026 13:05:50.712 INFO [main] org.apache.catalina.startup.VersionLoggerListener.log Server version number: 9.0.116.0
21-Apr-2026 13:05:50.712 INFO [main] org.apache.catalina.startup.VersionLoggerListener.log OS Name:               Windows 11
21-Apr-2026 13:05:50.713 INFO [main] org.apache.catalina.startup.VersionLoggerListener.log OS Version:            10.0
21-Apr-2026 13:05:50.713 INFO [main] org.apache.catalina.startup.VersionLoggerListener.log Architecture:          amd64
21-Apr-2026 13:05:50.713 INFO [main] org.apache.catalina.startup.VersionLoggerListener.log Java Home:             C:\Program Files\Java\jdk-17
21-Apr-2026 13:05:50.713 INFO [main] org.apache.catalina.startup.VersionLoggerListener.log JVM Version:           17.0.12+8-LTS-286
21-Apr-2026 13:05:50.713 INFO [main] org.apache.catalina.startup.VersionLoggerListener.log JVM Vendor:            Oracle Corporation
21-Apr-2026 13:05:50.713 INFO [main] org.apache.catalina.startup.VersionLoggerListener.log CATALINA_BASE:         C:\Users\bvign\IdeaProjects\VM-Code
21-Apr-2026 13:05:50.713 INFO [main] org.apache.catalina.startup.VersionLoggerListener.log CATALINA_HOME:         C:\Users\bvign\Downloads\apache-tomcat-9.0.116
21-Apr-2026 13:05:50.732 INFO [main] org.apache.catalina.startup.VersionLoggerListener.log Command line argument: --add-opens=java.base/java.lang=ALL-UNNAMED
21-Apr-2026 13:05:50.732 INFO [main] org.apache.catalina.startup.VersionLoggerListener.log Command line argument: --add-opens=java.base/java.io=ALL-UNNAMED
21-Apr-2026 13:05:50.733 INFO [main] org.apache.catalina.startup.VersionLoggerListener.log Command line argument: --add-opens=java.base/java.util=ALL-UNNAMED
21-Apr-2026 13:05:50.733 INFO [main] org.apache.catalina.startup.VersionLoggerListener.log Command line argument: --add-opens=java.base/java.util.concurrent=ALL-UNNAMED
21-Apr-2026 13:05:50.733 INFO [main] org.apache.catalina.startup.VersionLoggerListener.log Command line argument: --add-opens=java.rmi/sun.rmi.transport=ALL-UNNAMED
21-Apr-2026 13:05:50.734 INFO [main] org.apache.catalina.startup.VersionLoggerListener.log Command line argument: -Dcatalina.home=C:\Users\bvign\Downloads\apache-tomcat-9.0.116
21-Apr-2026 13:05:50.734 INFO [main] org.apache.catalina.startup.VersionLoggerListener.log Command line argument: -Dcatalina.base=C:\Users\bvign\IdeaProjects\VM-Code
21-Apr-2026 13:05:50.735 INFO [main] org.apache.catalina.startup.VersionLoggerListener.log Command line argument: -Djava.io.tmpdir=C:\Users\bvign\IdeaProjects\VM-Code\temp
21-Apr-2026 13:05:50.735 INFO [main] org.apache.catalina.startup.VersionLoggerListener.log Command line argument: -Djava.util.logging.config.file=C:\Users\bvign\IdeaProjects\VM-Code\conf\logging.properties
21-Apr-2026 13:05:50.735 INFO [main] org.apache.catalina.startup.VersionLoggerListener.log Command line argument: -Djava.util.logging.manager=org.apache.juli.ClassLoaderLogManager
21-Apr-2026 13:05:50.736 INFO [main] org.apache.catalina.startup.VersionLoggerListener.log Command line argument: -javaagent:C:\Program Files\JetBrains\IntelliJ IDEA Community Edition 2025.1.3\lib\idea_rt.jar=51186
21-Apr-2026 13:05:50.736 INFO [main] org.apache.catalina.startup.VersionLoggerListener.log Command line argument: -Dfile.encoding=UTF-8
21-Apr-2026 13:05:50.751 INFO [main] org.apache.catalina.core.AprLifecycleListener.lifecycleEvent The Apache Tomcat Native library which allows using OpenSSL was not found on the java.library.path: [C:\Program Files\Java\jdk-17\bin;C:\WINDOWS\Sun\Java\bin;C:\WINDOWS\system32;C:\WINDOWS;C:\Program Files\Common Files\Oracle\Java\javapath;C:\Windows\system32;C:\Windows;C:\Windows\System32\Wbem;C:\Windows\System32\WindowsPowerShell\v1.0\;C:\Windows\System32\OpenSSH\;C:\Program Files\Git\cmd;C:\WINDOWS\system32;C:\WINDOWS;C:\WINDOWS\System32\Wbem;C:\WINDOWS\System32\WindowsPowerShell\v1.0\;C:\WINDOWS\System32\OpenSSH\;C:\Program Files\MySQL\MySQL Server 8.0_1\bin;C:\Program Files\nodejs\;C:\ProgramData\chocolatey\bin;C:\Program Files (x86)\NVIDIA Corporation\PhysX\Common;C:\Program Files\maven-mvnd-1.0.2-windows-amd64\maven-mvnd-1.0.2-windows-amd64\bin;C:\Program Files\Java\jdk-17\bin;C:\Program Files\apache-maven-3.9.11\bin;C:\Program Files\GitHub CLI\;C:\Program Files\Docker\Docker\resources\bin;C:\Users\bvign\AppData\Local\Programs\Python\Python313\Scripts\;C:\Users\bvign\AppData\Local\Programs\Python\Python313\;C:\Users\bvign\AppData\Local\Programs\Python\Launcher\;C:\Program Files\MySQL\MySQL Shell 8.0\bin\;C:\Users\bvign\AppData\Local\Microsoft\WindowsApps;C:\Program Files\JetBrains\IntelliJ IDEA Community Edition 2024.2.3\bin;;C:\Users\bvign\AppData\Roaming\npm;C:\Users\bvign\AppData\Local\Programs\Microsoft VS Code\bin;C:\Users\bvign\AppData\Local\Programs\Antigravity\bin;C:\Program Files\\Elastic\Beats\9.3.2\filebeat;.]
21-Apr-2026 13:05:51.123 INFO [main] org.apache.coyote.AbstractProtocol.init Initializing ProtocolHandler ["http-nio-8080"]
21-Apr-2026 13:05:51.144 INFO [main] org.apache.catalina.startup.Catalina.load Server initialization in [710] milliseconds
21-Apr-2026 13:05:51.214 INFO [main] org.apache.catalina.core.StandardService.startInternal Starting service [Catalina]
21-Apr-2026 13:05:51.214 INFO [main] org.apache.catalina.core.StandardEngine.startInternal Starting Servlet engine: [Apache Tomcat/9.0.116]
21-Apr-2026 13:05:51.225 INFO [main] org.apache.catalina.startup.HostConfig.deployDescriptor Deploying deployment descriptor [C:\Users\bvign\IdeaProjects\VM-Code\conf\Catalina\localhost\VM-Code.xml]
21-Apr-2026 13:05:56.229 INFO [main] org.apache.jasper.servlet.TldScanner.scanJars At least one JAR was scanned for TLDs yet contained no TLDs. Enable debug logging for this logger for a complete list of JARs that were scanned but no TLDs were found in them. Skipping unneeded JARs during scanning can improve startup time and JSP compilation time.
21-Apr-2026 13:06:05.204 INFO [main] org.apache.catalina.startup.HostConfig.deployDescriptor Deployment of deployment descriptor [C:\Users\bvign\IdeaProjects\VM-Code\conf\Catalina\localhost\VM-Code.xml] has finished in [13,978] ms
21-Apr-2026 13:06:05.210 INFO [main] org.apache.coyote.AbstractProtocol.start Starting ProtocolHandler ["http-nio-8080"]
21-Apr-2026 13:06:05.231 INFO [main] org.apache.catalina.startup.Catalina.start Server startup in [14086] milliseconds
21-Apr-2026 13:27:22.095 INFO [Thread-1] org.apache.coyote.AbstractProtocol.pause Pausing ProtocolHandler ["http-nio-8080"]
21-Apr-2026 13:27:22.197 INFO [Thread-1] org.apache.catalina.core.StandardService.stopInternal Stopping service [Catalina]
21-Apr-2026 13:27:22.206 WARNING [Thread-1] org.apache.catalina.loader.WebappClassLoaderBase.clearReferencesJdbc The web application [VM-Code] registered the JDBC driver [com.mysql.cj.jdbc.Driver] but failed to unregister it when the web application was stopped. To prevent a memory leak, the JDBC Driver has been forcibly unregistered.
21-Apr-2026 13:27:22.207 WARNING [Thread-1] org.apache.catalina.loader.WebappClassLoaderBase.clearReferencesThreads The web application [VM-Code] appears to have started a thread named [mysql-cj-abandoned-connection-cleanup] but has failed to stop it. This is very likely to create a memory leak. Stack trace of thread:
 java.base@17.0.12/java.lang.Object.wait(Native Method)
 java.base@17.0.12/java.lang.ref.ReferenceQueue.remove(ReferenceQueue.java:155)
 com.mysql.cj.jdbc.AbandonedConnectionCleanupThread.run(AbandonedConnectionCleanupThread.java:93)
 java.base@17.0.12/java.util.concurrent.ThreadPoolExecutor.runWorker(ThreadPoolExecutor.java:1136)
 java.base@17.0.12/java.util.concurrent.ThreadPoolExecutor$Worker.run(ThreadPoolExecutor.java:635)
 java.base@17.0.12/java.lang.Thread.run(Thread.java:842)
21-Apr-2026 13:27:22.207 SEVERE [Thread-1] org.apache.catalina.loader.WebappClassLoaderBase.checkThreadLocalMapForLeaks The web application [VM-Code] created a ThreadLocal with key of type [java.lang.ThreadLocal.SuppliedThreadLocal] (value [java.lang.ThreadLocal$SuppliedThreadLocal@7e6dd24e]) and a value of type [net.logstash.logback.util.ThreadLocalHolder.Holder] (value [net.logstash.logback.util.ThreadLocalHolder$Holder@2fdd0b95]) but failed to remove it when the web application was stopped. Threads are going to be renewed over time to try and avoid a probable memory leak.
21-Apr-2026 13:27:22.207 SEVERE [Thread-1] org.apache.catalina.loader.WebappClassLoaderBase.checkThreadLocalMapForLeaks The web application [VM-Code] created a ThreadLocal with key of type [java.lang.ThreadLocal.SuppliedThreadLocal] (value [java.lang.ThreadLocal$SuppliedThreadLocal@5fdfb941]) and a value of type [net.logstash.logback.util.ThreadLocalHolder.Holder] (value [net.logstash.logback.util.ThreadLocalHolder$Holder@1e38e46e]) but failed to remove it when the web application was stopped. Threads are going to be renewed over time to try and avoid a probable memory leak.
21-Apr-2026 13:27:22.208 SEVERE [Thread-1] org.apache.catalina.loader.WebappClassLoaderBase.checkThreadLocalMapForLeaks The web application [VM-Code] created a ThreadLocal with key of type [java.lang.ThreadLocal.SuppliedThreadLocal] (value [java.lang.ThreadLocal$SuppliedThreadLocal@7e6dd24e]) and a value of type [net.logstash.logback.util.ThreadLocalHolder.Holder] (value [net.logstash.logback.util.ThreadLocalHolder$Holder@e57ba45]) but failed to remove it when the web application was stopped. Threads are going to be renewed over time to try and avoid a probable memory leak.
21-Apr-2026 13:27:22.208 SEVERE [Thread-1] org.apache.catalina.loader.WebappClassLoaderBase.checkThreadLocalMapForLeaks The web application [VM-Code] created a ThreadLocal with key of type [java.lang.ThreadLocal.SuppliedThreadLocal] (value [java.lang.ThreadLocal$SuppliedThreadLocal@5fdfb941]) and a value of type [net.logstash.logback.util.ThreadLocalHolder.Holder] (value [net.logstash.logback.util.ThreadLocalHolder$Holder@491189b9]) but failed to remove it when the web application was stopped. Threads are going to be renewed over time to try and avoid a probable memory leak.
21-Apr-2026 13:27:22.208 SEVERE [Thread-1] org.apache.catalina.loader.WebappClassLoaderBase.checkThreadLocalMapForLeaks The web application [VM-Code] created a ThreadLocal with key of type [java.lang.ThreadLocal.SuppliedThreadLocal] (value [java.lang.ThreadLocal$SuppliedThreadLocal@7e6dd24e]) and a value of type [net.logstash.logback.util.ThreadLocalHolder.Holder] (value [net.logstash.logback.util.ThreadLocalHolder$Holder@6b26246b]) but failed to remove it when the web application was stopped. Threads are going to be renewed over time to try and avoid a probable memory leak.
21-Apr-2026 13:27:22.208 SEVERE [Thread-1] org.apache.catalina.loader.WebappClassLoaderBase.checkThreadLocalMapForLeaks The web application [VM-Code] created a ThreadLocal with key of type [java.lang.ThreadLocal.SuppliedThreadLocal] (value [java.lang.ThreadLocal$SuppliedThreadLocal@5fdfb941]) and a value of type [net.logstash.logback.util.ThreadLocalHolder.Holder] (value [net.logstash.logback.util.ThreadLocalHolder$Holder@32e4a6f5]) but failed to remove it when the web application was stopped. Threads are going to be renewed over time to try and avoid a probable memory leak.
21-Apr-2026 13:27:22.209 SEVERE [Thread-1] org.apache.catalina.loader.WebappClassLoaderBase.checkThreadLocalMapForLeaks The web application [VM-Code] created a ThreadLocal with key of type [java.lang.ThreadLocal.SuppliedThreadLocal] (value [java.lang.ThreadLocal$SuppliedThreadLocal@7e6dd24e]) and a value of type [net.logstash.logback.util.ThreadLocalHolder.Holder] (value [net.logstash.logback.util.ThreadLocalHolder$Holder@152a77e]) but failed to remove it when the web application was stopped. Threads are going to be renewed over time to try and avoid a probable memory leak.
21-Apr-2026 13:27:22.209 SEVERE [Thread-1] org.apache.catalina.loader.WebappClassLoaderBase.checkThreadLocalMapForLeaks The web application [VM-Code] created a ThreadLocal with key of type [java.lang.ThreadLocal.SuppliedThreadLocal] (value [java.lang.ThreadLocal$SuppliedThreadLocal@5fdfb941]) and a value of type [net.logstash.logback.util.ThreadLocalHolder.Holder] (value [net.logstash.logback.util.ThreadLocalHolder$Holder@44cbaaac]) but failed to remove it when the web application was stopped. Threads are going to be renewed over time to try and avoid a probable memory leak.
21-Apr-2026 13:27:22.212 INFO [Thread-1] org.apache.coyote.AbstractProtocol.stop Stopping ProtocolHandler ["http-nio-8080"]
21-Apr-2026 13:27:22.221 INFO [Thread-1] org.apache.coyote.AbstractProtocol.destroy Destroying ProtocolHandler ["http-nio-8080"]
21-Apr-2026 15:28:48.350 INFO [main] org.apache.catalina.startup.VersionLoggerListener.log Server version name:   Apache Tomcat/9.0.116
21-Apr-2026 15:28:48.353 INFO [main] org.apache.catalina.startup.VersionLoggerListener.log Server built:          Mar 16 2026 15:05:42 UTC
21-Apr-2026 15:28:48.353 INFO [main] org.apache.catalina.startup.VersionLoggerListener.log Server version number: 9.0.116.0
21-Apr-2026 15:28:48.353 INFO [main] org.apache.catalina.startup.VersionLoggerListener.log OS Name:               Windows 11
21-Apr-2026 15:28:48.354 INFO [main] org.apache.catalina.startup.VersionLoggerListener.log OS Version:            10.0
21-Apr-2026 15:28:48.354 INFO [main] org.apache.catalina.startup.VersionLoggerListener.log Architecture:          amd64
21-Apr-2026 15:28:48.354 INFO [main] org.apache.catalina.startup.VersionLoggerListener.log Java Home:             C:\Program Files\Java\jdk-17
21-Apr-2026 15:28:48.354 INFO [main] org.apache.catalina.startup.VersionLoggerListener.log JVM Version:           17.0.12+8-LTS-286
21-Apr-2026 15:28:48.354 INFO [main] org.apache.catalina.startup.VersionLoggerListener.log JVM Vendor:            Oracle Corporation
21-Apr-2026 15:28:48.354 INFO [main] org.apache.catalina.startup.VersionLoggerListener.log CATALINA_BASE:         C:\Users\bvign\IdeaProjects\VM-Code
21-Apr-2026 15:28:48.354 INFO [main] org.apache.catalina.startup.VersionLoggerListener.log CATALINA_HOME:         C:\Users\bvign\Downloads\apache-tomcat-9.0.116
21-Apr-2026 15:28:48.362 INFO [main] org.apache.catalina.startup.VersionLoggerListener.log Command line argument: --add-opens=java.base/java.lang=ALL-UNNAMED
21-Apr-2026 15:28:48.362 INFO [main] org.apache.catalina.startup.VersionLoggerListener.log Command line argument: --add-opens=java.base/java.io=ALL-UNNAMED
21-Apr-2026 15:28:48.362 INFO [main] org.apache.catalina.startup.VersionLoggerListener.log Command line argument: --add-opens=java.base/java.util=ALL-UNNAMED
21-Apr-2026 15:28:48.363 INFO [main] org.apache.catalina.startup.VersionLoggerListener.log Command line argument: --add-opens=java.base/java.util.concurrent=ALL-UNNAMED
21-Apr-2026 15:28:48.363 INFO [main] org.apache.catalina.startup.VersionLoggerListener.log Command line argument: --add-opens=java.rmi/sun.rmi.transport=ALL-UNNAMED
21-Apr-2026 15:28:48.363 INFO [main] org.apache.catalina.startup.VersionLoggerListener.log Command line argument: -Dcatalina.home=C:\Users\bvign\Downloads\apache-tomcat-9.0.116
21-Apr-2026 15:28:48.363 INFO [main] org.apache.catalina.startup.VersionLoggerListener.log Command line argument: -Dcatalina.base=C:\Users\bvign\IdeaProjects\VM-Code
21-Apr-2026 15:28:48.363 INFO [main] org.apache.catalina.startup.VersionLoggerListener.log Command line argument: -Djava.io.tmpdir=C:\Users\bvign\IdeaProjects\VM-Code\temp
21-Apr-2026 15:28:48.363 INFO [main] org.apache.catalina.startup.VersionLoggerListener.log Command line argument: -Djava.util.logging.config.file=C:\Users\bvign\IdeaProjects\VM-Code\conf\logging.properties
21-Apr-2026 15:28:48.363 INFO [main] org.apache.catalina.startup.VersionLoggerListener.log Command line argument: -Djava.util.logging.manager=org.apache.juli.ClassLoaderLogManager
21-Apr-2026 15:28:48.363 INFO [main] org.apache.catalina.startup.VersionLoggerListener.log Command line argument: -javaagent:C:\Program Files\JetBrains\IntelliJ IDEA Community Edition 2025.1.3\lib\idea_rt.jar=53762
21-Apr-2026 15:28:48.364 INFO [main] org.apache.catalina.startup.VersionLoggerListener.log Command line argument: -Dfile.encoding=UTF-8
21-Apr-2026 15:28:48.372 INFO [main] org.apache.catalina.core.AprLifecycleListener.lifecycleEvent The Apache Tomcat Native library which allows using OpenSSL was not found on the java.library.path: [C:\Program Files\Java\jdk-17\bin;C:\WINDOWS\Sun\Java\bin;C:\WINDOWS\system32;C:\WINDOWS;C:\Program Files\Common Files\Oracle\Java\javapath;C:\Windows\system32;C:\Windows;C:\Windows\System32\Wbem;C:\Windows\System32\WindowsPowerShell\v1.0\;C:\Windows\System32\OpenSSH\;C:\Program Files\Git\cmd;C:\WINDOWS\system32;C:\WINDOWS;C:\WINDOWS\System32\Wbem;C:\WINDOWS\System32\WindowsPowerShell\v1.0\;C:\WINDOWS\System32\OpenSSH\;C:\Program Files\MySQL\MySQL Server 8.0_1\bin;C:\Program Files\nodejs\;C:\ProgramData\chocolatey\bin;C:\Program Files (x86)\NVIDIA Corporation\PhysX\Common;C:\Program Files\maven-mvnd-1.0.2-windows-amd64\maven-mvnd-1.0.2-windows-amd64\bin;C:\Program Files\Java\jdk-17\bin;C:\Program Files\apache-maven-3.9.11\bin;C:\Program Files\GitHub CLI\;C:\Program Files\Docker\Docker\resources\bin;C:\Users\bvign\AppData\Local\Programs\Python\Python313\Scripts\;C:\Users\bvign\AppData\Local\Programs\Python\Python313\;C:\Users\bvign\AppData\Local\Programs\Python\Launcher\;C:\Program Files\MySQL\MySQL Shell 8.0\bin\;C:\Users\bvign\AppData\Local\Microsoft\WindowsApps;C:\Program Files\JetBrains\IntelliJ IDEA Community Edition 2024.2.3\bin;;C:\Users\bvign\AppData\Roaming\npm;C:\Users\bvign\AppData\Local\Programs\Microsoft VS Code\bin;C:\Users\bvign\AppData\Local\Programs\Antigravity\bin;C:\Program Files\\Elastic\Beats\9.3.2\filebeat;.]
21-Apr-2026 15:28:48.671 INFO [main] org.apache.coyote.AbstractProtocol.init Initializing ProtocolHandler ["http-nio-8080"]
21-Apr-2026 15:28:48.684 INFO [main] org.apache.catalina.startup.Catalina.load Server initialization in [489] milliseconds
21-Apr-2026 15:28:48.731 INFO [main] org.apache.catalina.core.StandardService.startInternal Starting service [Catalina]
21-Apr-2026 15:28:48.732 INFO [main] org.apache.catalina.core.StandardEngine.startInternal Starting Servlet engine: [Apache Tomcat/9.0.116]
21-Apr-2026 15:28:48.742 INFO [main] org.apache.catalina.startup.HostConfig.deployDescriptor Deploying deployment descriptor [C:\Users\bvign\IdeaProjects\VM-Code\conf\Catalina\localhost\VM-Code.xml]
21-Apr-2026 15:28:51.832 INFO [main] org.apache.jasper.servlet.TldScanner.scanJars At least one JAR was scanned for TLDs yet contained no TLDs. Enable debug logging for this logger for a complete list of JARs that were scanned but no TLDs were found in them. Skipping unneeded JARs during scanning can improve startup time and JSP compilation time.
