30-Apr-2026 10:49:43.229 INFO [main] org.apache.catalina.startup.VersionLoggerListener.log Server version name:   Apache Tomcat/9.0.116
30-Apr-2026 10:49:43.240 INFO [main] org.apache.catalina.startup.VersionLoggerListener.log Server built:          Mar 16 2026 15:05:42 UTC
30-Apr-2026 10:49:43.241 INFO [main] org.apache.catalina.startup.VersionLoggerListener.log Server version number: 9.0.116.0
30-Apr-2026 10:49:43.241 INFO [main] org.apache.catalina.startup.VersionLoggerListener.log OS Name:               Windows 11
30-Apr-2026 10:49:43.241 INFO [main] org.apache.catalina.startup.VersionLoggerListener.log OS Version:            10.0
30-Apr-2026 10:49:43.241 INFO [main] org.apache.catalina.startup.VersionLoggerListener.log Architecture:          amd64
30-Apr-2026 10:49:43.241 INFO [main] org.apache.catalina.startup.VersionLoggerListener.log Java Home:             C:\Program Files\Java\jdk-17
30-Apr-2026 10:49:43.242 INFO [main] org.apache.catalina.startup.VersionLoggerListener.log JVM Version:           17.0.12+8-LTS-286
30-Apr-2026 10:49:43.242 INFO [main] org.apache.catalina.startup.VersionLoggerListener.log JVM Vendor:            Oracle Corporation
30-Apr-2026 10:49:43.242 INFO [main] org.apache.catalina.startup.VersionLoggerListener.log CATALINA_BASE:         C:\Users\bvign\IdeaProjects\VM-Code
30-Apr-2026 10:49:43.242 INFO [main] org.apache.catalina.startup.VersionLoggerListener.log CATALINA_HOME:         C:\Users\bvign\Downloads\apache-tomcat-9.0.116
30-Apr-2026 10:49:43.255 INFO [main] org.apache.catalina.startup.VersionLoggerListener.log Command line argument: --add-opens=java.base/java.lang=ALL-UNNAMED
30-Apr-2026 10:49:43.255 INFO [main] org.apache.catalina.startup.VersionLoggerListener.log Command line argument: --add-opens=java.base/java.io=ALL-UNNAMED
30-Apr-2026 10:49:43.255 INFO [main] org.apache.catalina.startup.VersionLoggerListener.log Command line argument: --add-opens=java.base/java.util=ALL-UNNAMED
30-Apr-2026 10:49:43.255 INFO [main] org.apache.catalina.startup.VersionLoggerListener.log Command line argument: --add-opens=java.base/java.util.concurrent=ALL-UNNAMED
30-Apr-2026 10:49:43.255 INFO [main] org.apache.catalina.startup.VersionLoggerListener.log Command line argument: --add-opens=java.rmi/sun.rmi.transport=ALL-UNNAMED
30-Apr-2026 10:49:43.256 INFO [main] org.apache.catalina.startup.VersionLoggerListener.log Command line argument: -Dcatalina.home=C:\Users\bvign\Downloads\apache-tomcat-9.0.116
30-Apr-2026 10:49:43.256 INFO [main] org.apache.catalina.startup.VersionLoggerListener.log Command line argument: -Dcatalina.base=C:\Users\bvign\IdeaProjects\VM-Code
30-Apr-2026 10:49:43.256 INFO [main] org.apache.catalina.startup.VersionLoggerListener.log Command line argument: -Djava.io.tmpdir=C:\Users\bvign\IdeaProjects\VM-Code\temp
30-Apr-2026 10:49:43.256 INFO [main] org.apache.catalina.startup.VersionLoggerListener.log Command line argument: -Djava.util.logging.config.file=C:\Users\bvign\IdeaProjects\VM-Code\conf\logging.properties
30-Apr-2026 10:49:43.256 INFO [main] org.apache.catalina.startup.VersionLoggerListener.log Command line argument: -Djava.util.logging.manager=org.apache.juli.ClassLoaderLogManager
30-Apr-2026 10:49:43.256 INFO [main] org.apache.catalina.startup.VersionLoggerListener.log Command line argument: -javaagent:C:\Program Files\JetBrains\IntelliJ IDEA Community Edition 2025.1.3\lib\idea_rt.jar=52327
30-Apr-2026 10:49:43.256 INFO [main] org.apache.catalina.startup.VersionLoggerListener.log Command line argument: -Dfile.encoding=UTF-8
30-Apr-2026 10:49:43.276 INFO [main] org.apache.catalina.core.AprLifecycleListener.lifecycleEvent The Apache Tomcat Native library which allows using OpenSSL was not found on the java.library.path: [C:\Program Files\Java\jdk-17\bin;C:\WINDOWS\Sun\Java\bin;C:\WINDOWS\system32;C:\WINDOWS;C:\Program Files\Common Files\Oracle\Java\javapath;C:\Windows\system32;C:\Windows;C:\Windows\System32\Wbem;C:\Windows\System32\WindowsPowerShell\v1.0\;C:\Windows\System32\OpenSSH\;C:\Program Files\Git\cmd;C:\WINDOWS\system32;C:\WINDOWS;C:\WINDOWS\System32\Wbem;C:\WINDOWS\System32\WindowsPowerShell\v1.0\;C:\WINDOWS\System32\OpenSSH\;C:\Program Files\MySQL\MySQL Server 8.0_1\bin;C:\Program Files\nodejs\;C:\ProgramData\chocolatey\bin;C:\Program Files (x86)\NVIDIA Corporation\PhysX\Common;C:\Program Files\maven-mvnd-1.0.2-windows-amd64\maven-mvnd-1.0.2-windows-amd64\bin;C:\Program Files\Java\jdk-17\bin;C:\Program Files\apache-maven-3.9.11\bin;C:\Program Files\GitHub CLI\;C:\Program Files\Docker\Docker\resources\bin;C:\Users\bvign\AppData\Local\Programs\Python\Python313\Scripts\;C:\Users\bvign\AppData\Local\Programs\Python\Python313\;C:\Users\bvign\AppData\Local\Programs\Python\Launcher\;C:\Program Files\MySQL\MySQL Shell 8.0\bin\;C:\Users\bvign\AppData\Local\Microsoft\WindowsApps;C:\Program Files\JetBrains\IntelliJ IDEA Community Edition 2024.2.3\bin;;C:\Users\bvign\AppData\Roaming\npm;C:\Users\bvign\AppData\Local\Programs\Microsoft VS Code\bin;C:\Users\bvign\AppData\Local\Programs\Antigravity\bin;C:\Program Files\\Elastic\Beats\9.3.2\filebeat;.]
30-Apr-2026 10:49:43.695 INFO [main] org.apache.coyote.AbstractProtocol.init Initializing ProtocolHandler ["http-nio-8080"]
30-Apr-2026 10:49:43.712 INFO [main] org.apache.catalina.startup.Catalina.load Server initialization in [763] milliseconds
30-Apr-2026 10:49:43.771 INFO [main] org.apache.catalina.core.StandardService.startInternal Starting service [Catalina]
30-Apr-2026 10:49:43.772 INFO [main] org.apache.catalina.core.StandardEngine.startInternal Starting Servlet engine: [Apache Tomcat/9.0.116]
30-Apr-2026 10:49:43.780 INFO [main] org.apache.catalina.startup.HostConfig.deployDescriptor Deploying deployment descriptor [C:\Users\bvign\IdeaProjects\VM-Code\conf\Catalina\localhost\VM-Code.xml]
30-Apr-2026 10:49:47.376 INFO [main] org.apache.jasper.servlet.TldScanner.scanJars At least one JAR was scanned for TLDs yet contained no TLDs. Enable debug logging for this logger for a complete list of JARs that were scanned but no TLDs were found in them. Skipping unneeded JARs during scanning can improve startup time and JSP compilation time.
30-Apr-2026 10:49:53.604 INFO [main] org.apache.catalina.startup.HostConfig.deployDescriptor Deployment of deployment descriptor [C:\Users\bvign\IdeaProjects\VM-Code\conf\Catalina\localhost\VM-Code.xml] has finished in [9,824] ms
30-Apr-2026 10:49:53.608 INFO [main] org.apache.coyote.AbstractProtocol.start Starting ProtocolHandler ["http-nio-8080"]
30-Apr-2026 10:49:53.624 INFO [main] org.apache.catalina.startup.Catalina.start Server startup in [9910] milliseconds
30-Apr-2026 11:11:16.509 INFO [Thread-1] org.apache.coyote.AbstractProtocol.pause Pausing ProtocolHandler ["http-nio-8080"]
30-Apr-2026 11:11:16.625 INFO [Thread-1] org.apache.catalina.core.StandardService.stopInternal Stopping service [Catalina]
30-Apr-2026 11:11:16.640 WARNING [Thread-1] org.apache.catalina.loader.WebappClassLoaderBase.clearReferencesJdbc The web application [VM-Code] registered the JDBC driver [com.mysql.cj.jdbc.Driver] but failed to unregister it when the web application was stopped. To prevent a memory leak, the JDBC Driver has been forcibly unregistered.
30-Apr-2026 11:11:16.641 WARNING [Thread-1] org.apache.catalina.loader.WebappClassLoaderBase.clearReferencesThreads The web application [VM-Code] appears to have started a thread named [mysql-cj-abandoned-connection-cleanup] but has failed to stop it. This is very likely to create a memory leak. Stack trace of thread:
 java.base@17.0.12/java.lang.Object.wait(Native Method)
 java.base@17.0.12/java.lang.ref.ReferenceQueue.remove(ReferenceQueue.java:155)
 com.mysql.cj.jdbc.AbandonedConnectionCleanupThread.run(AbandonedConnectionCleanupThread.java:93)
 java.base@17.0.12/java.util.concurrent.ThreadPoolExecutor.runWorker(ThreadPoolExecutor.java:1136)
 java.base@17.0.12/java.util.concurrent.ThreadPoolExecutor$Worker.run(ThreadPoolExecutor.java:635)
 java.base@17.0.12/java.lang.Thread.run(Thread.java:842)
30-Apr-2026 11:11:16.641 SEVERE [Thread-1] org.apache.catalina.loader.WebappClassLoaderBase.checkThreadLocalMapForLeaks The web application [VM-Code] created a ThreadLocal with key of type [java.lang.ThreadLocal.SuppliedThreadLocal] (value [java.lang.ThreadLocal$SuppliedThreadLocal@14d06a19]) and a value of type [net.logstash.logback.util.ThreadLocalHolder.Holder] (value [net.logstash.logback.util.ThreadLocalHolder$Holder@6b276067]) but failed to remove it when the web application was stopped. Threads are going to be renewed over time to try and avoid a probable memory leak.
30-Apr-2026 11:11:16.642 SEVERE [Thread-1] org.apache.catalina.loader.WebappClassLoaderBase.checkThreadLocalMapForLeaks The web application [VM-Code] created a ThreadLocal with key of type [java.lang.ThreadLocal.SuppliedThreadLocal] (value [java.lang.ThreadLocal$SuppliedThreadLocal@4a6b2ad8]) and a value of type [net.logstash.logback.util.ThreadLocalHolder.Holder] (value [net.logstash.logback.util.ThreadLocalHolder$Holder@4035a951]) but failed to remove it when the web application was stopped. Threads are going to be renewed over time to try and avoid a probable memory leak.
30-Apr-2026 11:11:16.642 SEVERE [Thread-1] org.apache.catalina.loader.WebappClassLoaderBase.checkThreadLocalMapForLeaks The web application [VM-Code] created a ThreadLocal with key of type [java.lang.ThreadLocal.SuppliedThreadLocal] (value [java.lang.ThreadLocal$SuppliedThreadLocal@14d06a19]) and a value of type [net.logstash.logback.util.ThreadLocalHolder.Holder] (value [net.logstash.logback.util.ThreadLocalHolder$Holder@572293ec]) but failed to remove it when the web application was stopped. Threads are going to be renewed over time to try and avoid a probable memory leak.
30-Apr-2026 11:11:16.642 SEVERE [Thread-1] org.apache.catalina.loader.WebappClassLoaderBase.checkThreadLocalMapForLeaks The web application [VM-Code] created a ThreadLocal with key of type [java.lang.ThreadLocal.SuppliedThreadLocal] (value [java.lang.ThreadLocal$SuppliedThreadLocal@4a6b2ad8]) and a value of type [net.logstash.logback.util.ThreadLocalHolder.Holder] (value [net.logstash.logback.util.ThreadLocalHolder$Holder@756e537]) but failed to remove it when the web application was stopped. Threads are going to be renewed over time to try and avoid a probable memory leak.
30-Apr-2026 11:11:16.642 SEVERE [Thread-1] org.apache.catalina.loader.WebappClassLoaderBase.checkThreadLocalMapForLeaks The web application [VM-Code] created a ThreadLocal with key of type [java.lang.ThreadLocal.SuppliedThreadLocal] (value [java.lang.ThreadLocal$SuppliedThreadLocal@14d06a19]) and a value of type [net.logstash.logback.util.ThreadLocalHolder.Holder] (value [net.logstash.logback.util.ThreadLocalHolder$Holder@14f832ef]) but failed to remove it when the web application was stopped. Threads are going to be renewed over time to try and avoid a probable memory leak.
30-Apr-2026 11:11:16.642 SEVERE [Thread-1] org.apache.catalina.loader.WebappClassLoaderBase.checkThreadLocalMapForLeaks The web application [VM-Code] created a ThreadLocal with key of type [java.lang.ThreadLocal.SuppliedThreadLocal] (value [java.lang.ThreadLocal$SuppliedThreadLocal@4a6b2ad8]) and a value of type [net.logstash.logback.util.ThreadLocalHolder.Holder] (value [net.logstash.logback.util.ThreadLocalHolder$Holder@79ea7e00]) but failed to remove it when the web application was stopped. Threads are going to be renewed over time to try and avoid a probable memory leak.
30-Apr-2026 11:11:16.643 SEVERE [Thread-1] org.apache.catalina.loader.WebappClassLoaderBase.checkThreadLocalMapForLeaks The web application [VM-Code] created a ThreadLocal with key of type [java.lang.ThreadLocal.SuppliedThreadLocal] (value [java.lang.ThreadLocal$SuppliedThreadLocal@14d06a19]) and a value of type [net.logstash.logback.util.ThreadLocalHolder.Holder] (value [net.logstash.logback.util.ThreadLocalHolder$Holder@5fe13ef4]) but failed to remove it when the web application was stopped. Threads are going to be renewed over time to try and avoid a probable memory leak.
30-Apr-2026 11:11:16.643 SEVERE [Thread-1] org.apache.catalina.loader.WebappClassLoaderBase.checkThreadLocalMapForLeaks The web application [VM-Code] created a ThreadLocal with key of type [java.lang.ThreadLocal.SuppliedThreadLocal] (value [java.lang.ThreadLocal$SuppliedThreadLocal@4a6b2ad8]) and a value of type [net.logstash.logback.util.ThreadLocalHolder.Holder] (value [net.logstash.logback.util.ThreadLocalHolder$Holder@75515176]) but failed to remove it when the web application was stopped. Threads are going to be renewed over time to try and avoid a probable memory leak.
30-Apr-2026 11:11:16.643 SEVERE [Thread-1] org.apache.catalina.loader.WebappClassLoaderBase.checkThreadLocalMapForLeaks The web application [VM-Code] created a ThreadLocal with key of type [java.lang.ThreadLocal.SuppliedThreadLocal] (value [java.lang.ThreadLocal$SuppliedThreadLocal@14d06a19]) and a value of type [net.logstash.logback.util.ThreadLocalHolder.Holder] (value [net.logstash.logback.util.ThreadLocalHolder$Holder@6e271dc1]) but failed to remove it when the web application was stopped. Threads are going to be renewed over time to try and avoid a probable memory leak.
30-Apr-2026 11:11:16.643 SEVERE [Thread-1] org.apache.catalina.loader.WebappClassLoaderBase.checkThreadLocalMapForLeaks The web application [VM-Code] created a ThreadLocal with key of type [java.lang.ThreadLocal.SuppliedThreadLocal] (value [java.lang.ThreadLocal$SuppliedThreadLocal@4a6b2ad8]) and a value of type [net.logstash.logback.util.ThreadLocalHolder.Holder] (value [net.logstash.logback.util.ThreadLocalHolder$Holder@3cfe4145]) but failed to remove it when the web application was stopped. Threads are going to be renewed over time to try and avoid a probable memory leak.
30-Apr-2026 11:11:16.649 INFO [Thread-1] org.apache.coyote.AbstractProtocol.stop Stopping ProtocolHandler ["http-nio-8080"]
30-Apr-2026 11:11:16.655 INFO [Thread-1] org.apache.coyote.AbstractProtocol.destroy Destroying ProtocolHandler ["http-nio-8080"]
30-Apr-2026 11:11:24.199 INFO [main] org.apache.catalina.startup.VersionLoggerListener.log Server version name:   Apache Tomcat/9.0.116
30-Apr-2026 11:11:24.208 INFO [main] org.apache.catalina.startup.VersionLoggerListener.log Server built:          Mar 16 2026 15:05:42 UTC
30-Apr-2026 11:11:24.209 INFO [main] org.apache.catalina.startup.VersionLoggerListener.log Server version number: 9.0.116.0
30-Apr-2026 11:11:24.210 INFO [main] org.apache.catalina.startup.VersionLoggerListener.log OS Name:               Windows 11
30-Apr-2026 11:11:24.210 INFO [main] org.apache.catalina.startup.VersionLoggerListener.log OS Version:            10.0
30-Apr-2026 11:11:24.210 INFO [main] org.apache.catalina.startup.VersionLoggerListener.log Architecture:          amd64
30-Apr-2026 11:11:24.210 INFO [main] org.apache.catalina.startup.VersionLoggerListener.log Java Home:             C:\Program Files\Java\jdk-17
30-Apr-2026 11:11:24.210 INFO [main] org.apache.catalina.startup.VersionLoggerListener.log JVM Version:           17.0.12+8-LTS-286
30-Apr-2026 11:11:24.210 INFO [main] org.apache.catalina.startup.VersionLoggerListener.log JVM Vendor:            Oracle Corporation
30-Apr-2026 11:11:24.210 INFO [main] org.apache.catalina.startup.VersionLoggerListener.log CATALINA_BASE:         C:\Users\bvign\IdeaProjects\VM-Code
30-Apr-2026 11:11:24.210 INFO [main] org.apache.catalina.startup.VersionLoggerListener.log CATALINA_HOME:         C:\Users\bvign\Downloads\apache-tomcat-9.0.116
30-Apr-2026 11:11:24.230 INFO [main] org.apache.catalina.startup.VersionLoggerListener.log Command line argument: --add-opens=java.base/java.lang=ALL-UNNAMED
30-Apr-2026 11:11:24.230 INFO [main] org.apache.catalina.startup.VersionLoggerListener.log Command line argument: --add-opens=java.base/java.io=ALL-UNNAMED
30-Apr-2026 11:11:24.230 INFO [main] org.apache.catalina.startup.VersionLoggerListener.log Command line argument: --add-opens=java.base/java.util=ALL-UNNAMED
30-Apr-2026 11:11:24.231 INFO [main] org.apache.catalina.startup.VersionLoggerListener.log Command line argument: --add-opens=java.base/java.util.concurrent=ALL-UNNAMED
30-Apr-2026 11:11:24.231 INFO [main] org.apache.catalina.startup.VersionLoggerListener.log Command line argument: --add-opens=java.rmi/sun.rmi.transport=ALL-UNNAMED
30-Apr-2026 11:11:24.231 INFO [main] org.apache.catalina.startup.VersionLoggerListener.log Command line argument: -agentlib:jdwp=transport=dt_socket,address=127.0.0.1:58767,suspend=y,server=n
30-Apr-2026 11:11:24.231 INFO [main] org.apache.catalina.startup.VersionLoggerListener.log Command line argument: -javaagent:C:\Users\bvign\AppData\Local\JetBrains\IdeaIC2025.1\captureAgent\debugger-agent.jar=file:///C:/Users/bvign/AppData/Local/Temp/capture6898308844672502430.props
30-Apr-2026 11:11:24.231 INFO [main] org.apache.catalina.startup.VersionLoggerListener.log Command line argument: -Dcatalina.home=C:\Users\bvign\Downloads\apache-tomcat-9.0.116
30-Apr-2026 11:11:24.231 INFO [main] org.apache.catalina.startup.VersionLoggerListener.log Command line argument: -Dcatalina.base=C:\Users\bvign\IdeaProjects\VM-Code
30-Apr-2026 11:11:24.231 INFO [main] org.apache.catalina.startup.VersionLoggerListener.log Command line argument: -Djava.io.tmpdir=C:\Users\bvign\IdeaProjects\VM-Code\temp
30-Apr-2026 11:11:24.231 INFO [main] org.apache.catalina.startup.VersionLoggerListener.log Command line argument: -Djava.util.logging.config.file=C:\Users\bvign\IdeaProjects\VM-Code\conf\logging.properties
30-Apr-2026 11:11:24.231 INFO [main] org.apache.catalina.startup.VersionLoggerListener.log Command line argument: -Djava.util.logging.manager=org.apache.juli.ClassLoaderLogManager
30-Apr-2026 11:11:24.231 INFO [main] org.apache.catalina.startup.VersionLoggerListener.log Command line argument: -Dkotlinx.coroutines.debug.enable.creation.stack.trace=false
30-Apr-2026 11:11:24.231 INFO [main] org.apache.catalina.startup.VersionLoggerListener.log Command line argument: -Ddebugger.agent.enable.coroutines=true
30-Apr-2026 11:11:24.232 INFO [main] org.apache.catalina.startup.VersionLoggerListener.log Command line argument: -Dkotlinx.coroutines.debug.enable.flows.stack.trace=true
30-Apr-2026 11:11:24.232 INFO [main] org.apache.catalina.startup.VersionLoggerListener.log Command line argument: -Dkotlinx.coroutines.debug.enable.mutable.state.flows.stack.trace=true
30-Apr-2026 11:11:24.232 INFO [main] org.apache.catalina.startup.VersionLoggerListener.log Command line argument: -Dfile.encoding=UTF-8
30-Apr-2026 11:11:24.249 INFO [main] org.apache.catalina.core.AprLifecycleListener.lifecycleEvent The Apache Tomcat Native library which allows using OpenSSL was not found on the java.library.path: [C:\Program Files\Java\jdk-17\bin;C:\WINDOWS\Sun\Java\bin;C:\WINDOWS\system32;C:\WINDOWS;C:\Program Files\Common Files\Oracle\Java\javapath;C:\Windows\system32;C:\Windows;C:\Windows\System32\Wbem;C:\Windows\System32\WindowsPowerShell\v1.0\;C:\Windows\System32\OpenSSH\;C:\Program Files\Git\cmd;C:\WINDOWS\system32;C:\WINDOWS;C:\WINDOWS\System32\Wbem;C:\WINDOWS\System32\WindowsPowerShell\v1.0\;C:\WINDOWS\System32\OpenSSH\;C:\Program Files\MySQL\MySQL Server 8.0_1\bin;C:\Program Files\nodejs\;C:\ProgramData\chocolatey\bin;C:\Program Files (x86)\NVIDIA Corporation\PhysX\Common;C:\Program Files\maven-mvnd-1.0.2-windows-amd64\maven-mvnd-1.0.2-windows-amd64\bin;C:\Program Files\Java\jdk-17\bin;C:\Program Files\apache-maven-3.9.11\bin;C:\Program Files\GitHub CLI\;C:\Program Files\Docker\Docker\resources\bin;C:\Users\bvign\AppData\Local\Programs\Python\Python313\Scripts\;C:\Users\bvign\AppData\Local\Programs\Python\Python313\;C:\Users\bvign\AppData\Local\Programs\Python\Launcher\;C:\Program Files\MySQL\MySQL Shell 8.0\bin\;C:\Users\bvign\AppData\Local\Microsoft\WindowsApps;C:\Program Files\JetBrains\IntelliJ IDEA Community Edition 2024.2.3\bin;;C:\Users\bvign\AppData\Roaming\npm;C:\Users\bvign\AppData\Local\Programs\Microsoft VS Code\bin;C:\Users\bvign\AppData\Local\Programs\Antigravity\bin;C:\Program Files\\Elastic\Beats\9.3.2\filebeat;.]
30-Apr-2026 11:11:24.605 INFO [main] org.apache.coyote.AbstractProtocol.init Initializing ProtocolHandler ["http-nio-8080"]
30-Apr-2026 11:11:24.646 INFO [main] org.apache.catalina.startup.Catalina.load Server initialization in [740] milliseconds
30-Apr-2026 11:11:24.703 INFO [main] org.apache.catalina.core.StandardService.startInternal Starting service [Catalina]
30-Apr-2026 11:11:24.703 INFO [main] org.apache.catalina.core.StandardEngine.startInternal Starting Servlet engine: [Apache Tomcat/9.0.116]
30-Apr-2026 11:11:24.713 INFO [main] org.apache.catalina.startup.HostConfig.deployDescriptor Deploying deployment descriptor [C:\Users\bvign\IdeaProjects\VM-Code\conf\Catalina\localhost\VM-Code.xml]
30-Apr-2026 11:11:28.313 INFO [main] org.apache.jasper.servlet.TldScanner.scanJars At least one JAR was scanned for TLDs yet contained no TLDs. Enable debug logging for this logger for a complete list of JARs that were scanned but no TLDs were found in them. Skipping unneeded JARs during scanning can improve startup time and JSP compilation time.
30-Apr-2026 11:11:35.809 INFO [main] org.apache.catalina.startup.HostConfig.deployDescriptor Deployment of deployment descriptor [C:\Users\bvign\IdeaProjects\VM-Code\conf\Catalina\localhost\VM-Code.xml] has finished in [11,095] ms
30-Apr-2026 11:11:35.816 INFO [main] org.apache.coyote.AbstractProtocol.start Starting ProtocolHandler ["http-nio-8080"]
30-Apr-2026 11:11:35.845 INFO [main] org.apache.catalina.startup.Catalina.start Server startup in [11198] milliseconds
30-Apr-2026 11:15:37.422 INFO [Thread-1] org.apache.coyote.AbstractProtocol.pause Pausing ProtocolHandler ["http-nio-8080"]
30-Apr-2026 11:15:37.562 INFO [Thread-1] org.apache.catalina.core.StandardService.stopInternal Stopping service [Catalina]
30-Apr-2026 11:15:37.578 WARNING [Thread-1] org.apache.catalina.loader.WebappClassLoaderBase.clearReferencesJdbc The web application [VM-Code] registered the JDBC driver [com.mysql.cj.jdbc.Driver] but failed to unregister it when the web application was stopped. To prevent a memory leak, the JDBC Driver has been forcibly unregistered.
30-Apr-2026 11:15:37.580 WARNING [Thread-1] org.apache.catalina.loader.WebappClassLoaderBase.clearReferencesThreads The web application [VM-Code] appears to have started a thread named [mysql-cj-abandoned-connection-cleanup] but has failed to stop it. This is very likely to create a memory leak. Stack trace of thread:
 java.base@17.0.12/java.lang.Object.wait(Native Method)
 java.base@17.0.12/java.lang.ref.ReferenceQueue.remove(ReferenceQueue.java:155)
 com.mysql.cj.jdbc.AbandonedConnectionCleanupThread.run(AbandonedConnectionCleanupThread.java:93)
 java.base@17.0.12/java.util.concurrent.ThreadPoolExecutor.runWorker(ThreadPoolExecutor.java:1136)
 java.base@17.0.12/java.util.concurrent.ThreadPoolExecutor$Worker.run(ThreadPoolExecutor.java:635)
 java.base@17.0.12/java.lang.Thread.run(Thread.java:842)
30-Apr-2026 11:15:37.581 SEVERE [Thread-1] org.apache.catalina.loader.WebappClassLoaderBase.checkThreadLocalMapForLeaks The web application [VM-Code] created a ThreadLocal with key of type [java.lang.ThreadLocal.SuppliedThreadLocal] (value [java.lang.ThreadLocal$SuppliedThreadLocal@402124d2]) and a value of type [net.logstash.logback.util.ThreadLocalHolder.Holder] (value [net.logstash.logback.util.ThreadLocalHolder$Holder@75428295]) but failed to remove it when the web application was stopped. Threads are going to be renewed over time to try and avoid a probable memory leak.
30-Apr-2026 11:15:37.581 SEVERE [Thread-1] org.apache.catalina.loader.WebappClassLoaderBase.checkThreadLocalMapForLeaks The web application [VM-Code] created a ThreadLocal with key of type [java.lang.ThreadLocal.SuppliedThreadLocal] (value [java.lang.ThreadLocal$SuppliedThreadLocal@f88dbcf]) and a value of type [net.logstash.logback.util.ThreadLocalHolder.Holder] (value [net.logstash.logback.util.ThreadLocalHolder$Holder@46c66958]) but failed to remove it when the web application was stopped. Threads are going to be renewed over time to try and avoid a probable memory leak.
30-Apr-2026 11:15:37.581 SEVERE [Thread-1] org.apache.catalina.loader.WebappClassLoaderBase.checkThreadLocalMapForLeaks The web application [VM-Code] created a ThreadLocal with key of type [java.lang.ThreadLocal.SuppliedThreadLocal] (value [java.lang.ThreadLocal$SuppliedThreadLocal@402124d2]) and a value of type [net.logstash.logback.util.ThreadLocalHolder.Holder] (value [net.logstash.logback.util.ThreadLocalHolder$Holder@9bdb4ac]) but failed to remove it when the web application was stopped. Threads are going to be renewed over time to try and avoid a probable memory leak.
30-Apr-2026 11:15:37.581 SEVERE [Thread-1] org.apache.catalina.loader.WebappClassLoaderBase.checkThreadLocalMapForLeaks The web application [VM-Code] created a ThreadLocal with key of type [java.lang.ThreadLocal.SuppliedThreadLocal] (value [java.lang.ThreadLocal$SuppliedThreadLocal@f88dbcf]) and a value of type [net.logstash.logback.util.ThreadLocalHolder.Holder] (value [net.logstash.logback.util.ThreadLocalHolder$Holder@355b6d12]) but failed to remove it when the web application was stopped. Threads are going to be renewed over time to try and avoid a probable memory leak.
30-Apr-2026 11:15:37.581 SEVERE [Thread-1] org.apache.catalina.loader.WebappClassLoaderBase.checkThreadLocalMapForLeaks The web application [VM-Code] created a ThreadLocal with key of type [java.lang.ThreadLocal.SuppliedThreadLocal] (value [java.lang.ThreadLocal$SuppliedThreadLocal@402124d2]) and a value of type [net.logstash.logback.util.ThreadLocalHolder.Holder] (value [net.logstash.logback.util.ThreadLocalHolder$Holder@7e104946]) but failed to remove it when the web application was stopped. Threads are going to be renewed over time to try and avoid a probable memory leak.
30-Apr-2026 11:15:37.581 SEVERE [Thread-1] org.apache.catalina.loader.WebappClassLoaderBase.checkThreadLocalMapForLeaks The web application [VM-Code] created a ThreadLocal with key of type [java.lang.ThreadLocal.SuppliedThreadLocal] (value [java.lang.ThreadLocal$SuppliedThreadLocal@f88dbcf]) and a value of type [net.logstash.logback.util.ThreadLocalHolder.Holder] (value [net.logstash.logback.util.ThreadLocalHolder$Holder@423ad0f8]) but failed to remove it when the web application was stopped. Threads are going to be renewed over time to try and avoid a probable memory leak.
30-Apr-2026 11:15:37.583 SEVERE [Thread-1] org.apache.catalina.loader.WebappClassLoaderBase.checkThreadLocalMapForLeaks The web application [VM-Code] created a ThreadLocal with key of type [java.lang.ThreadLocal.SuppliedThreadLocal] (value [java.lang.ThreadLocal$SuppliedThreadLocal@402124d2]) and a value of type [net.logstash.logback.util.ThreadLocalHolder.Holder] (value [net.logstash.logback.util.ThreadLocalHolder$Holder@403d3dfe]) but failed to remove it when the web application was stopped. Threads are going to be renewed over time to try and avoid a probable memory leak.
30-Apr-2026 11:15:37.583 SEVERE [Thread-1] org.apache.catalina.loader.WebappClassLoaderBase.checkThreadLocalMapForLeaks The web application [VM-Code] created a ThreadLocal with key of type [java.lang.ThreadLocal.SuppliedThreadLocal] (value [java.lang.ThreadLocal$SuppliedThreadLocal@f88dbcf]) and a value of type [net.logstash.logback.util.ThreadLocalHolder.Holder] (value [net.logstash.logback.util.ThreadLocalHolder$Holder@40bbea5b]) but failed to remove it when the web application was stopped. Threads are going to be renewed over time to try and avoid a probable memory leak.
30-Apr-2026 11:15:37.587 INFO [Thread-1] org.apache.coyote.AbstractProtocol.stop Stopping ProtocolHandler ["http-nio-8080"]
30-Apr-2026 11:15:37.589 INFO [Thread-1] org.apache.coyote.AbstractProtocol.destroy Destroying ProtocolHandler ["http-nio-8080"]
30-Apr-2026 11:15:39.548 INFO [main] org.apache.catalina.startup.VersionLoggerListener.log Server version name:   Apache Tomcat/9.0.116
30-Apr-2026 11:15:39.556 INFO [main] org.apache.catalina.startup.VersionLoggerListener.log Server built:          Mar 16 2026 15:05:42 UTC
30-Apr-2026 11:15:39.557 INFO [main] org.apache.catalina.startup.VersionLoggerListener.log Server version number: 9.0.116.0
30-Apr-2026 11:15:39.557 INFO [main] org.apache.catalina.startup.VersionLoggerListener.log OS Name:               Windows 11
30-Apr-2026 11:15:39.557 INFO [main] org.apache.catalina.startup.VersionLoggerListener.log OS Version:            10.0
30-Apr-2026 11:15:39.557 INFO [main] org.apache.catalina.startup.VersionLoggerListener.log Architecture:          amd64
30-Apr-2026 11:15:39.557 INFO [main] org.apache.catalina.startup.VersionLoggerListener.log Java Home:             C:\Program Files\Java\jdk-17
30-Apr-2026 11:15:39.557 INFO [main] org.apache.catalina.startup.VersionLoggerListener.log JVM Version:           17.0.12+8-LTS-286
30-Apr-2026 11:15:39.557 INFO [main] org.apache.catalina.startup.VersionLoggerListener.log JVM Vendor:            Oracle Corporation
30-Apr-2026 11:15:39.557 INFO [main] org.apache.catalina.startup.VersionLoggerListener.log CATALINA_BASE:         C:\Users\bvign\IdeaProjects\VM-Code
30-Apr-2026 11:15:39.557 INFO [main] org.apache.catalina.startup.VersionLoggerListener.log CATALINA_HOME:         C:\Users\bvign\Downloads\apache-tomcat-9.0.116
30-Apr-2026 11:15:39.574 INFO [main] org.apache.catalina.startup.VersionLoggerListener.log Command line argument: --add-opens=java.base/java.lang=ALL-UNNAMED
30-Apr-2026 11:15:39.575 INFO [main] org.apache.catalina.startup.VersionLoggerListener.log Command line argument: --add-opens=java.base/java.io=ALL-UNNAMED
30-Apr-2026 11:15:39.575 INFO [main] org.apache.catalina.startup.VersionLoggerListener.log Command line argument: --add-opens=java.base/java.util=ALL-UNNAMED
30-Apr-2026 11:15:39.575 INFO [main] org.apache.catalina.startup.VersionLoggerListener.log Command line argument: --add-opens=java.base/java.util.concurrent=ALL-UNNAMED
30-Apr-2026 11:15:39.576 INFO [main] org.apache.catalina.startup.VersionLoggerListener.log Command line argument: --add-opens=java.rmi/sun.rmi.transport=ALL-UNNAMED
30-Apr-2026 11:15:39.576 INFO [main] org.apache.catalina.startup.VersionLoggerListener.log Command line argument: -agentlib:jdwp=transport=dt_socket,address=127.0.0.1:60316,suspend=y,server=n
30-Apr-2026 11:15:39.576 INFO [main] org.apache.catalina.startup.VersionLoggerListener.log Command line argument: -javaagent:C:\Users\bvign\AppData\Local\JetBrains\IdeaIC2025.1\captureAgent\debugger-agent.jar=file:///C:/Users/bvign/AppData/Local/Temp/capture10300746826113390848.props
30-Apr-2026 11:15:39.576 INFO [main] org.apache.catalina.startup.VersionLoggerListener.log Command line argument: -Dcatalina.home=C:\Users\bvign\Downloads\apache-tomcat-9.0.116
30-Apr-2026 11:15:39.577 INFO [main] org.apache.catalina.startup.VersionLoggerListener.log Command line argument: -Dcatalina.base=C:\Users\bvign\IdeaProjects\VM-Code
30-Apr-2026 11:15:39.577 INFO [main] org.apache.catalina.startup.VersionLoggerListener.log Command line argument: -Djava.io.tmpdir=C:\Users\bvign\IdeaProjects\VM-Code\temp
30-Apr-2026 11:15:39.578 INFO [main] org.apache.catalina.startup.VersionLoggerListener.log Command line argument: -Djava.util.logging.config.file=C:\Users\bvign\IdeaProjects\VM-Code\conf\logging.properties
30-Apr-2026 11:15:39.578 INFO [main] org.apache.catalina.startup.VersionLoggerListener.log Command line argument: -Djava.util.logging.manager=org.apache.juli.ClassLoaderLogManager
30-Apr-2026 11:15:39.578 INFO [main] org.apache.catalina.startup.VersionLoggerListener.log Command line argument: -Dkotlinx.coroutines.debug.enable.creation.stack.trace=false
30-Apr-2026 11:15:39.583 INFO [main] org.apache.catalina.startup.VersionLoggerListener.log Command line argument: -Ddebugger.agent.enable.coroutines=true
30-Apr-2026 11:15:39.583 INFO [main] org.apache.catalina.startup.VersionLoggerListener.log Command line argument: -Dkotlinx.coroutines.debug.enable.flows.stack.trace=true
30-Apr-2026 11:15:39.583 INFO [main] org.apache.catalina.startup.VersionLoggerListener.log Command line argument: -Dkotlinx.coroutines.debug.enable.mutable.state.flows.stack.trace=true
30-Apr-2026 11:15:39.583 INFO [main] org.apache.catalina.startup.VersionLoggerListener.log Command line argument: -Dfile.encoding=UTF-8
30-Apr-2026 11:15:39.595 INFO [main] org.apache.catalina.core.AprLifecycleListener.lifecycleEvent The Apache Tomcat Native library which allows using OpenSSL was not found on the java.library.path: [C:\Program Files\Java\jdk-17\bin;C:\WINDOWS\Sun\Java\bin;C:\WINDOWS\system32;C:\WINDOWS;C:\Program Files\Common Files\Oracle\Java\javapath;C:\Windows\system32;C:\Windows;C:\Windows\System32\Wbem;C:\Windows\System32\WindowsPowerShell\v1.0\;C:\Windows\System32\OpenSSH\;C:\Program Files\Git\cmd;C:\WINDOWS\system32;C:\WINDOWS;C:\WINDOWS\System32\Wbem;C:\WINDOWS\System32\WindowsPowerShell\v1.0\;C:\WINDOWS\System32\OpenSSH\;C:\Program Files\MySQL\MySQL Server 8.0_1\bin;C:\Program Files\nodejs\;C:\ProgramData\chocolatey\bin;C:\Program Files (x86)\NVIDIA Corporation\PhysX\Common;C:\Program Files\maven-mvnd-1.0.2-windows-amd64\maven-mvnd-1.0.2-windows-amd64\bin;C:\Program Files\Java\jdk-17\bin;C:\Program Files\apache-maven-3.9.11\bin;C:\Program Files\GitHub CLI\;C:\Program Files\Docker\Docker\resources\bin;C:\Users\bvign\AppData\Local\Programs\Python\Python313\Scripts\;C:\Users\bvign\AppData\Local\Programs\Python\Python313\;C:\Users\bvign\AppData\Local\Programs\Python\Launcher\;C:\Program Files\MySQL\MySQL Shell 8.0\bin\;C:\Users\bvign\AppData\Local\Microsoft\WindowsApps;C:\Program Files\JetBrains\IntelliJ IDEA Community Edition 2024.2.3\bin;;C:\Users\bvign\AppData\Roaming\npm;C:\Users\bvign\AppData\Local\Programs\Microsoft VS Code\bin;C:\Users\bvign\AppData\Local\Programs\Antigravity\bin;C:\Program Files\\Elastic\Beats\9.3.2\filebeat;.]
30-Apr-2026 11:15:39.921 INFO [main] org.apache.coyote.AbstractProtocol.init Initializing ProtocolHandler ["http-nio-8080"]
30-Apr-2026 11:15:39.955 INFO [main] org.apache.catalina.startup.Catalina.load Server initialization in [665] milliseconds
30-Apr-2026 11:15:40.019 INFO [main] org.apache.catalina.core.StandardService.startInternal Starting service [Catalina]
30-Apr-2026 11:15:40.019 INFO [main] org.apache.catalina.core.StandardEngine.startInternal Starting Servlet engine: [Apache Tomcat/9.0.116]
30-Apr-2026 11:15:40.032 INFO [main] org.apache.catalina.startup.HostConfig.deployDescriptor Deploying deployment descriptor [C:\Users\bvign\IdeaProjects\VM-Code\conf\Catalina\localhost\VM-Code.xml]
30-Apr-2026 11:15:44.133 INFO [main] org.apache.jasper.servlet.TldScanner.scanJars At least one JAR was scanned for TLDs yet contained no TLDs. Enable debug logging for this logger for a complete list of JARs that were scanned but no TLDs were found in them. Skipping unneeded JARs during scanning can improve startup time and JSP compilation time.
30-Apr-2026 11:15:52.176 INFO [main] org.apache.catalina.startup.HostConfig.deployDescriptor Deployment of deployment descriptor [C:\Users\bvign\IdeaProjects\VM-Code\conf\Catalina\localhost\VM-Code.xml] has finished in [12,143] ms
30-Apr-2026 11:15:52.182 INFO [main] org.apache.coyote.AbstractProtocol.start Starting ProtocolHandler ["http-nio-8080"]
30-Apr-2026 11:15:52.209 INFO [main] org.apache.catalina.startup.Catalina.start Server startup in [12253] milliseconds
30-Apr-2026 11:16:39.442 INFO [Thread-1] org.apache.coyote.AbstractProtocol.pause Pausing ProtocolHandler ["http-nio-8080"]
30-Apr-2026 11:16:39.558 INFO [Thread-1] org.apache.catalina.core.StandardService.stopInternal Stopping service [Catalina]
30-Apr-2026 11:16:39.568 WARNING [Thread-1] org.apache.catalina.loader.WebappClassLoaderBase.clearReferencesJdbc The web application [VM-Code] registered the JDBC driver [com.mysql.cj.jdbc.Driver] but failed to unregister it when the web application was stopped. To prevent a memory leak, the JDBC Driver has been forcibly unregistered.
30-Apr-2026 11:16:39.569 WARNING [Thread-1] org.apache.catalina.loader.WebappClassLoaderBase.clearReferencesThreads The web application [VM-Code] appears to have started a thread named [mysql-cj-abandoned-connection-cleanup] but has failed to stop it. This is very likely to create a memory leak. Stack trace of thread:
 java.base@17.0.12/java.lang.Object.wait(Native Method)
 java.base@17.0.12/java.lang.ref.ReferenceQueue.remove(ReferenceQueue.java:155)
 com.mysql.cj.jdbc.AbandonedConnectionCleanupThread.run(AbandonedConnectionCleanupThread.java:93)
 java.base@17.0.12/java.util.concurrent.ThreadPoolExecutor.runWorker(ThreadPoolExecutor.java:1136)
 java.base@17.0.12/java.util.concurrent.ThreadPoolExecutor$Worker.run(ThreadPoolExecutor.java:635)
 java.base@17.0.12/java.lang.Thread.run(Thread.java:842)
30-Apr-2026 11:16:39.569 SEVERE [Thread-1] org.apache.catalina.loader.WebappClassLoaderBase.checkThreadLocalMapForLeaks The web application [VM-Code] created a ThreadLocal with key of type [java.lang.ThreadLocal.SuppliedThreadLocal] (value [java.lang.ThreadLocal$SuppliedThreadLocal@31cce218]) and a value of type [net.logstash.logback.util.ThreadLocalHolder.Holder] (value [net.logstash.logback.util.ThreadLocalHolder$Holder@7a996ae8]) but failed to remove it when the web application was stopped. Threads are going to be renewed over time to try and avoid a probable memory leak.
30-Apr-2026 11:16:39.569 SEVERE [Thread-1] org.apache.catalina.loader.WebappClassLoaderBase.checkThreadLocalMapForLeaks The web application [VM-Code] created a ThreadLocal with key of type [java.lang.ThreadLocal.SuppliedThreadLocal] (value [java.lang.ThreadLocal$SuppliedThreadLocal@1ff54a5a]) and a value of type [net.logstash.logback.util.ThreadLocalHolder.Holder] (value [net.logstash.logback.util.ThreadLocalHolder$Holder@497fb79e]) but failed to remove it when the web application was stopped. Threads are going to be renewed over time to try and avoid a probable memory leak.
30-Apr-2026 11:16:39.570 SEVERE [Thread-1] org.apache.catalina.loader.WebappClassLoaderBase.checkThreadLocalMapForLeaks The web application [VM-Code] created a ThreadLocal with key of type [java.lang.ThreadLocal.SuppliedThreadLocal] (value [java.lang.ThreadLocal$SuppliedThreadLocal@1ff54a5a]) and a value of type [net.logstash.logback.util.ThreadLocalHolder.Holder] (value [net.logstash.logback.util.ThreadLocalHolder$Holder@5ed1fc29]) but failed to remove it when the web application was stopped. Threads are going to be renewed over time to try and avoid a probable memory leak.
30-Apr-2026 11:16:39.570 SEVERE [Thread-1] org.apache.catalina.loader.WebappClassLoaderBase.checkThreadLocalMapForLeaks The web application [VM-Code] created a ThreadLocal with key of type [java.lang.ThreadLocal.SuppliedThreadLocal] (value [java.lang.ThreadLocal$SuppliedThreadLocal@31cce218]) and a value of type [net.logstash.logback.util.ThreadLocalHolder.Holder] (value [net.logstash.logback.util.ThreadLocalHolder$Holder@5fb45392]) but failed to remove it when the web application was stopped. Threads are going to be renewed over time to try and avoid a probable memory leak.
30-Apr-2026 11:16:39.573 INFO [Thread-1] org.apache.coyote.AbstractProtocol.stop Stopping ProtocolHandler ["http-nio-8080"]
30-Apr-2026 11:16:39.582 INFO [Thread-1] org.apache.coyote.AbstractProtocol.destroy Destroying ProtocolHandler ["http-nio-8080"]
30-Apr-2026 11:52:16.427 INFO [main] org.apache.catalina.startup.VersionLoggerListener.log Server version name:   Apache Tomcat/9.0.116
30-Apr-2026 11:52:16.431 INFO [main] org.apache.catalina.startup.VersionLoggerListener.log Server built:          Mar 16 2026 15:05:42 UTC
30-Apr-2026 11:52:16.432 INFO [main] org.apache.catalina.startup.VersionLoggerListener.log Server version number: 9.0.116.0
30-Apr-2026 11:52:16.432 INFO [main] org.apache.catalina.startup.VersionLoggerListener.log OS Name:               Windows 11
30-Apr-2026 11:52:16.432 INFO [main] org.apache.catalina.startup.VersionLoggerListener.log OS Version:            10.0
30-Apr-2026 11:52:16.432 INFO [main] org.apache.catalina.startup.VersionLoggerListener.log Architecture:          amd64
30-Apr-2026 11:52:16.432 INFO [main] org.apache.catalina.startup.VersionLoggerListener.log Java Home:             C:\Program Files\Java\jdk-17
30-Apr-2026 11:52:16.432 INFO [main] org.apache.catalina.startup.VersionLoggerListener.log JVM Version:           17.0.12+8-LTS-286
30-Apr-2026 11:52:16.432 INFO [main] org.apache.catalina.startup.VersionLoggerListener.log JVM Vendor:            Oracle Corporation
30-Apr-2026 11:52:16.432 INFO [main] org.apache.catalina.startup.VersionLoggerListener.log CATALINA_BASE:         C:\Users\bvign\IdeaProjects\VM-Code
30-Apr-2026 11:52:16.432 INFO [main] org.apache.catalina.startup.VersionLoggerListener.log CATALINA_HOME:         C:\Users\bvign\Downloads\apache-tomcat-9.0.116
30-Apr-2026 11:52:16.442 INFO [main] org.apache.catalina.startup.VersionLoggerListener.log Command line argument: --add-opens=java.base/java.lang=ALL-UNNAMED
30-Apr-2026 11:52:16.442 INFO [main] org.apache.catalina.startup.VersionLoggerListener.log Command line argument: --add-opens=java.base/java.io=ALL-UNNAMED
30-Apr-2026 11:52:16.442 INFO [main] org.apache.catalina.startup.VersionLoggerListener.log Command line argument: --add-opens=java.base/java.util=ALL-UNNAMED
30-Apr-2026 11:52:16.442 INFO [main] org.apache.catalina.startup.VersionLoggerListener.log Command line argument: --add-opens=java.base/java.util.concurrent=ALL-UNNAMED
30-Apr-2026 11:52:16.442 INFO [main] org.apache.catalina.startup.VersionLoggerListener.log Command line argument: --add-opens=java.rmi/sun.rmi.transport=ALL-UNNAMED
30-Apr-2026 11:52:16.442 INFO [main] org.apache.catalina.startup.VersionLoggerListener.log Command line argument: -Dcatalina.home=C:\Users\bvign\Downloads\apache-tomcat-9.0.116
30-Apr-2026 11:52:16.442 INFO [main] org.apache.catalina.startup.VersionLoggerListener.log Command line argument: -Dcatalina.base=C:\Users\bvign\IdeaProjects\VM-Code
30-Apr-2026 11:52:16.442 INFO [main] org.apache.catalina.startup.VersionLoggerListener.log Command line argument: -Djava.io.tmpdir=C:\Users\bvign\IdeaProjects\VM-Code\temp
30-Apr-2026 11:52:16.442 INFO [main] org.apache.catalina.startup.VersionLoggerListener.log Command line argument: -Djava.util.logging.config.file=C:\Users\bvign\IdeaProjects\VM-Code\conf\logging.properties
30-Apr-2026 11:52:16.442 INFO [main] org.apache.catalina.startup.VersionLoggerListener.log Command line argument: -Djava.util.logging.manager=org.apache.juli.ClassLoaderLogManager
30-Apr-2026 11:52:16.443 INFO [main] org.apache.catalina.startup.VersionLoggerListener.log Command line argument: -javaagent:C:\Program Files\JetBrains\IntelliJ IDEA Community Edition 2025.1.3\lib\idea_rt.jar=50732
30-Apr-2026 11:52:16.443 INFO [main] org.apache.catalina.startup.VersionLoggerListener.log Command line argument: -Dfile.encoding=UTF-8
30-Apr-2026 11:52:16.451 INFO [main] org.apache.catalina.core.AprLifecycleListener.lifecycleEvent The Apache Tomcat Native library which allows using OpenSSL was not found on the java.library.path: [C:\Program Files\Java\jdk-17\bin;C:\WINDOWS\Sun\Java\bin;C:\WINDOWS\system32;C:\WINDOWS;C:\Program Files\Common Files\Oracle\Java\javapath;C:\Windows\system32;C:\Windows;C:\Windows\System32\Wbem;C:\Windows\System32\WindowsPowerShell\v1.0\;C:\Windows\System32\OpenSSH\;C:\Program Files\Git\cmd;C:\WINDOWS\system32;C:\WINDOWS;C:\WINDOWS\System32\Wbem;C:\WINDOWS\System32\WindowsPowerShell\v1.0\;C:\WINDOWS\System32\OpenSSH\;C:\Program Files\MySQL\MySQL Server 8.0_1\bin;C:\Program Files\nodejs\;C:\ProgramData\chocolatey\bin;C:\Program Files (x86)\NVIDIA Corporation\PhysX\Common;C:\Program Files\maven-mvnd-1.0.2-windows-amd64\maven-mvnd-1.0.2-windows-amd64\bin;C:\Program Files\Java\jdk-17\bin;C:\Program Files\apache-maven-3.9.11\bin;C:\Program Files\GitHub CLI\;C:\Program Files\Docker\Docker\resources\bin;C:\Users\bvign\AppData\Local\Programs\Python\Python313\Scripts\;C:\Users\bvign\AppData\Local\Programs\Python\Python313\;C:\Users\bvign\AppData\Local\Programs\Python\Launcher\;C:\Program Files\MySQL\MySQL Shell 8.0\bin\;C:\Users\bvign\AppData\Local\Microsoft\WindowsApps;C:\Program Files\JetBrains\IntelliJ IDEA Community Edition 2024.2.3\bin;;C:\Users\bvign\AppData\Roaming\npm;C:\Users\bvign\AppData\Local\Programs\Microsoft VS Code\bin;C:\Users\bvign\AppData\Local\Programs\Antigravity\bin;C:\Program Files\\Elastic\Beats\9.3.2\filebeat;.]
30-Apr-2026 11:52:16.838 INFO [main] org.apache.coyote.AbstractProtocol.init Initializing ProtocolHandler ["http-nio-8080"]
30-Apr-2026 11:52:16.866 INFO [main] org.apache.catalina.startup.Catalina.load Server initialization in [627] milliseconds
30-Apr-2026 11:52:16.945 INFO [main] org.apache.catalina.core.StandardService.startInternal Starting service [Catalina]
30-Apr-2026 11:52:16.945 INFO [main] org.apache.catalina.core.StandardEngine.startInternal Starting Servlet engine: [Apache Tomcat/9.0.116]
30-Apr-2026 11:52:16.957 INFO [main] org.apache.catalina.startup.HostConfig.deployDescriptor Deploying deployment descriptor [C:\Users\bvign\IdeaProjects\VM-Code\conf\Catalina\localhost\VM-Code.xml]
30-Apr-2026 11:52:20.706 INFO [main] org.apache.jasper.servlet.TldScanner.scanJars At least one JAR was scanned for TLDs yet contained no TLDs. Enable debug logging for this logger for a complete list of JARs that were scanned but no TLDs were found in them. Skipping unneeded JARs during scanning can improve startup time and JSP compilation time.
30-Apr-2026 11:52:26.429 INFO [main] org.apache.catalina.startup.HostConfig.deployDescriptor Deployment of deployment descriptor [C:\Users\bvign\IdeaProjects\VM-Code\conf\Catalina\localhost\VM-Code.xml] has finished in [9,471] ms
30-Apr-2026 11:52:26.433 INFO [main] org.apache.coyote.AbstractProtocol.start Starting ProtocolHandler ["http-nio-8080"]
30-Apr-2026 11:52:26.450 INFO [main] org.apache.catalina.startup.Catalina.start Server startup in [9582] milliseconds
30-Apr-2026 11:53:47.206 INFO [Thread-1] org.apache.coyote.AbstractProtocol.pause Pausing ProtocolHandler ["http-nio-8080"]
30-Apr-2026 11:53:47.323 INFO [Thread-1] org.apache.catalina.core.StandardService.stopInternal Stopping service [Catalina]
30-Apr-2026 11:53:47.330 WARNING [Thread-1] org.apache.catalina.loader.WebappClassLoaderBase.clearReferencesJdbc The web application [VM-Code] registered the JDBC driver [com.mysql.cj.jdbc.Driver] but failed to unregister it when the web application was stopped. To prevent a memory leak, the JDBC Driver has been forcibly unregistered.
30-Apr-2026 11:53:47.331 WARNING [Thread-1] org.apache.catalina.loader.WebappClassLoaderBase.clearReferencesThreads The web application [VM-Code] appears to have started a thread named [mysql-cj-abandoned-connection-cleanup] but has failed to stop it. This is very likely to create a memory leak. Stack trace of thread:
 java.base@17.0.12/java.lang.Object.wait(Native Method)
 java.base@17.0.12/java.lang.ref.ReferenceQueue.remove(ReferenceQueue.java:155)
 com.mysql.cj.jdbc.AbandonedConnectionCleanupThread.run(AbandonedConnectionCleanupThread.java:93)
 java.base@17.0.12/java.util.concurrent.ThreadPoolExecutor.runWorker(ThreadPoolExecutor.java:1136)
 java.base@17.0.12/java.util.concurrent.ThreadPoolExecutor$Worker.run(ThreadPoolExecutor.java:635)
 java.base@17.0.12/java.lang.Thread.run(Thread.java:842)
30-Apr-2026 11:53:47.331 SEVERE [Thread-1] org.apache.catalina.loader.WebappClassLoaderBase.checkThreadLocalMapForLeaks The web application [VM-Code] created a ThreadLocal with key of type [java.lang.ThreadLocal.SuppliedThreadLocal] (value [java.lang.ThreadLocal$SuppliedThreadLocal@4ac761ad]) and a value of type [net.logstash.logback.util.ThreadLocalHolder.Holder] (value [net.logstash.logback.util.ThreadLocalHolder$Holder@6a5bfc0e]) but failed to remove it when the web application was stopped. Threads are going to be renewed over time to try and avoid a probable memory leak.
30-Apr-2026 11:53:47.331 SEVERE [Thread-1] org.apache.catalina.loader.WebappClassLoaderBase.checkThreadLocalMapForLeaks The web application [VM-Code] created a ThreadLocal with key of type [java.lang.ThreadLocal.SuppliedThreadLocal] (value [java.lang.ThreadLocal$SuppliedThreadLocal@40518b14]) and a value of type [net.logstash.logback.util.ThreadLocalHolder.Holder] (value [net.logstash.logback.util.ThreadLocalHolder$Holder@1cd46ade]) but failed to remove it when the web application was stopped. Threads are going to be renewed over time to try and avoid a probable memory leak.
30-Apr-2026 11:53:47.332 SEVERE [Thread-1] org.apache.catalina.loader.WebappClassLoaderBase.checkThreadLocalMapForLeaks The web application [VM-Code] created a ThreadLocal with key of type [java.lang.ThreadLocal.SuppliedThreadLocal] (value [java.lang.ThreadLocal$SuppliedThreadLocal@4ac761ad]) and a value of type [net.logstash.logback.util.ThreadLocalHolder.Holder] (value [net.logstash.logback.util.ThreadLocalHolder$Holder@6defbae0]) but failed to remove it when the web application was stopped. Threads are going to be renewed over time to try and avoid a probable memory leak.
30-Apr-2026 11:53:47.332 SEVERE [Thread-1] org.apache.catalina.loader.WebappClassLoaderBase.checkThreadLocalMapForLeaks The web application [VM-Code] created a ThreadLocal with key of type [java.lang.ThreadLocal.SuppliedThreadLocal] (value [java.lang.ThreadLocal$SuppliedThreadLocal@40518b14]) and a value of type [net.logstash.logback.util.ThreadLocalHolder.Holder] (value [net.logstash.logback.util.ThreadLocalHolder$Holder@586180df]) but failed to remove it when the web application was stopped. Threads are going to be renewed over time to try and avoid a probable memory leak.
30-Apr-2026 11:53:47.335 INFO [Thread-1] org.apache.coyote.AbstractProtocol.stop Stopping ProtocolHandler ["http-nio-8080"]
30-Apr-2026 11:53:47.356 INFO [Thread-1] org.apache.coyote.AbstractProtocol.destroy Destroying ProtocolHandler ["http-nio-8080"]
30-Apr-2026 12:27:58.334 INFO [main] org.apache.catalina.startup.VersionLoggerListener.log Server version name:   Apache Tomcat/9.0.116
30-Apr-2026 12:27:58.343 INFO [main] org.apache.catalina.startup.VersionLoggerListener.log Server built:          Mar 16 2026 15:05:42 UTC
30-Apr-2026 12:27:58.343 INFO [main] org.apache.catalina.startup.VersionLoggerListener.log Server version number: 9.0.116.0
30-Apr-2026 12:27:58.344 INFO [main] org.apache.catalina.startup.VersionLoggerListener.log OS Name:               Windows 11
30-Apr-2026 12:27:58.344 INFO [main] org.apache.catalina.startup.VersionLoggerListener.log OS Version:            10.0
30-Apr-2026 12:27:58.344 INFO [main] org.apache.catalina.startup.VersionLoggerListener.log Architecture:          amd64
30-Apr-2026 12:27:58.344 INFO [main] org.apache.catalina.startup.VersionLoggerListener.log Java Home:             C:\Program Files\Java\jdk-17
30-Apr-2026 12:27:58.344 INFO [main] org.apache.catalina.startup.VersionLoggerListener.log JVM Version:           17.0.12+8-LTS-286
30-Apr-2026 12:27:58.344 INFO [main] org.apache.catalina.startup.VersionLoggerListener.log JVM Vendor:            Oracle Corporation
30-Apr-2026 12:27:58.344 INFO [main] org.apache.catalina.startup.VersionLoggerListener.log CATALINA_BASE:         C:\Users\bvign\IdeaProjects\VM-Code
30-Apr-2026 12:27:58.344 INFO [main] org.apache.catalina.startup.VersionLoggerListener.log CATALINA_HOME:         C:\Users\bvign\Downloads\apache-tomcat-9.0.116
30-Apr-2026 12:27:58.358 INFO [main] org.apache.catalina.startup.VersionLoggerListener.log Command line argument: --add-opens=java.base/java.lang=ALL-UNNAMED
30-Apr-2026 12:27:58.359 INFO [main] org.apache.catalina.startup.VersionLoggerListener.log Command line argument: --add-opens=java.base/java.io=ALL-UNNAMED
30-Apr-2026 12:27:58.359 INFO [main] org.apache.catalina.startup.VersionLoggerListener.log Command line argument: --add-opens=java.base/java.util=ALL-UNNAMED
30-Apr-2026 12:27:58.359 INFO [main] org.apache.catalina.startup.VersionLoggerListener.log Command line argument: --add-opens=java.base/java.util.concurrent=ALL-UNNAMED
30-Apr-2026 12:27:58.359 INFO [main] org.apache.catalina.startup.VersionLoggerListener.log Command line argument: --add-opens=java.rmi/sun.rmi.transport=ALL-UNNAMED
30-Apr-2026 12:27:58.359 INFO [main] org.apache.catalina.startup.VersionLoggerListener.log Command line argument: -Dcatalina.home=C:\Users\bvign\Downloads\apache-tomcat-9.0.116
30-Apr-2026 12:27:58.359 INFO [main] org.apache.catalina.startup.VersionLoggerListener.log Command line argument: -Dcatalina.base=C:\Users\bvign\IdeaProjects\VM-Code
30-Apr-2026 12:27:58.360 INFO [main] org.apache.catalina.startup.VersionLoggerListener.log Command line argument: -Djava.io.tmpdir=C:\Users\bvign\IdeaProjects\VM-Code\temp
30-Apr-2026 12:27:58.360 INFO [main] org.apache.catalina.startup.VersionLoggerListener.log Command line argument: -Djava.util.logging.config.file=C:\Users\bvign\IdeaProjects\VM-Code\conf\logging.properties
30-Apr-2026 12:27:58.360 INFO [main] org.apache.catalina.startup.VersionLoggerListener.log Command line argument: -Djava.util.logging.manager=org.apache.juli.ClassLoaderLogManager
30-Apr-2026 12:27:58.360 INFO [main] org.apache.catalina.startup.VersionLoggerListener.log Command line argument: -javaagent:C:\Program Files\JetBrains\IntelliJ IDEA Community Edition 2025.1.3\lib\idea_rt.jar=51530
30-Apr-2026 12:27:58.360 INFO [main] org.apache.catalina.startup.VersionLoggerListener.log Command line argument: -Dfile.encoding=UTF-8
30-Apr-2026 12:27:58.374 INFO [main] org.apache.catalina.core.AprLifecycleListener.lifecycleEvent The Apache Tomcat Native library which allows using OpenSSL was not found on the java.library.path: [C:\Program Files\Java\jdk-17\bin;C:\WINDOWS\Sun\Java\bin;C:\WINDOWS\system32;C:\WINDOWS;C:\Program Files\Common Files\Oracle\Java\javapath;C:\Windows\system32;C:\Windows;C:\Windows\System32\Wbem;C:\Windows\System32\WindowsPowerShell\v1.0\;C:\Windows\System32\OpenSSH\;C:\Program Files\Git\cmd;C:\WINDOWS\system32;C:\WINDOWS;C:\WINDOWS\System32\Wbem;C:\WINDOWS\System32\WindowsPowerShell\v1.0\;C:\WINDOWS\System32\OpenSSH\;C:\Program Files\MySQL\MySQL Server 8.0_1\bin;C:\Program Files\nodejs\;C:\ProgramData\chocolatey\bin;C:\Program Files (x86)\NVIDIA Corporation\PhysX\Common;C:\Program Files\maven-mvnd-1.0.2-windows-amd64\maven-mvnd-1.0.2-windows-amd64\bin;C:\Program Files\Java\jdk-17\bin;C:\Program Files\apache-maven-3.9.11\bin;C:\Program Files\GitHub CLI\;C:\Program Files\Docker\Docker\resources\bin;C:\Users\bvign\AppData\Local\Programs\Python\Python313\Scripts\;C:\Users\bvign\AppData\Local\Programs\Python\Python313\;C:\Users\bvign\AppData\Local\Programs\Python\Launcher\;C:\Program Files\MySQL\MySQL Shell 8.0\bin\;C:\Users\bvign\AppData\Local\Microsoft\WindowsApps;C:\Program Files\JetBrains\IntelliJ IDEA Community Edition 2024.2.3\bin;;C:\Users\bvign\AppData\Roaming\npm;C:\Users\bvign\AppData\Local\Programs\Microsoft VS Code\bin;C:\Users\bvign\AppData\Local\Programs\Antigravity\bin;C:\Program Files\\Elastic\Beats\9.3.2\filebeat;.]
30-Apr-2026 12:27:58.738 INFO [main] org.apache.coyote.AbstractProtocol.init Initializing ProtocolHandler ["http-nio-8080"]
30-Apr-2026 12:27:58.762 INFO [main] org.apache.catalina.startup.Catalina.load Server initialization in [675] milliseconds
30-Apr-2026 12:27:58.821 INFO [main] org.apache.catalina.core.StandardService.startInternal Starting service [Catalina]
30-Apr-2026 12:27:58.822 INFO [main] org.apache.catalina.core.StandardEngine.startInternal Starting Servlet engine: [Apache Tomcat/9.0.116]
30-Apr-2026 12:27:58.830 INFO [main] org.apache.catalina.startup.HostConfig.deployDescriptor Deploying deployment descriptor [C:\Users\bvign\IdeaProjects\VM-Code\conf\Catalina\localhost\VM-Code.xml]
30-Apr-2026 12:28:02.437 INFO [main] org.apache.jasper.servlet.TldScanner.scanJars At least one JAR was scanned for TLDs yet contained no TLDs. Enable debug logging for this logger for a complete list of JARs that were scanned but no TLDs were found in them. Skipping unneeded JARs during scanning can improve startup time and JSP compilation time.
30-Apr-2026 12:28:08.876 INFO [main] org.apache.catalina.startup.HostConfig.deployDescriptor Deployment of deployment descriptor [C:\Users\bvign\IdeaProjects\VM-Code\conf\Catalina\localhost\VM-Code.xml] has finished in [10,045] ms
30-Apr-2026 12:28:08.884 INFO [main] org.apache.coyote.AbstractProtocol.start Starting ProtocolHandler ["http-nio-8080"]
30-Apr-2026 12:28:08.908 INFO [main] org.apache.catalina.startup.Catalina.start Server startup in [10145] milliseconds
30-Apr-2026 12:39:29.687 INFO [Thread-1] org.apache.coyote.AbstractProtocol.pause Pausing ProtocolHandler ["http-nio-8080"]
30-Apr-2026 12:39:29.811 INFO [Thread-1] org.apache.catalina.core.StandardService.stopInternal Stopping service [Catalina]
30-Apr-2026 12:39:29.824 WARNING [Thread-1] org.apache.catalina.loader.WebappClassLoaderBase.clearReferencesJdbc The web application [VM-Code] registered the JDBC driver [com.mysql.cj.jdbc.Driver] but failed to unregister it when the web application was stopped. To prevent a memory leak, the JDBC Driver has been forcibly unregistered.
30-Apr-2026 12:39:29.825 WARNING [Thread-1] org.apache.catalina.loader.WebappClassLoaderBase.clearReferencesThreads The web application [VM-Code] appears to have started a thread named [mysql-cj-abandoned-connection-cleanup] but has failed to stop it. This is very likely to create a memory leak. Stack trace of thread:
 java.base@17.0.12/java.lang.Object.wait(Native Method)
 java.base@17.0.12/java.lang.ref.ReferenceQueue.remove(ReferenceQueue.java:155)
 com.mysql.cj.jdbc.AbandonedConnectionCleanupThread.run(AbandonedConnectionCleanupThread.java:93)
 java.base@17.0.12/java.util.concurrent.ThreadPoolExecutor.runWorker(ThreadPoolExecutor.java:1136)
 java.base@17.0.12/java.util.concurrent.ThreadPoolExecutor$Worker.run(ThreadPoolExecutor.java:635)
 java.base@17.0.12/java.lang.Thread.run(Thread.java:842)
30-Apr-2026 12:39:29.825 WARNING [Thread-1] org.apache.catalina.loader.WebappClassLoaderBase.clearReferencesThreads The web application [VM-Code] appears to have started a thread named [OkHttp generativelanguage.googleapis.com] but has failed to stop it. This is very likely to create a memory leak. Stack trace of thread:
 java.base@17.0.12/sun.nio.ch.Net.poll(Native Method)
 java.base@17.0.12/sun.nio.ch.NioSocketImpl.park(NioSocketImpl.java:186)
 java.base@17.0.12/sun.nio.ch.NioSocketImpl.park(NioSocketImpl.java:195)
 java.base@17.0.12/sun.nio.ch.NioSocketImpl.implRead(NioSocketImpl.java:319)
 java.base@17.0.12/sun.nio.ch.NioSocketImpl.read(NioSocketImpl.java:355)
 java.base@17.0.12/sun.nio.ch.NioSocketImpl$1.read(NioSocketImpl.java:808)
 java.base@17.0.12/java.net.Socket$SocketInputStream.read(Socket.java:966)
 java.base@17.0.12/sun.security.ssl.SSLSocketInputRecord.read(SSLSocketInputRecord.java:484)
 java.base@17.0.12/sun.security.ssl.SSLSocketInputRecord.readHeader(SSLSocketInputRecord.java:478)
 java.base@17.0.12/sun.security.ssl.SSLSocketInputRecord.bytesInCompletePacket(SSLSocketInputRecord.java:70)
 java.base@17.0.12/sun.security.ssl.SSLSocketImpl.readApplicationRecord(SSLSocketImpl.java:1461)
 java.base@17.0.12/sun.security.ssl.SSLSocketImpl$AppInputStream.read(SSLSocketImpl.java:1065)
 okio.InputStreamSource.read(JvmOkio.kt:93)
 okio.AsyncTimeout$source$1.read(AsyncTimeout.kt:128)
 okio.RealBufferedSource.request(RealBufferedSource.kt:209)
 okio.RealBufferedSource.require(RealBufferedSource.kt:202)
 okhttp3.internal.http2.Http2Reader.nextFrame(Http2Reader.kt:89)
 okhttp3.internal.http2.Http2Connection$ReaderRunnable.invoke(Http2Connection.kt:618)
 okhttp3.internal.http2.Http2Connection$ReaderRunnable.invoke(Http2Connection.kt:609)
 okhttp3.internal.concurrent.TaskQueue$execute$1.runOnce(TaskQueue.kt:98)
 okhttp3.internal.concurrent.TaskRunner.runTask(TaskRunner.kt:116)
 okhttp3.internal.concurrent.TaskRunner.access$runTask(TaskRunner.kt:42)
 okhttp3.internal.concurrent.TaskRunner$runnable$1.run(TaskRunner.kt:65)
 java.base@17.0.12/java.util.concurrent.ThreadPoolExecutor.runWorker(ThreadPoolExecutor.java:1136)
 java.base@17.0.12/java.util.concurrent.ThreadPoolExecutor$Worker.run(ThreadPoolExecutor.java:635)
 java.base@17.0.12/java.lang.Thread.run(Thread.java:842)
30-Apr-2026 12:39:29.826 WARNING [Thread-1] org.apache.catalina.loader.WebappClassLoaderBase.clearReferencesThreads The web application [VM-Code] appears to have started a thread named [OkHttp TaskRunner] but has failed to stop it. This is very likely to create a memory leak. Stack trace of thread:
 java.base@17.0.12/java.lang.Object.wait(Native Method)
 java.base@17.0.12/java.lang.Object.wait(Object.java:472)
 okhttp3.internal.concurrent.TaskRunner$RealBackend.coordinatorWait(TaskRunner.kt:294)
 okhttp3.internal.concurrent.TaskRunner.awaitTaskToRun(TaskRunner.kt:218)
 okhttp3.internal.concurrent.TaskRunner$runnable$1.run(TaskRunner.kt:59)
 java.base@17.0.12/java.util.concurrent.ThreadPoolExecutor.runWorker(ThreadPoolExecutor.java:1136)
 java.base@17.0.12/java.util.concurrent.ThreadPoolExecutor$Worker.run(ThreadPoolExecutor.java:635)
 java.base@17.0.12/java.lang.Thread.run(Thread.java:842)
30-Apr-2026 12:39:29.829 SEVERE [Thread-1] org.apache.catalina.loader.WebappClassLoaderBase.checkThreadLocalMapForLeaks The web application [VM-Code] created a ThreadLocal with key of type [java.lang.ThreadLocal.SuppliedThreadLocal] (value [java.lang.ThreadLocal$SuppliedThreadLocal@60e4a481]) and a value of type [net.logstash.logback.util.ThreadLocalHolder.Holder] (value [net.logstash.logback.util.ThreadLocalHolder$Holder@4602d018]) but failed to remove it when the web application was stopped. Threads are going to be renewed over time to try and avoid a probable memory leak.
30-Apr-2026 12:39:29.829 SEVERE [Thread-1] org.apache.catalina.loader.WebappClassLoaderBase.checkThreadLocalMapForLeaks The web application [VM-Code] created a ThreadLocal with key of type [java.lang.ThreadLocal.SuppliedThreadLocal] (value [java.lang.ThreadLocal$SuppliedThreadLocal@2660485a]) and a value of type [net.logstash.logback.util.ThreadLocalHolder.Holder] (value [net.logstash.logback.util.ThreadLocalHolder$Holder@57bfed5b]) but failed to remove it when the web application was stopped. Threads are going to be renewed over time to try and avoid a probable memory leak.
30-Apr-2026 12:39:29.830 SEVERE [Thread-1] org.apache.catalina.loader.WebappClassLoaderBase.checkThreadLocalMapForLeaks The web application [VM-Code] created a ThreadLocal with key of type [java.lang.ThreadLocal.SuppliedThreadLocal] (value [java.lang.ThreadLocal$SuppliedThreadLocal@60e4a481]) and a value of type [net.logstash.logback.util.ThreadLocalHolder.Holder] (value [net.logstash.logback.util.ThreadLocalHolder$Holder@66eeb951]) but failed to remove it when the web application was stopped. Threads are going to be renewed over time to try and avoid a probable memory leak.
30-Apr-2026 12:39:29.830 SEVERE [Thread-1] org.apache.catalina.loader.WebappClassLoaderBase.checkThreadLocalMapForLeaks The web application [VM-Code] created a ThreadLocal with key of type [java.lang.ThreadLocal.SuppliedThreadLocal] (value [java.lang.ThreadLocal$SuppliedThreadLocal@2660485a]) and a value of type [net.logstash.logback.util.ThreadLocalHolder.Holder] (value [net.logstash.logback.util.ThreadLocalHolder$Holder@4e1345e2]) but failed to remove it when the web application was stopped. Threads are going to be renewed over time to try and avoid a probable memory leak.
30-Apr-2026 12:39:29.834 INFO [Thread-1] org.apache.coyote.AbstractProtocol.stop Stopping ProtocolHandler ["http-nio-8080"]
30-Apr-2026 12:39:29.846 INFO [Thread-1] org.apache.coyote.AbstractProtocol.destroy Destroying ProtocolHandler ["http-nio-8080"]
30-Apr-2026 12:39:31.646 INFO [main] org.apache.catalina.startup.VersionLoggerListener.log Server version name:   Apache Tomcat/9.0.116
30-Apr-2026 12:39:31.653 INFO [main] org.apache.catalina.startup.VersionLoggerListener.log Server built:          Mar 16 2026 15:05:42 UTC
30-Apr-2026 12:39:31.654 INFO [main] org.apache.catalina.startup.VersionLoggerListener.log Server version number: 9.0.116.0
30-Apr-2026 12:39:31.654 INFO [main] org.apache.catalina.startup.VersionLoggerListener.log OS Name:               Windows 11
30-Apr-2026 12:39:31.654 INFO [main] org.apache.catalina.startup.VersionLoggerListener.log OS Version:            10.0
30-Apr-2026 12:39:31.654 INFO [main] org.apache.catalina.startup.VersionLoggerListener.log Architecture:          amd64
30-Apr-2026 12:39:31.654 INFO [main] org.apache.catalina.startup.VersionLoggerListener.log Java Home:             C:\Program Files\Java\jdk-17
30-Apr-2026 12:39:31.654 INFO [main] org.apache.catalina.startup.VersionLoggerListener.log JVM Version:           17.0.12+8-LTS-286
30-Apr-2026 12:39:31.654 INFO [main] org.apache.catalina.startup.VersionLoggerListener.log JVM Vendor:            Oracle Corporation
30-Apr-2026 12:39:31.655 INFO [main] org.apache.catalina.startup.VersionLoggerListener.log CATALINA_BASE:         C:\Users\bvign\IdeaProjects\VM-Code
30-Apr-2026 12:39:31.655 INFO [main] org.apache.catalina.startup.VersionLoggerListener.log CATALINA_HOME:         C:\Users\bvign\Downloads\apache-tomcat-9.0.116
30-Apr-2026 12:39:31.668 INFO [main] org.apache.catalina.startup.VersionLoggerListener.log Command line argument: --add-opens=java.base/java.lang=ALL-UNNAMED
30-Apr-2026 12:39:31.669 INFO [main] org.apache.catalina.startup.VersionLoggerListener.log Command line argument: --add-opens=java.base/java.io=ALL-UNNAMED
30-Apr-2026 12:39:31.669 INFO [main] org.apache.catalina.startup.VersionLoggerListener.log Command line argument: --add-opens=java.base/java.util=ALL-UNNAMED
30-Apr-2026 12:39:31.669 INFO [main] org.apache.catalina.startup.VersionLoggerListener.log Command line argument: --add-opens=java.base/java.util.concurrent=ALL-UNNAMED
30-Apr-2026 12:39:31.670 INFO [main] org.apache.catalina.startup.VersionLoggerListener.log Command line argument: --add-opens=java.rmi/sun.rmi.transport=ALL-UNNAMED
30-Apr-2026 12:39:31.670 INFO [main] org.apache.catalina.startup.VersionLoggerListener.log Command line argument: -Dcatalina.home=C:\Users\bvign\Downloads\apache-tomcat-9.0.116
30-Apr-2026 12:39:31.670 INFO [main] org.apache.catalina.startup.VersionLoggerListener.log Command line argument: -Dcatalina.base=C:\Users\bvign\IdeaProjects\VM-Code
30-Apr-2026 12:39:31.670 INFO [main] org.apache.catalina.startup.VersionLoggerListener.log Command line argument: -Djava.io.tmpdir=C:\Users\bvign\IdeaProjects\VM-Code\temp
30-Apr-2026 12:39:31.670 INFO [main] org.apache.catalina.startup.VersionLoggerListener.log Command line argument: -Djava.util.logging.config.file=C:\Users\bvign\IdeaProjects\VM-Code\conf\logging.properties
30-Apr-2026 12:39:31.670 INFO [main] org.apache.catalina.startup.VersionLoggerListener.log Command line argument: -Djava.util.logging.manager=org.apache.juli.ClassLoaderLogManager
30-Apr-2026 12:39:31.670 INFO [main] org.apache.catalina.startup.VersionLoggerListener.log Command line argument: -javaagent:C:\Program Files\JetBrains\IntelliJ IDEA Community Edition 2025.1.3\lib\idea_rt.jar=51238
30-Apr-2026 12:39:31.670 INFO [main] org.apache.catalina.startup.VersionLoggerListener.log Command line argument: -Dfile.encoding=UTF-8
30-Apr-2026 12:39:31.681 INFO [main] org.apache.catalina.core.AprLifecycleListener.lifecycleEvent The Apache Tomcat Native library which allows using OpenSSL was not found on the java.library.path: [C:\Program Files\Java\jdk-17\bin;C:\WINDOWS\Sun\Java\bin;C:\WINDOWS\system32;C:\WINDOWS;C:\Program Files\Common Files\Oracle\Java\javapath;C:\Windows\system32;C:\Windows;C:\Windows\System32\Wbem;C:\Windows\System32\WindowsPowerShell\v1.0\;C:\Windows\System32\OpenSSH\;C:\Program Files\Git\cmd;C:\WINDOWS\system32;C:\WINDOWS;C:\WINDOWS\System32\Wbem;C:\WINDOWS\System32\WindowsPowerShell\v1.0\;C:\WINDOWS\System32\OpenSSH\;C:\Program Files\MySQL\MySQL Server 8.0_1\bin;C:\Program Files\nodejs\;C:\ProgramData\chocolatey\bin;C:\Program Files (x86)\NVIDIA Corporation\PhysX\Common;C:\Program Files\maven-mvnd-1.0.2-windows-amd64\maven-mvnd-1.0.2-windows-amd64\bin;C:\Program Files\Java\jdk-17\bin;C:\Program Files\apache-maven-3.9.11\bin;C:\Program Files\GitHub CLI\;C:\Program Files\Docker\Docker\resources\bin;C:\Users\bvign\AppData\Local\Programs\Python\Python313\Scripts\;C:\Users\bvign\AppData\Local\Programs\Python\Python313\;C:\Users\bvign\AppData\Local\Programs\Python\Launcher\;C:\Program Files\MySQL\MySQL Shell 8.0\bin\;C:\Users\bvign\AppData\Local\Microsoft\WindowsApps;C:\Program Files\JetBrains\IntelliJ IDEA Community Edition 2024.2.3\bin;;C:\Users\bvign\AppData\Roaming\npm;C:\Users\bvign\AppData\Local\Programs\Microsoft VS Code\bin;C:\Users\bvign\AppData\Local\Programs\Antigravity\bin;C:\Program Files\\Elastic\Beats\9.3.2\filebeat;.]
30-Apr-2026 12:39:32.040 INFO [main] org.apache.coyote.AbstractProtocol.init Initializing ProtocolHandler ["http-nio-8080"]
30-Apr-2026 12:39:32.067 INFO [main] org.apache.catalina.startup.Catalina.load Server initialization in [667] milliseconds
30-Apr-2026 12:39:32.182 INFO [main] org.apache.catalina.core.StandardService.startInternal Starting service [Catalina]
30-Apr-2026 12:39:32.183 INFO [main] org.apache.catalina.core.StandardEngine.startInternal Starting Servlet engine: [Apache Tomcat/9.0.116]
30-Apr-2026 12:39:32.209 INFO [main] org.apache.catalina.startup.HostConfig.deployDescriptor Deploying deployment descriptor [C:\Users\bvign\IdeaProjects\VM-Code\conf\Catalina\localhost\VM-Code.xml]
30-Apr-2026 12:39:35.669 INFO [main] org.apache.jasper.servlet.TldScanner.scanJars At least one JAR was scanned for TLDs yet contained no TLDs. Enable debug logging for this logger for a complete list of JARs that were scanned but no TLDs were found in them. Skipping unneeded JARs during scanning can improve startup time and JSP compilation time.
30-Apr-2026 12:39:41.289 INFO [main] org.apache.catalina.startup.HostConfig.deployDescriptor Deployment of deployment descriptor [C:\Users\bvign\IdeaProjects\VM-Code\conf\Catalina\localhost\VM-Code.xml] has finished in [9,080] ms
30-Apr-2026 12:39:41.297 INFO [main] org.apache.coyote.AbstractProtocol.start Starting ProtocolHandler ["http-nio-8080"]
30-Apr-2026 12:39:41.323 INFO [main] org.apache.catalina.startup.Catalina.start Server startup in [9256] milliseconds
30-Apr-2026 12:40:28.776 INFO [Thread-1] org.apache.coyote.AbstractProtocol.pause Pausing ProtocolHandler ["http-nio-8080"]
30-Apr-2026 12:40:28.895 INFO [Thread-1] org.apache.catalina.core.StandardService.stopInternal Stopping service [Catalina]
30-Apr-2026 12:40:28.904 WARNING [Thread-1] org.apache.catalina.loader.WebappClassLoaderBase.clearReferencesJdbc The web application [VM-Code] registered the JDBC driver [com.mysql.cj.jdbc.Driver] but failed to unregister it when the web application was stopped. To prevent a memory leak, the JDBC Driver has been forcibly unregistered.
30-Apr-2026 12:40:28.905 WARNING [Thread-1] org.apache.catalina.loader.WebappClassLoaderBase.clearReferencesThreads The web application [VM-Code] appears to have started a thread named [mysql-cj-abandoned-connection-cleanup] but has failed to stop it. This is very likely to create a memory leak. Stack trace of thread:
 java.base@17.0.12/java.lang.Object.wait(Native Method)
 java.base@17.0.12/java.lang.ref.ReferenceQueue.remove(ReferenceQueue.java:155)
 com.mysql.cj.jdbc.AbandonedConnectionCleanupThread.run(AbandonedConnectionCleanupThread.java:93)
 java.base@17.0.12/java.util.concurrent.ThreadPoolExecutor.runWorker(ThreadPoolExecutor.java:1136)
 java.base@17.0.12/java.util.concurrent.ThreadPoolExecutor$Worker.run(ThreadPoolExecutor.java:635)
 java.base@17.0.12/java.lang.Thread.run(Thread.java:842)
30-Apr-2026 12:40:28.905 WARNING [Thread-1] org.apache.catalina.loader.WebappClassLoaderBase.clearReferencesThreads The web application [VM-Code] appears to have started a thread named [OkHttp generativelanguage.googleapis.com] but has failed to stop it. This is very likely to create a memory leak. Stack trace of thread:
 java.base@17.0.12/sun.nio.ch.Net.poll(Native Method)
 java.base@17.0.12/sun.nio.ch.NioSocketImpl.park(NioSocketImpl.java:186)
 java.base@17.0.12/sun.nio.ch.NioSocketImpl.park(NioSocketImpl.java:195)
 java.base@17.0.12/sun.nio.ch.NioSocketImpl.implRead(NioSocketImpl.java:319)
 java.base@17.0.12/sun.nio.ch.NioSocketImpl.read(NioSocketImpl.java:355)
 java.base@17.0.12/sun.nio.ch.NioSocketImpl$1.read(NioSocketImpl.java:808)
 java.base@17.0.12/java.net.Socket$SocketInputStream.read(Socket.java:966)
 java.base@17.0.12/sun.security.ssl.SSLSocketInputRecord.read(SSLSocketInputRecord.java:484)
 java.base@17.0.12/sun.security.ssl.SSLSocketInputRecord.readHeader(SSLSocketInputRecord.java:478)
 java.base@17.0.12/sun.security.ssl.SSLSocketInputRecord.bytesInCompletePacket(SSLSocketInputRecord.java:70)
 java.base@17.0.12/sun.security.ssl.SSLSocketImpl.readApplicationRecord(SSLSocketImpl.java:1461)
 java.base@17.0.12/sun.security.ssl.SSLSocketImpl$AppInputStream.read(SSLSocketImpl.java:1065)
 okio.InputStreamSource.read(JvmOkio.kt:93)
 okio.AsyncTimeout$source$1.read(AsyncTimeout.kt:128)
 okio.RealBufferedSource.request(RealBufferedSource.kt:209)
 okio.RealBufferedSource.require(RealBufferedSource.kt:202)
 okhttp3.internal.http2.Http2Reader.nextFrame(Http2Reader.kt:89)
 okhttp3.internal.http2.Http2Connection$ReaderRunnable.invoke(Http2Connection.kt:618)
 okhttp3.internal.http2.Http2Connection$ReaderRunnable.invoke(Http2Connection.kt:609)
 okhttp3.internal.concurrent.TaskQueue$execute$1.runOnce(TaskQueue.kt:98)
 okhttp3.internal.concurrent.TaskRunner.runTask(TaskRunner.kt:116)
 okhttp3.internal.concurrent.TaskRunner.access$runTask(TaskRunner.kt:42)
 okhttp3.internal.concurrent.TaskRunner$runnable$1.run(TaskRunner.kt:65)
 java.base@17.0.12/java.util.concurrent.ThreadPoolExecutor.runWorker(ThreadPoolExecutor.java:1136)
 java.base@17.0.12/java.util.concurrent.ThreadPoolExecutor$Worker.run(ThreadPoolExecutor.java:635)
 java.base@17.0.12/java.lang.Thread.run(Thread.java:842)
30-Apr-2026 12:40:28.906 WARNING [Thread-1] org.apache.catalina.loader.WebappClassLoaderBase.clearReferencesThreads The web application [VM-Code] appears to have started a thread named [OkHttp TaskRunner] but has failed to stop it. This is very likely to create a memory leak. Stack trace of thread:
 java.base@17.0.12/jdk.internal.misc.Unsafe.park(Native Method)
 java.base@17.0.12/java.util.concurrent.locks.LockSupport.parkNanos(LockSupport.java:252)
 java.base@17.0.12/java.util.concurrent.SynchronousQueue$TransferStack.transfer(SynchronousQueue.java:401)
 java.base@17.0.12/java.util.concurrent.SynchronousQueue.poll(SynchronousQueue.java:903)
 java.base@17.0.12/java.util.concurrent.ThreadPoolExecutor.getTask(ThreadPoolExecutor.java:1061)
 java.base@17.0.12/java.util.concurrent.ThreadPoolExecutor.runWorker(ThreadPoolExecutor.java:1122)
 java.base@17.0.12/java.util.concurrent.ThreadPoolExecutor$Worker.run(ThreadPoolExecutor.java:635)
 java.base@17.0.12/java.lang.Thread.run(Thread.java:842)
30-Apr-2026 12:40:28.909 WARNING [Thread-1] org.apache.catalina.loader.WebappClassLoaderBase.clearReferencesThreads The web application [VM-Code] appears to have started a thread named [OkHttp TaskRunner] but has failed to stop it. This is very likely to create a memory leak. Stack trace of thread:
 java.base@17.0.12/jdk.internal.misc.Unsafe.park(Native Method)
 java.base@17.0.12/java.util.concurrent.locks.LockSupport.parkNanos(LockSupport.java:252)
 java.base@17.0.12/java.util.concurrent.SynchronousQueue$TransferStack.transfer(SynchronousQueue.java:401)
 java.base@17.0.12/java.util.concurrent.SynchronousQueue.poll(SynchronousQueue.java:903)
 java.base@17.0.12/java.util.concurrent.ThreadPoolExecutor.getTask(ThreadPoolExecutor.java:1061)
 java.base@17.0.12/java.util.concurrent.ThreadPoolExecutor.runWorker(ThreadPoolExecutor.java:1122)
 java.base@17.0.12/java.util.concurrent.ThreadPoolExecutor$Worker.run(ThreadPoolExecutor.java:635)
 java.base@17.0.12/java.lang.Thread.run(Thread.java:842)
30-Apr-2026 12:40:28.910 WARNING [Thread-1] org.apache.catalina.loader.WebappClassLoaderBase.clearReferencesThreads The web application [VM-Code] appears to have started a thread named [OkHttp TaskRunner] but has failed to stop it. This is very likely to create a memory leak. Stack trace of thread:
 java.base@17.0.12/java.lang.Object.wait(Native Method)
 java.base@17.0.12/java.lang.Object.wait(Object.java:472)
 okhttp3.internal.concurrent.TaskRunner$RealBackend.coordinatorWait(TaskRunner.kt:294)
 okhttp3.internal.concurrent.TaskRunner.awaitTaskToRun(TaskRunner.kt:218)
 okhttp3.internal.concurrent.TaskRunner$runnable$1.run(TaskRunner.kt:59)
 java.base@17.0.12/java.util.concurrent.ThreadPoolExecutor.runWorker(ThreadPoolExecutor.java:1136)
 java.base@17.0.12/java.util.concurrent.ThreadPoolExecutor$Worker.run(ThreadPoolExecutor.java:635)
 java.base@17.0.12/java.lang.Thread.run(Thread.java:842)
30-Apr-2026 12:40:28.910 WARNING [Thread-1] org.apache.catalina.loader.WebappClassLoaderBase.clearReferencesThreads The web application [VM-Code] appears to have started a thread named [Okio Watchdog] but has failed to stop it. This is very likely to create a memory leak. Stack trace of thread:
 java.base@17.0.12/jdk.internal.misc.Unsafe.park(Native Method)
 java.base@17.0.12/java.util.concurrent.locks.LockSupport.parkNanos(LockSupport.java:252)
 java.base@17.0.12/java.util.concurrent.locks.AbstractQueuedSynchronizer$ConditionObject.await(AbstractQueuedSynchronizer.java:1757)
 okio.AsyncTimeout$Companion.awaitTimeout$okio(AsyncTimeout.kt:308)
 okio.AsyncTimeout$Watchdog.run(AsyncTimeout.kt:186)
30-Apr-2026 12:40:28.911 SEVERE [Thread-1] org.apache.catalina.loader.WebappClassLoaderBase.checkThreadLocalMapForLeaks The web application [VM-Code] created a ThreadLocal with key of type [java.lang.ThreadLocal.SuppliedThreadLocal] (value [java.lang.ThreadLocal$SuppliedThreadLocal@11f8e123]) and a value of type [net.logstash.logback.util.ThreadLocalHolder.Holder] (value [net.logstash.logback.util.ThreadLocalHolder$Holder@1c4d899e]) but failed to remove it when the web application was stopped. Threads are going to be renewed over time to try and avoid a probable memory leak.
30-Apr-2026 12:40:28.911 SEVERE [Thread-1] org.apache.catalina.loader.WebappClassLoaderBase.checkThreadLocalMapForLeaks The web application [VM-Code] created a ThreadLocal with key of type [java.lang.ThreadLocal.SuppliedThreadLocal] (value [java.lang.ThreadLocal$SuppliedThreadLocal@7a6b4c3c]) and a value of type [net.logstash.logback.util.ThreadLocalHolder.Holder] (value [net.logstash.logback.util.ThreadLocalHolder$Holder@66ca7ebe]) but failed to remove it when the web application was stopped. Threads are going to be renewed over time to try and avoid a probable memory leak.
30-Apr-2026 12:40:28.911 SEVERE [Thread-1] org.apache.catalina.loader.WebappClassLoaderBase.checkThreadLocalMapForLeaks The web application [VM-Code] created a ThreadLocal with key of type [java.lang.ThreadLocal.SuppliedThreadLocal] (value [java.lang.ThreadLocal$SuppliedThreadLocal@11f8e123]) and a value of type [net.logstash.logback.util.ThreadLocalHolder.Holder] (value [net.logstash.logback.util.ThreadLocalHolder$Holder@60b6aad4]) but failed to remove it when the web application was stopped. Threads are going to be renewed over time to try and avoid a probable memory leak.
30-Apr-2026 12:40:28.911 SEVERE [Thread-1] org.apache.catalina.loader.WebappClassLoaderBase.checkThreadLocalMapForLeaks The web application [VM-Code] created a ThreadLocal with key of type [java.lang.ThreadLocal.SuppliedThreadLocal] (value [java.lang.ThreadLocal$SuppliedThreadLocal@7a6b4c3c]) and a value of type [net.logstash.logback.util.ThreadLocalHolder.Holder] (value [net.logstash.logback.util.ThreadLocalHolder$Holder@553c17f2]) but failed to remove it when the web application was stopped. Threads are going to be renewed over time to try and avoid a probable memory leak.
30-Apr-2026 12:40:28.915 INFO [Thread-1] org.apache.coyote.AbstractProtocol.stop Stopping ProtocolHandler ["http-nio-8080"]
30-Apr-2026 12:40:28.938 INFO [Thread-1] org.apache.coyote.AbstractProtocol.destroy Destroying ProtocolHandler ["http-nio-8080"]
