04-May-2026 10:56:16.602 INFO [main] org.apache.catalina.startup.VersionLoggerListener.log Server version name:   Apache Tomcat/9.0.116
04-May-2026 10:56:16.608 INFO [main] org.apache.catalina.startup.VersionLoggerListener.log Server built:          Mar 16 2026 15:05:42 UTC
04-May-2026 10:56:16.610 INFO [main] org.apache.catalina.startup.VersionLoggerListener.log Server version number: 9.0.116.0
04-May-2026 10:56:16.610 INFO [main] org.apache.catalina.startup.VersionLoggerListener.log OS Name:               Windows 11
04-May-2026 10:56:16.610 INFO [main] org.apache.catalina.startup.VersionLoggerListener.log OS Version:            10.0
04-May-2026 10:56:16.610 INFO [main] org.apache.catalina.startup.VersionLoggerListener.log Architecture:          amd64
04-May-2026 10:56:16.611 INFO [main] org.apache.catalina.startup.VersionLoggerListener.log Java Home:             C:\Program Files\Java\jdk-17
04-May-2026 10:56:16.611 INFO [main] org.apache.catalina.startup.VersionLoggerListener.log JVM Version:           17.0.12+8-LTS-286
04-May-2026 10:56:16.611 INFO [main] org.apache.catalina.startup.VersionLoggerListener.log JVM Vendor:            Oracle Corporation
04-May-2026 10:56:16.611 INFO [main] org.apache.catalina.startup.VersionLoggerListener.log CATALINA_BASE:         C:\Users\bvign\IdeaProjects\VM-Code
04-May-2026 10:56:16.611 INFO [main] org.apache.catalina.startup.VersionLoggerListener.log CATALINA_HOME:         C:\Users\bvign\Downloads\apache-tomcat-9.0.116
04-May-2026 10:56:16.625 INFO [main] org.apache.catalina.startup.VersionLoggerListener.log Command line argument: --add-opens=java.base/java.lang=ALL-UNNAMED
04-May-2026 10:56:16.626 INFO [main] org.apache.catalina.startup.VersionLoggerListener.log Command line argument: --add-opens=java.base/java.io=ALL-UNNAMED
04-May-2026 10:56:16.626 INFO [main] org.apache.catalina.startup.VersionLoggerListener.log Command line argument: --add-opens=java.base/java.util=ALL-UNNAMED
04-May-2026 10:56:16.627 INFO [main] org.apache.catalina.startup.VersionLoggerListener.log Command line argument: --add-opens=java.base/java.util.concurrent=ALL-UNNAMED
04-May-2026 10:56:16.628 INFO [main] org.apache.catalina.startup.VersionLoggerListener.log Command line argument: --add-opens=java.rmi/sun.rmi.transport=ALL-UNNAMED
04-May-2026 10:56:16.628 INFO [main] org.apache.catalina.startup.VersionLoggerListener.log Command line argument: -Dcatalina.home=C:\Users\bvign\Downloads\apache-tomcat-9.0.116
04-May-2026 10:56:16.629 INFO [main] org.apache.catalina.startup.VersionLoggerListener.log Command line argument: -Dcatalina.base=C:\Users\bvign\IdeaProjects\VM-Code
04-May-2026 10:56:16.630 INFO [main] org.apache.catalina.startup.VersionLoggerListener.log Command line argument: -Djava.io.tmpdir=C:\Users\bvign\IdeaProjects\VM-Code\temp
04-May-2026 10:56:16.630 INFO [main] org.apache.catalina.startup.VersionLoggerListener.log Command line argument: -Djava.util.logging.config.file=C:\Users\bvign\IdeaProjects\VM-Code\conf\logging.properties
04-May-2026 10:56:16.630 INFO [main] org.apache.catalina.startup.VersionLoggerListener.log Command line argument: -Djava.util.logging.manager=org.apache.juli.ClassLoaderLogManager
04-May-2026 10:56:16.631 INFO [main] org.apache.catalina.startup.VersionLoggerListener.log Command line argument: -javaagent:C:\Program Files\JetBrains\IntelliJ IDEA Community Edition 2025.1.3\lib\idea_rt.jar=55867
04-May-2026 10:56:16.631 INFO [main] org.apache.catalina.startup.VersionLoggerListener.log Command line argument: -Dfile.encoding=UTF-8
04-May-2026 10:56:16.641 INFO [main] org.apache.catalina.core.AprLifecycleListener.lifecycleEvent The Apache Tomcat Native library which allows using OpenSSL was not found on the java.library.path: [C:\Program Files\Java\jdk-17\bin;C:\WINDOWS\Sun\Java\bin;C:\WINDOWS\system32;C:\WINDOWS;C:\Program Files\Common Files\Oracle\Java\javapath;C:\Windows\system32;C:\Windows;C:\Windows\System32\Wbem;C:\Windows\System32\WindowsPowerShell\v1.0\;C:\Windows\System32\OpenSSH\;C:\Program Files\Git\cmd;C:\WINDOWS\system32;C:\WINDOWS;C:\WINDOWS\System32\Wbem;C:\WINDOWS\System32\WindowsPowerShell\v1.0\;C:\WINDOWS\System32\OpenSSH\;C:\Program Files\MySQL\MySQL Server 8.0_1\bin;C:\Program Files\nodejs\;C:\ProgramData\chocolatey\bin;C:\Program Files (x86)\NVIDIA Corporation\PhysX\Common;C:\Program Files\maven-mvnd-1.0.2-windows-amd64\maven-mvnd-1.0.2-windows-amd64\bin;C:\Program Files\Java\jdk-17\bin;C:\Program Files\apache-maven-3.9.11\bin;C:\Program Files\GitHub CLI\;C:\Program Files\Docker\Docker\resources\bin;C:\Users\bvign\AppData\Local\Programs\Python\Python313\Scripts\;C:\Users\bvign\AppData\Local\Programs\Python\Python313\;C:\Users\bvign\AppData\Local\Programs\Python\Launcher\;C:\Program Files\MySQL\MySQL Shell 8.0\bin\;C:\Users\bvign\AppData\Local\Microsoft\WindowsApps;C:\Program Files\JetBrains\IntelliJ IDEA Community Edition 2024.2.3\bin;;C:\Users\bvign\AppData\Roaming\npm;C:\Users\bvign\AppData\Local\Programs\Microsoft VS Code\bin;C:\Users\bvign\AppData\Local\Programs\Antigravity\bin;C:\Program Files\\Elastic\Beats\9.3.2\filebeat;.]
04-May-2026 10:56:17.070 INFO [main] org.apache.coyote.AbstractProtocol.init Initializing ProtocolHandler ["http-nio-8080"]
04-May-2026 10:56:17.096 INFO [main] org.apache.catalina.startup.Catalina.load Server initialization in [718] milliseconds
04-May-2026 10:56:17.164 INFO [main] org.apache.catalina.core.StandardService.startInternal Starting service [Catalina]
04-May-2026 10:56:17.164 INFO [main] org.apache.catalina.core.StandardEngine.startInternal Starting Servlet engine: [Apache Tomcat/9.0.116]
04-May-2026 10:56:17.174 INFO [main] org.apache.catalina.startup.HostConfig.deployDescriptor Deploying deployment descriptor [C:\Users\bvign\IdeaProjects\VM-Code\conf\Catalina\localhost\VM-Code.xml]
04-May-2026 10:56:20.683 INFO [main] org.apache.jasper.servlet.TldScanner.scanJars At least one JAR was scanned for TLDs yet contained no TLDs. Enable debug logging for this logger for a complete list of JARs that were scanned but no TLDs were found in them. Skipping unneeded JARs during scanning can improve startup time and JSP compilation time.
04-May-2026 10:56:26.121 INFO [main] org.apache.catalina.startup.HostConfig.deployDescriptor Deployment of deployment descriptor [C:\Users\bvign\IdeaProjects\VM-Code\conf\Catalina\localhost\VM-Code.xml] has finished in [8,946] ms
04-May-2026 10:56:26.127 INFO [main] org.apache.coyote.AbstractProtocol.start Starting ProtocolHandler ["http-nio-8080"]
04-May-2026 10:56:26.146 INFO [main] org.apache.catalina.startup.Catalina.start Server startup in [9050] milliseconds
04-May-2026 10:59:35.848 INFO [Thread-1] org.apache.coyote.AbstractProtocol.pause Pausing ProtocolHandler ["http-nio-8080"]
04-May-2026 10:59:36.083 INFO [Thread-1] org.apache.catalina.core.StandardService.stopInternal Stopping service [Catalina]
04-May-2026 10:59:36.095 WARNING [Thread-1] org.apache.catalina.loader.WebappClassLoaderBase.clearReferencesJdbc The web application [VM-Code] registered the JDBC driver [com.mysql.cj.jdbc.Driver] but failed to unregister it when the web application was stopped. To prevent a memory leak, the JDBC Driver has been forcibly unregistered.
04-May-2026 10:59:36.097 WARNING [Thread-1] org.apache.catalina.loader.WebappClassLoaderBase.clearReferencesThreads The web application [VM-Code] appears to have started a thread named [mysql-cj-abandoned-connection-cleanup] but has failed to stop it. This is very likely to create a memory leak. Stack trace of thread:
 java.base@17.0.12/java.lang.Object.wait(Native Method)
 java.base@17.0.12/java.lang.ref.ReferenceQueue.remove(ReferenceQueue.java:155)
 com.mysql.cj.jdbc.AbandonedConnectionCleanupThread.run(AbandonedConnectionCleanupThread.java:93)
 java.base@17.0.12/java.util.concurrent.ThreadPoolExecutor.runWorker(ThreadPoolExecutor.java:1136)
 java.base@17.0.12/java.util.concurrent.ThreadPoolExecutor$Worker.run(ThreadPoolExecutor.java:635)
 java.base@17.0.12/java.lang.Thread.run(Thread.java:842)
04-May-2026 10:59:36.098 SEVERE [Thread-1] org.apache.catalina.loader.WebappClassLoaderBase.checkThreadLocalMapForLeaks The web application [VM-Code] created a ThreadLocal with key of type [java.lang.ThreadLocal.SuppliedThreadLocal] (value [java.lang.ThreadLocal$SuppliedThreadLocal@5a67f2d9]) and a value of type [net.logstash.logback.util.ThreadLocalHolder.Holder] (value [net.logstash.logback.util.ThreadLocalHolder$Holder@6329366]) but failed to remove it when the web application was stopped. Threads are going to be renewed over time to try and avoid a probable memory leak.
04-May-2026 10:59:36.098 SEVERE [Thread-1] org.apache.catalina.loader.WebappClassLoaderBase.checkThreadLocalMapForLeaks The web application [VM-Code] created a ThreadLocal with key of type [java.lang.ThreadLocal.SuppliedThreadLocal] (value [java.lang.ThreadLocal$SuppliedThreadLocal@4352b54f]) and a value of type [net.logstash.logback.util.ThreadLocalHolder.Holder] (value [net.logstash.logback.util.ThreadLocalHolder$Holder@c566cdf]) but failed to remove it when the web application was stopped. Threads are going to be renewed over time to try and avoid a probable memory leak.
04-May-2026 10:59:36.099 SEVERE [Thread-1] org.apache.catalina.loader.WebappClassLoaderBase.checkThreadLocalMapForLeaks The web application [VM-Code] created a ThreadLocal with key of type [java.lang.ThreadLocal.SuppliedThreadLocal] (value [java.lang.ThreadLocal$SuppliedThreadLocal@5a67f2d9]) and a value of type [net.logstash.logback.util.ThreadLocalHolder.Holder] (value [net.logstash.logback.util.ThreadLocalHolder$Holder@2d578ba6]) but failed to remove it when the web application was stopped. Threads are going to be renewed over time to try and avoid a probable memory leak.
04-May-2026 10:59:36.099 SEVERE [Thread-1] org.apache.catalina.loader.WebappClassLoaderBase.checkThreadLocalMapForLeaks The web application [VM-Code] created a ThreadLocal with key of type [java.lang.ThreadLocal.SuppliedThreadLocal] (value [java.lang.ThreadLocal$SuppliedThreadLocal@4352b54f]) and a value of type [net.logstash.logback.util.ThreadLocalHolder.Holder] (value [net.logstash.logback.util.ThreadLocalHolder$Holder@12582a47]) but failed to remove it when the web application was stopped. Threads are going to be renewed over time to try and avoid a probable memory leak.
04-May-2026 10:59:36.099 SEVERE [Thread-1] org.apache.catalina.loader.WebappClassLoaderBase.checkThreadLocalMapForLeaks The web application [VM-Code] created a ThreadLocal with key of type [java.lang.ThreadLocal.SuppliedThreadLocal] (value [java.lang.ThreadLocal$SuppliedThreadLocal@5a67f2d9]) and a value of type [net.logstash.logback.util.ThreadLocalHolder.Holder] (value [net.logstash.logback.util.ThreadLocalHolder$Holder@6ed359bc]) but failed to remove it when the web application was stopped. Threads are going to be renewed over time to try and avoid a probable memory leak.
04-May-2026 10:59:36.099 SEVERE [Thread-1] org.apache.catalina.loader.WebappClassLoaderBase.checkThreadLocalMapForLeaks The web application [VM-Code] created a ThreadLocal with key of type [java.lang.ThreadLocal.SuppliedThreadLocal] (value [java.lang.ThreadLocal$SuppliedThreadLocal@4352b54f]) and a value of type [net.logstash.logback.util.ThreadLocalHolder.Holder] (value [net.logstash.logback.util.ThreadLocalHolder$Holder@5896ced4]) but failed to remove it when the web application was stopped. Threads are going to be renewed over time to try and avoid a probable memory leak.
04-May-2026 10:59:36.108 INFO [Thread-1] org.apache.coyote.AbstractProtocol.stop Stopping ProtocolHandler ["http-nio-8080"]
04-May-2026 10:59:36.112 INFO [Thread-1] org.apache.coyote.AbstractProtocol.destroy Destroying ProtocolHandler ["http-nio-8080"]
04-May-2026 15:09:01.952 INFO [main] org.apache.catalina.startup.VersionLoggerListener.log Server version name:   Apache Tomcat/9.0.116
04-May-2026 15:09:01.958 INFO [main] org.apache.catalina.startup.VersionLoggerListener.log Server built:          Mar 16 2026 15:05:42 UTC
04-May-2026 15:09:01.960 INFO [main] org.apache.catalina.startup.VersionLoggerListener.log Server version number: 9.0.116.0
04-May-2026 15:09:01.960 INFO [main] org.apache.catalina.startup.VersionLoggerListener.log OS Name:               Windows 11
04-May-2026 15:09:01.960 INFO [main] org.apache.catalina.startup.VersionLoggerListener.log OS Version:            10.0
04-May-2026 15:09:01.961 INFO [main] org.apache.catalina.startup.VersionLoggerListener.log Architecture:          amd64
04-May-2026 15:09:01.961 INFO [main] org.apache.catalina.startup.VersionLoggerListener.log Java Home:             C:\Program Files\Java\jdk-17
04-May-2026 15:09:01.961 INFO [main] org.apache.catalina.startup.VersionLoggerListener.log JVM Version:           17.0.12+8-LTS-286
04-May-2026 15:09:01.962 INFO [main] org.apache.catalina.startup.VersionLoggerListener.log JVM Vendor:            Oracle Corporation
04-May-2026 15:09:01.962 INFO [main] org.apache.catalina.startup.VersionLoggerListener.log CATALINA_BASE:         C:\Users\bvign\IdeaProjects\VM-Code
04-May-2026 15:09:01.962 INFO [main] org.apache.catalina.startup.VersionLoggerListener.log CATALINA_HOME:         C:\Users\bvign\Downloads\apache-tomcat-9.0.116
04-May-2026 15:09:01.974 INFO [main] org.apache.catalina.startup.VersionLoggerListener.log Command line argument: --add-opens=java.base/java.lang=ALL-UNNAMED
04-May-2026 15:09:01.974 INFO [main] org.apache.catalina.startup.VersionLoggerListener.log Command line argument: --add-opens=java.base/java.io=ALL-UNNAMED
04-May-2026 15:09:01.975 INFO [main] org.apache.catalina.startup.VersionLoggerListener.log Command line argument: --add-opens=java.base/java.util=ALL-UNNAMED
04-May-2026 15:09:01.975 INFO [main] org.apache.catalina.startup.VersionLoggerListener.log Command line argument: --add-opens=java.base/java.util.concurrent=ALL-UNNAMED
04-May-2026 15:09:01.975 INFO [main] org.apache.catalina.startup.VersionLoggerListener.log Command line argument: --add-opens=java.rmi/sun.rmi.transport=ALL-UNNAMED
04-May-2026 15:09:01.975 INFO [main] org.apache.catalina.startup.VersionLoggerListener.log Command line argument: -Dcatalina.home=C:\Users\bvign\Downloads\apache-tomcat-9.0.116
04-May-2026 15:09:01.975 INFO [main] org.apache.catalina.startup.VersionLoggerListener.log Command line argument: -Dcatalina.base=C:\Users\bvign\IdeaProjects\VM-Code
04-May-2026 15:09:01.975 INFO [main] org.apache.catalina.startup.VersionLoggerListener.log Command line argument: -Djava.io.tmpdir=C:\Users\bvign\IdeaProjects\VM-Code\temp
04-May-2026 15:09:01.976 INFO [main] org.apache.catalina.startup.VersionLoggerListener.log Command line argument: -Djava.util.logging.config.file=C:\Users\bvign\IdeaProjects\VM-Code\conf\logging.properties
04-May-2026 15:09:01.976 INFO [main] org.apache.catalina.startup.VersionLoggerListener.log Command line argument: -Djava.util.logging.manager=org.apache.juli.ClassLoaderLogManager
04-May-2026 15:09:01.976 INFO [main] org.apache.catalina.startup.VersionLoggerListener.log Command line argument: -javaagent:C:\Program Files\JetBrains\IntelliJ IDEA Community Edition 2025.1.3\lib\idea_rt.jar=65200
04-May-2026 15:09:01.976 INFO [main] org.apache.catalina.startup.VersionLoggerListener.log Command line argument: -Dfile.encoding=UTF-8
04-May-2026 15:09:01.988 INFO [main] org.apache.catalina.core.AprLifecycleListener.lifecycleEvent The Apache Tomcat Native library which allows using OpenSSL was not found on the java.library.path: [C:\Program Files\Java\jdk-17\bin;C:\WINDOWS\Sun\Java\bin;C:\WINDOWS\system32;C:\WINDOWS;C:\Program Files\Common Files\Oracle\Java\javapath;C:\Windows\system32;C:\Windows;C:\Windows\System32\Wbem;C:\Windows\System32\WindowsPowerShell\v1.0\;C:\Windows\System32\OpenSSH\;C:\Program Files\Git\cmd;C:\WINDOWS\system32;C:\WINDOWS;C:\WINDOWS\System32\Wbem;C:\WINDOWS\System32\WindowsPowerShell\v1.0\;C:\WINDOWS\System32\OpenSSH\;C:\Program Files\MySQL\MySQL Server 8.0_1\bin;C:\Program Files\nodejs\;C:\ProgramData\chocolatey\bin;C:\Program Files (x86)\NVIDIA Corporation\PhysX\Common;C:\Program Files\maven-mvnd-1.0.2-windows-amd64\maven-mvnd-1.0.2-windows-amd64\bin;C:\Program Files\Java\jdk-17\bin;C:\Program Files\apache-maven-3.9.11\bin;C:\Program Files\GitHub CLI\;C:\Program Files\Docker\Docker\resources\bin;C:\Users\bvign\AppData\Local\Programs\Python\Python313\Scripts\;C:\Users\bvign\AppData\Local\Programs\Python\Python313\;C:\Users\bvign\AppData\Local\Programs\Python\Launcher\;C:\Program Files\MySQL\MySQL Shell 8.0\bin\;C:\Users\bvign\AppData\Local\Microsoft\WindowsApps;C:\Program Files\JetBrains\IntelliJ IDEA Community Edition 2024.2.3\bin;;C:\Users\bvign\AppData\Roaming\npm;C:\Users\bvign\AppData\Local\Programs\Microsoft VS Code\bin;C:\Users\bvign\AppData\Local\Programs\Antigravity\bin;C:\Program Files\\Elastic\Beats\9.3.2\filebeat;.]
04-May-2026 15:09:02.346 INFO [main] org.apache.coyote.AbstractProtocol.init Initializing ProtocolHandler ["http-nio-8080"]
04-May-2026 15:09:02.372 INFO [main] org.apache.catalina.startup.Catalina.load Server initialization in [693] milliseconds
04-May-2026 15:09:02.428 INFO [main] org.apache.catalina.core.StandardService.startInternal Starting service [Catalina]
04-May-2026 15:09:02.428 INFO [main] org.apache.catalina.core.StandardEngine.startInternal Starting Servlet engine: [Apache Tomcat/9.0.116]
04-May-2026 15:09:02.439 INFO [main] org.apache.catalina.startup.HostConfig.deployDescriptor Deploying deployment descriptor [C:\Users\bvign\IdeaProjects\VM-Code\conf\Catalina\localhost\VM-Code.xml]
04-May-2026 15:09:05.892 INFO [main] org.apache.jasper.servlet.TldScanner.scanJars At least one JAR was scanned for TLDs yet contained no TLDs. Enable debug logging for this logger for a complete list of JARs that were scanned but no TLDs were found in them. Skipping unneeded JARs during scanning can improve startup time and JSP compilation time.
04-May-2026 15:09:11.563 INFO [main] org.apache.catalina.startup.HostConfig.deployDescriptor Deployment of deployment descriptor [C:\Users\bvign\IdeaProjects\VM-Code\conf\Catalina\localhost\VM-Code.xml] has finished in [9,124] ms
04-May-2026 15:09:11.568 INFO [main] org.apache.coyote.AbstractProtocol.start Starting ProtocolHandler ["http-nio-8080"]
04-May-2026 15:09:11.593 INFO [main] org.apache.catalina.startup.Catalina.start Server startup in [9221] milliseconds
04-May-2026 15:40:30.391 INFO [Thread-1] org.apache.coyote.AbstractProtocol.pause Pausing ProtocolHandler ["http-nio-8080"]
04-May-2026 15:40:30.545 INFO [Thread-1] org.apache.catalina.core.StandardService.stopInternal Stopping service [Catalina]
04-May-2026 15:40:30.560 WARNING [Thread-1] org.apache.catalina.loader.WebappClassLoaderBase.clearReferencesJdbc The web application [VM-Code] registered the JDBC driver [com.mysql.cj.jdbc.Driver] but failed to unregister it when the web application was stopped. To prevent a memory leak, the JDBC Driver has been forcibly unregistered.
04-May-2026 15:40:30.561 WARNING [Thread-1] org.apache.catalina.loader.WebappClassLoaderBase.clearReferencesThreads The web application [VM-Code] appears to have started a thread named [mysql-cj-abandoned-connection-cleanup] but has failed to stop it. This is very likely to create a memory leak. Stack trace of thread:
 java.base@17.0.12/java.lang.Object.wait(Native Method)
 java.base@17.0.12/java.lang.ref.ReferenceQueue.remove(ReferenceQueue.java:155)
 com.mysql.cj.jdbc.AbandonedConnectionCleanupThread.run(AbandonedConnectionCleanupThread.java:93)
 java.base@17.0.12/java.util.concurrent.ThreadPoolExecutor.runWorker(ThreadPoolExecutor.java:1136)
 java.base@17.0.12/java.util.concurrent.ThreadPoolExecutor$Worker.run(ThreadPoolExecutor.java:635)
 java.base@17.0.12/java.lang.Thread.run(Thread.java:842)
04-May-2026 15:40:30.562 SEVERE [Thread-1] org.apache.catalina.loader.WebappClassLoaderBase.checkThreadLocalMapForLeaks The web application [VM-Code] created a ThreadLocal with key of type [java.lang.ThreadLocal.SuppliedThreadLocal] (value [java.lang.ThreadLocal$SuppliedThreadLocal@72f3b825]) and a value of type [net.logstash.logback.util.ThreadLocalHolder.Holder] (value [net.logstash.logback.util.ThreadLocalHolder$Holder@25744a48]) but failed to remove it when the web application was stopped. Threads are going to be renewed over time to try and avoid a probable memory leak.
04-May-2026 15:40:30.562 SEVERE [Thread-1] org.apache.catalina.loader.WebappClassLoaderBase.checkThreadLocalMapForLeaks The web application [VM-Code] created a ThreadLocal with key of type [java.lang.ThreadLocal.SuppliedThreadLocal] (value [java.lang.ThreadLocal$SuppliedThreadLocal@b326feb]) and a value of type [net.logstash.logback.util.ThreadLocalHolder.Holder] (value [net.logstash.logback.util.ThreadLocalHolder$Holder@7a117645]) but failed to remove it when the web application was stopped. Threads are going to be renewed over time to try and avoid a probable memory leak.
04-May-2026 15:40:30.562 SEVERE [Thread-1] org.apache.catalina.loader.WebappClassLoaderBase.checkThreadLocalMapForLeaks The web application [VM-Code] created a ThreadLocal with key of type [java.lang.ThreadLocal.SuppliedThreadLocal] (value [java.lang.ThreadLocal$SuppliedThreadLocal@72f3b825]) and a value of type [net.logstash.logback.util.ThreadLocalHolder.Holder] (value [net.logstash.logback.util.ThreadLocalHolder$Holder@15ccdbb2]) but failed to remove it when the web application was stopped. Threads are going to be renewed over time to try and avoid a probable memory leak.
04-May-2026 15:40:30.562 SEVERE [Thread-1] org.apache.catalina.loader.WebappClassLoaderBase.checkThreadLocalMapForLeaks The web application [VM-Code] created a ThreadLocal with key of type [java.lang.ThreadLocal.SuppliedThreadLocal] (value [java.lang.ThreadLocal$SuppliedThreadLocal@b326feb]) and a value of type [net.logstash.logback.util.ThreadLocalHolder.Holder] (value [net.logstash.logback.util.ThreadLocalHolder$Holder@12ede549]) but failed to remove it when the web application was stopped. Threads are going to be renewed over time to try and avoid a probable memory leak.
04-May-2026 15:40:30.562 SEVERE [Thread-1] org.apache.catalina.loader.WebappClassLoaderBase.checkThreadLocalMapForLeaks The web application [VM-Code] created a ThreadLocal with key of type [java.lang.ThreadLocal.SuppliedThreadLocal] (value [java.lang.ThreadLocal$SuppliedThreadLocal@72f3b825]) and a value of type [net.logstash.logback.util.ThreadLocalHolder.Holder] (value [net.logstash.logback.util.ThreadLocalHolder$Holder@8883400]) but failed to remove it when the web application was stopped. Threads are going to be renewed over time to try and avoid a probable memory leak.
04-May-2026 15:40:30.564 SEVERE [Thread-1] org.apache.catalina.loader.WebappClassLoaderBase.checkThreadLocalMapForLeaks The web application [VM-Code] created a ThreadLocal with key of type [java.lang.ThreadLocal.SuppliedThreadLocal] (value [java.lang.ThreadLocal$SuppliedThreadLocal@b326feb]) and a value of type [net.logstash.logback.util.ThreadLocalHolder.Holder] (value [net.logstash.logback.util.ThreadLocalHolder$Holder@75b25ff5]) but failed to remove it when the web application was stopped. Threads are going to be renewed over time to try and avoid a probable memory leak.
04-May-2026 15:40:30.570 INFO [Thread-1] org.apache.coyote.AbstractProtocol.stop Stopping ProtocolHandler ["http-nio-8080"]
04-May-2026 15:40:30.584 INFO [Thread-1] org.apache.coyote.AbstractProtocol.destroy Destroying ProtocolHandler ["http-nio-8080"]
