24-Apr-2026 17:25:46.874 INFO [main] org.apache.catalina.startup.VersionLoggerListener.log Server version name:   Apache Tomcat/9.0.116
24-Apr-2026 17:25:46.885 INFO [main] org.apache.catalina.startup.VersionLoggerListener.log Server built:          Mar 16 2026 15:05:42 UTC
24-Apr-2026 17:25:46.887 INFO [main] org.apache.catalina.startup.VersionLoggerListener.log Server version number: 9.0.116.0
24-Apr-2026 17:25:46.887 INFO [main] org.apache.catalina.startup.VersionLoggerListener.log OS Name:               Windows 11
24-Apr-2026 17:25:46.887 INFO [main] org.apache.catalina.startup.VersionLoggerListener.log OS Version:            10.0
24-Apr-2026 17:25:46.888 INFO [main] org.apache.catalina.startup.VersionLoggerListener.log Architecture:          amd64
24-Apr-2026 17:25:46.888 INFO [main] org.apache.catalina.startup.VersionLoggerListener.log Java Home:             C:\Program Files\Java\jdk-17
24-Apr-2026 17:25:46.888 INFO [main] org.apache.catalina.startup.VersionLoggerListener.log JVM Version:           17.0.12+8-LTS-286
24-Apr-2026 17:25:46.888 INFO [main] org.apache.catalina.startup.VersionLoggerListener.log JVM Vendor:            Oracle Corporation
24-Apr-2026 17:25:46.889 INFO [main] org.apache.catalina.startup.VersionLoggerListener.log CATALINA_BASE:         C:\Users\bvign\IdeaProjects\VM-Code
24-Apr-2026 17:25:46.889 INFO [main] org.apache.catalina.startup.VersionLoggerListener.log CATALINA_HOME:         C:\Users\bvign\Downloads\apache-tomcat-9.0.116
24-Apr-2026 17:25:46.906 INFO [main] org.apache.catalina.startup.VersionLoggerListener.log Command line argument: --add-opens=java.base/java.lang=ALL-UNNAMED
24-Apr-2026 17:25:46.907 INFO [main] org.apache.catalina.startup.VersionLoggerListener.log Command line argument: --add-opens=java.base/java.io=ALL-UNNAMED
24-Apr-2026 17:25:46.907 INFO [main] org.apache.catalina.startup.VersionLoggerListener.log Command line argument: --add-opens=java.base/java.util=ALL-UNNAMED
24-Apr-2026 17:25:46.907 INFO [main] org.apache.catalina.startup.VersionLoggerListener.log Command line argument: --add-opens=java.base/java.util.concurrent=ALL-UNNAMED
24-Apr-2026 17:25:46.907 INFO [main] org.apache.catalina.startup.VersionLoggerListener.log Command line argument: --add-opens=java.rmi/sun.rmi.transport=ALL-UNNAMED
24-Apr-2026 17:25:46.907 INFO [main] org.apache.catalina.startup.VersionLoggerListener.log Command line argument: -Dcatalina.home=C:\Users\bvign\Downloads\apache-tomcat-9.0.116
24-Apr-2026 17:25:46.908 INFO [main] org.apache.catalina.startup.VersionLoggerListener.log Command line argument: -Dcatalina.base=C:\Users\bvign\IdeaProjects\VM-Code
24-Apr-2026 17:25:46.908 INFO [main] org.apache.catalina.startup.VersionLoggerListener.log Command line argument: -Djava.io.tmpdir=C:\Users\bvign\IdeaProjects\VM-Code\temp
24-Apr-2026 17:25:46.908 INFO [main] org.apache.catalina.startup.VersionLoggerListener.log Command line argument: -Djava.util.logging.config.file=C:\Users\bvign\IdeaProjects\VM-Code\conf\logging.properties
24-Apr-2026 17:25:46.908 INFO [main] org.apache.catalina.startup.VersionLoggerListener.log Command line argument: -Djava.util.logging.manager=org.apache.juli.ClassLoaderLogManager
24-Apr-2026 17:25:46.908 INFO [main] org.apache.catalina.startup.VersionLoggerListener.log Command line argument: -javaagent:C:\Program Files\JetBrains\IntelliJ IDEA Community Edition 2025.1.3\lib\idea_rt.jar=49918
24-Apr-2026 17:25:46.908 INFO [main] org.apache.catalina.startup.VersionLoggerListener.log Command line argument: -Dfile.encoding=UTF-8
24-Apr-2026 17:25:46.922 INFO [main] org.apache.catalina.core.AprLifecycleListener.lifecycleEvent The Apache Tomcat Native library which allows using OpenSSL was not found on the java.library.path: [C:\Program Files\Java\jdk-17\bin;C:\WINDOWS\Sun\Java\bin;C:\WINDOWS\system32;C:\WINDOWS;C:\Program Files\Common Files\Oracle\Java\javapath;C:\Windows\system32;C:\Windows;C:\Windows\System32\Wbem;C:\Windows\System32\WindowsPowerShell\v1.0\;C:\Windows\System32\OpenSSH\;C:\Program Files\Git\cmd;C:\WINDOWS\system32;C:\WINDOWS;C:\WINDOWS\System32\Wbem;C:\WINDOWS\System32\WindowsPowerShell\v1.0\;C:\WINDOWS\System32\OpenSSH\;C:\Program Files\MySQL\MySQL Server 8.0_1\bin;C:\Program Files\nodejs\;C:\ProgramData\chocolatey\bin;C:\Program Files (x86)\NVIDIA Corporation\PhysX\Common;C:\Program Files\maven-mvnd-1.0.2-windows-amd64\maven-mvnd-1.0.2-windows-amd64\bin;C:\Program Files\Java\jdk-17\bin;C:\Program Files\apache-maven-3.9.11\bin;C:\Program Files\GitHub CLI\;C:\Program Files\Docker\Docker\resources\bin;C:\Users\bvign\AppData\Local\Programs\Python\Python313\Scripts\;C:\Users\bvign\AppData\Local\Programs\Python\Python313\;C:\Users\bvign\AppData\Local\Programs\Python\Launcher\;C:\Program Files\MySQL\MySQL Shell 8.0\bin\;C:\Users\bvign\AppData\Local\Microsoft\WindowsApps;C:\Program Files\JetBrains\IntelliJ IDEA Community Edition 2024.2.3\bin;;C:\Users\bvign\AppData\Roaming\npm;C:\Users\bvign\AppData\Local\Programs\Microsoft VS Code\bin;C:\Users\bvign\AppData\Local\Programs\Antigravity\bin;C:\Program Files\\Elastic\Beats\9.3.2\filebeat;.]
24-Apr-2026 17:25:47.315 INFO [main] org.apache.coyote.AbstractProtocol.init Initializing ProtocolHandler ["http-nio-8080"]
24-Apr-2026 17:25:47.345 INFO [main] org.apache.catalina.startup.Catalina.load Server initialization in [796] milliseconds
24-Apr-2026 17:25:47.428 INFO [main] org.apache.catalina.core.StandardService.startInternal Starting service [Catalina]
24-Apr-2026 17:25:47.428 INFO [main] org.apache.catalina.core.StandardEngine.startInternal Starting Servlet engine: [Apache Tomcat/9.0.116]
24-Apr-2026 17:25:47.446 INFO [main] org.apache.catalina.startup.HostConfig.deployDescriptor Deploying deployment descriptor [C:\Users\bvign\IdeaProjects\VM-Code\conf\Catalina\localhost\VM-Code.xml]
24-Apr-2026 17:25:53.033 INFO [main] org.apache.jasper.servlet.TldScanner.scanJars At least one JAR was scanned for TLDs yet contained no TLDs. Enable debug logging for this logger for a complete list of JARs that were scanned but no TLDs were found in them. Skipping unneeded JARs during scanning can improve startup time and JSP compilation time.
24-Apr-2026 17:26:02.762 INFO [main] org.apache.catalina.startup.HostConfig.deployDescriptor Deployment of deployment descriptor [C:\Users\bvign\IdeaProjects\VM-Code\conf\Catalina\localhost\VM-Code.xml] has finished in [15,315] ms
24-Apr-2026 17:26:02.768 INFO [main] org.apache.coyote.AbstractProtocol.start Starting ProtocolHandler ["http-nio-8080"]
24-Apr-2026 17:26:02.791 INFO [main] org.apache.catalina.startup.Catalina.start Server startup in [15445] milliseconds
24-Apr-2026 17:30:21.310 INFO [Thread-1] org.apache.coyote.AbstractProtocol.pause Pausing ProtocolHandler ["http-nio-8080"]
24-Apr-2026 17:30:21.348 INFO [Thread-1] org.apache.catalina.core.StandardService.stopInternal Stopping service [Catalina]
24-Apr-2026 17:30:21.363 WARNING [Thread-1] org.apache.catalina.loader.WebappClassLoaderBase.clearReferencesJdbc The web application [VM-Code] registered the JDBC driver [com.mysql.cj.jdbc.Driver] but failed to unregister it when the web application was stopped. To prevent a memory leak, the JDBC Driver has been forcibly unregistered.
24-Apr-2026 17:30:21.366 WARNING [Thread-1] org.apache.catalina.loader.WebappClassLoaderBase.clearReferencesThreads The web application [VM-Code] appears to have started a thread named [mysql-cj-abandoned-connection-cleanup] but has failed to stop it. This is very likely to create a memory leak. Stack trace of thread:
 java.base@17.0.12/java.lang.Object.wait(Native Method)
 java.base@17.0.12/java.lang.ref.ReferenceQueue.remove(ReferenceQueue.java:155)
 com.mysql.cj.jdbc.AbandonedConnectionCleanupThread.run(AbandonedConnectionCleanupThread.java:93)
 java.base@17.0.12/java.util.concurrent.ThreadPoolExecutor.runWorker(ThreadPoolExecutor.java:1136)
 java.base@17.0.12/java.util.concurrent.ThreadPoolExecutor$Worker.run(ThreadPoolExecutor.java:635)
 java.base@17.0.12/java.lang.Thread.run(Thread.java:842)
24-Apr-2026 17:30:21.367 SEVERE [Thread-1] org.apache.catalina.loader.WebappClassLoaderBase.checkThreadLocalMapForLeaks The web application [VM-Code] created a ThreadLocal with key of type [java.lang.ThreadLocal.SuppliedThreadLocal] (value [java.lang.ThreadLocal$SuppliedThreadLocal@2f31ba80]) and a value of type [net.logstash.logback.util.ThreadLocalHolder.Holder] (value [net.logstash.logback.util.ThreadLocalHolder$Holder@2c41b752]) but failed to remove it when the web application was stopped. Threads are going to be renewed over time to try and avoid a probable memory leak.
24-Apr-2026 17:30:21.367 SEVERE [Thread-1] org.apache.catalina.loader.WebappClassLoaderBase.checkThreadLocalMapForLeaks The web application [VM-Code] created a ThreadLocal with key of type [java.lang.ThreadLocal.SuppliedThreadLocal] (value [java.lang.ThreadLocal$SuppliedThreadLocal@49ce67e2]) and a value of type [net.logstash.logback.util.ThreadLocalHolder.Holder] (value [net.logstash.logback.util.ThreadLocalHolder$Holder@4a516860]) but failed to remove it when the web application was stopped. Threads are going to be renewed over time to try and avoid a probable memory leak.
24-Apr-2026 17:30:21.367 SEVERE [Thread-1] org.apache.catalina.loader.WebappClassLoaderBase.checkThreadLocalMapForLeaks The web application [VM-Code] created a ThreadLocal with key of type [java.lang.ThreadLocal.SuppliedThreadLocal] (value [java.lang.ThreadLocal$SuppliedThreadLocal@2f31ba80]) and a value of type [net.logstash.logback.util.ThreadLocalHolder.Holder] (value [net.logstash.logback.util.ThreadLocalHolder$Holder@68162e10]) but failed to remove it when the web application was stopped. Threads are going to be renewed over time to try and avoid a probable memory leak.
24-Apr-2026 17:30:21.367 SEVERE [Thread-1] org.apache.catalina.loader.WebappClassLoaderBase.checkThreadLocalMapForLeaks The web application [VM-Code] created a ThreadLocal with key of type [java.lang.ThreadLocal.SuppliedThreadLocal] (value [java.lang.ThreadLocal$SuppliedThreadLocal@49ce67e2]) and a value of type [net.logstash.logback.util.ThreadLocalHolder.Holder] (value [net.logstash.logback.util.ThreadLocalHolder$Holder@49ccff67]) but failed to remove it when the web application was stopped. Threads are going to be renewed over time to try and avoid a probable memory leak.
24-Apr-2026 17:30:21.369 SEVERE [Thread-1] org.apache.catalina.loader.WebappClassLoaderBase.checkThreadLocalMapForLeaks The web application [VM-Code] created a ThreadLocal with key of type [java.lang.ThreadLocal.SuppliedThreadLocal] (value [java.lang.ThreadLocal$SuppliedThreadLocal@2f31ba80]) and a value of type [net.logstash.logback.util.ThreadLocalHolder.Holder] (value [net.logstash.logback.util.ThreadLocalHolder$Holder@738770cb]) but failed to remove it when the web application was stopped. Threads are going to be renewed over time to try and avoid a probable memory leak.
24-Apr-2026 17:30:21.369 SEVERE [Thread-1] org.apache.catalina.loader.WebappClassLoaderBase.checkThreadLocalMapForLeaks The web application [VM-Code] created a ThreadLocal with key of type [java.lang.ThreadLocal.SuppliedThreadLocal] (value [java.lang.ThreadLocal$SuppliedThreadLocal@49ce67e2]) and a value of type [net.logstash.logback.util.ThreadLocalHolder.Holder] (value [net.logstash.logback.util.ThreadLocalHolder$Holder@32d414b3]) but failed to remove it when the web application was stopped. Threads are going to be renewed over time to try and avoid a probable memory leak.
24-Apr-2026 17:30:21.372 SEVERE [Thread-1] org.apache.catalina.loader.WebappClassLoaderBase.checkThreadLocalMapForLeaks The web application [VM-Code] created a ThreadLocal with key of type [java.lang.ThreadLocal.SuppliedThreadLocal] (value [java.lang.ThreadLocal$SuppliedThreadLocal@2f31ba80]) and a value of type [net.logstash.logback.util.ThreadLocalHolder.Holder] (value [net.logstash.logback.util.ThreadLocalHolder$Holder@6b6bca57]) but failed to remove it when the web application was stopped. Threads are going to be renewed over time to try and avoid a probable memory leak.
24-Apr-2026 17:30:21.372 SEVERE [Thread-1] org.apache.catalina.loader.WebappClassLoaderBase.checkThreadLocalMapForLeaks The web application [VM-Code] created a ThreadLocal with key of type [java.lang.ThreadLocal.SuppliedThreadLocal] (value [java.lang.ThreadLocal$SuppliedThreadLocal@49ce67e2]) and a value of type [net.logstash.logback.util.ThreadLocalHolder.Holder] (value [net.logstash.logback.util.ThreadLocalHolder$Holder@4572379a]) but failed to remove it when the web application was stopped. Threads are going to be renewed over time to try and avoid a probable memory leak.
24-Apr-2026 17:30:21.372 SEVERE [Thread-1] org.apache.catalina.loader.WebappClassLoaderBase.checkThreadLocalMapForLeaks The web application [VM-Code] created a ThreadLocal with key of type [java.lang.ThreadLocal.SuppliedThreadLocal] (value [java.lang.ThreadLocal$SuppliedThreadLocal@2f31ba80]) and a value of type [net.logstash.logback.util.ThreadLocalHolder.Holder] (value [net.logstash.logback.util.ThreadLocalHolder$Holder@dbb16d7]) but failed to remove it when the web application was stopped. Threads are going to be renewed over time to try and avoid a probable memory leak.
24-Apr-2026 17:30:21.373 SEVERE [Thread-1] org.apache.catalina.loader.WebappClassLoaderBase.checkThreadLocalMapForLeaks The web application [VM-Code] created a ThreadLocal with key of type [java.lang.ThreadLocal.SuppliedThreadLocal] (value [java.lang.ThreadLocal$SuppliedThreadLocal@49ce67e2]) and a value of type [net.logstash.logback.util.ThreadLocalHolder.Holder] (value [net.logstash.logback.util.ThreadLocalHolder$Holder@1fd8fa5f]) but failed to remove it when the web application was stopped. Threads are going to be renewed over time to try and avoid a probable memory leak.
24-Apr-2026 17:30:21.373 SEVERE [Thread-1] org.apache.catalina.loader.WebappClassLoaderBase.checkThreadLocalMapForLeaks The web application [VM-Code] created a ThreadLocal with key of type [java.lang.ThreadLocal.SuppliedThreadLocal] (value [java.lang.ThreadLocal$SuppliedThreadLocal@2f31ba80]) and a value of type [net.logstash.logback.util.ThreadLocalHolder.Holder] (value [net.logstash.logback.util.ThreadLocalHolder$Holder@2ad4a281]) but failed to remove it when the web application was stopped. Threads are going to be renewed over time to try and avoid a probable memory leak.
24-Apr-2026 17:30:21.373 SEVERE [Thread-1] org.apache.catalina.loader.WebappClassLoaderBase.checkThreadLocalMapForLeaks The web application [VM-Code] created a ThreadLocal with key of type [java.lang.ThreadLocal.SuppliedThreadLocal] (value [java.lang.ThreadLocal$SuppliedThreadLocal@49ce67e2]) and a value of type [net.logstash.logback.util.ThreadLocalHolder.Holder] (value [net.logstash.logback.util.ThreadLocalHolder$Holder@7ece9ea6]) but failed to remove it when the web application was stopped. Threads are going to be renewed over time to try and avoid a probable memory leak.
24-Apr-2026 17:30:21.373 SEVERE [Thread-1] org.apache.catalina.loader.WebappClassLoaderBase.checkThreadLocalMapForLeaks The web application [VM-Code] created a ThreadLocal with key of type [java.lang.ThreadLocal.SuppliedThreadLocal] (value [java.lang.ThreadLocal$SuppliedThreadLocal@2f31ba80]) and a value of type [net.logstash.logback.util.ThreadLocalHolder.Holder] (value [net.logstash.logback.util.ThreadLocalHolder$Holder@7c0b5b7a]) but failed to remove it when the web application was stopped. Threads are going to be renewed over time to try and avoid a probable memory leak.
24-Apr-2026 17:30:21.373 SEVERE [Thread-1] org.apache.catalina.loader.WebappClassLoaderBase.checkThreadLocalMapForLeaks The web application [VM-Code] created a ThreadLocal with key of type [java.lang.ThreadLocal.SuppliedThreadLocal] (value [java.lang.ThreadLocal$SuppliedThreadLocal@49ce67e2]) and a value of type [net.logstash.logback.util.ThreadLocalHolder.Holder] (value [net.logstash.logback.util.ThreadLocalHolder$Holder@763ac1f3]) but failed to remove it when the web application was stopped. Threads are going to be renewed over time to try and avoid a probable memory leak.
24-Apr-2026 17:30:21.374 SEVERE [Thread-1] org.apache.catalina.loader.WebappClassLoaderBase.checkThreadLocalMapForLeaks The web application [VM-Code] created a ThreadLocal with key of type [java.lang.ThreadLocal.SuppliedThreadLocal] (value [java.lang.ThreadLocal$SuppliedThreadLocal@2f31ba80]) and a value of type [net.logstash.logback.util.ThreadLocalHolder.Holder] (value [net.logstash.logback.util.ThreadLocalHolder$Holder@6ca6cb30]) but failed to remove it when the web application was stopped. Threads are going to be renewed over time to try and avoid a probable memory leak.
24-Apr-2026 17:30:21.374 SEVERE [Thread-1] org.apache.catalina.loader.WebappClassLoaderBase.checkThreadLocalMapForLeaks The web application [VM-Code] created a ThreadLocal with key of type [java.lang.ThreadLocal.SuppliedThreadLocal] (value [java.lang.ThreadLocal$SuppliedThreadLocal@49ce67e2]) and a value of type [net.logstash.logback.util.ThreadLocalHolder.Holder] (value [net.logstash.logback.util.ThreadLocalHolder$Holder@3ec99cfa]) but failed to remove it when the web application was stopped. Threads are going to be renewed over time to try and avoid a probable memory leak.
24-Apr-2026 17:30:21.374 SEVERE [Thread-1] org.apache.catalina.loader.WebappClassLoaderBase.checkThreadLocalMapForLeaks The web application [VM-Code] created a ThreadLocal with key of type [java.lang.ThreadLocal.SuppliedThreadLocal] (value [java.lang.ThreadLocal$SuppliedThreadLocal@2f31ba80]) and a value of type [net.logstash.logback.util.ThreadLocalHolder.Holder] (value [net.logstash.logback.util.ThreadLocalHolder$Holder@183fd0d2]) but failed to remove it when the web application was stopped. Threads are going to be renewed over time to try and avoid a probable memory leak.
24-Apr-2026 17:30:21.374 SEVERE [Thread-1] org.apache.catalina.loader.WebappClassLoaderBase.checkThreadLocalMapForLeaks The web application [VM-Code] created a ThreadLocal with key of type [java.lang.ThreadLocal.SuppliedThreadLocal] (value [java.lang.ThreadLocal$SuppliedThreadLocal@49ce67e2]) and a value of type [net.logstash.logback.util.ThreadLocalHolder.Holder] (value [net.logstash.logback.util.ThreadLocalHolder$Holder@38aaaf7f]) but failed to remove it when the web application was stopped. Threads are going to be renewed over time to try and avoid a probable memory leak.
24-Apr-2026 17:30:21.374 SEVERE [Thread-1] org.apache.catalina.loader.WebappClassLoaderBase.checkThreadLocalMapForLeaks The web application [VM-Code] created a ThreadLocal with key of type [java.lang.ThreadLocal.SuppliedThreadLocal] (value [java.lang.ThreadLocal$SuppliedThreadLocal@2f31ba80]) and a value of type [net.logstash.logback.util.ThreadLocalHolder.Holder] (value [net.logstash.logback.util.ThreadLocalHolder$Holder@628f1c11]) but failed to remove it when the web application was stopped. Threads are going to be renewed over time to try and avoid a probable memory leak.
24-Apr-2026 17:30:21.374 SEVERE [Thread-1] org.apache.catalina.loader.WebappClassLoaderBase.checkThreadLocalMapForLeaks The web application [VM-Code] created a ThreadLocal with key of type [java.lang.ThreadLocal.SuppliedThreadLocal] (value [java.lang.ThreadLocal$SuppliedThreadLocal@49ce67e2]) and a value of type [net.logstash.logback.util.ThreadLocalHolder.Holder] (value [net.logstash.logback.util.ThreadLocalHolder$Holder@105362f6]) but failed to remove it when the web application was stopped. Threads are going to be renewed over time to try and avoid a probable memory leak.
24-Apr-2026 17:30:21.381 INFO [Thread-1] org.apache.coyote.AbstractProtocol.stop Stopping ProtocolHandler ["http-nio-8080"]
24-Apr-2026 17:30:21.386 INFO [Thread-1] org.apache.coyote.AbstractProtocol.destroy Destroying ProtocolHandler ["http-nio-8080"]
24-Apr-2026 17:31:11.529 INFO [main] org.apache.catalina.startup.VersionLoggerListener.log Server version name:   Apache Tomcat/9.0.116
24-Apr-2026 17:31:11.536 INFO [main] org.apache.catalina.startup.VersionLoggerListener.log Server built:          Mar 16 2026 15:05:42 UTC
24-Apr-2026 17:31:11.537 INFO [main] org.apache.catalina.startup.VersionLoggerListener.log Server version number: 9.0.116.0
24-Apr-2026 17:31:11.537 INFO [main] org.apache.catalina.startup.VersionLoggerListener.log OS Name:               Windows 11
24-Apr-2026 17:31:11.537 INFO [main] org.apache.catalina.startup.VersionLoggerListener.log OS Version:            10.0
24-Apr-2026 17:31:11.537 INFO [main] org.apache.catalina.startup.VersionLoggerListener.log Architecture:          amd64
24-Apr-2026 17:31:11.538 INFO [main] org.apache.catalina.startup.VersionLoggerListener.log Java Home:             C:\Program Files\Java\jdk-17
24-Apr-2026 17:31:11.538 INFO [main] org.apache.catalina.startup.VersionLoggerListener.log JVM Version:           17.0.12+8-LTS-286
24-Apr-2026 17:31:11.538 INFO [main] org.apache.catalina.startup.VersionLoggerListener.log JVM Vendor:            Oracle Corporation
24-Apr-2026 17:31:11.539 INFO [main] org.apache.catalina.startup.VersionLoggerListener.log CATALINA_BASE:         C:\Users\bvign\IdeaProjects\VM-Code
24-Apr-2026 17:31:11.539 INFO [main] org.apache.catalina.startup.VersionLoggerListener.log CATALINA_HOME:         C:\Users\bvign\Downloads\apache-tomcat-9.0.116
24-Apr-2026 17:31:11.553 INFO [main] org.apache.catalina.startup.VersionLoggerListener.log Command line argument: --add-opens=java.base/java.lang=ALL-UNNAMED
24-Apr-2026 17:31:11.554 INFO [main] org.apache.catalina.startup.VersionLoggerListener.log Command line argument: --add-opens=java.base/java.io=ALL-UNNAMED
24-Apr-2026 17:31:11.554 INFO [main] org.apache.catalina.startup.VersionLoggerListener.log Command line argument: --add-opens=java.base/java.util=ALL-UNNAMED
24-Apr-2026 17:31:11.554 INFO [main] org.apache.catalina.startup.VersionLoggerListener.log Command line argument: --add-opens=java.base/java.util.concurrent=ALL-UNNAMED
24-Apr-2026 17:31:11.554 INFO [main] org.apache.catalina.startup.VersionLoggerListener.log Command line argument: --add-opens=java.rmi/sun.rmi.transport=ALL-UNNAMED
24-Apr-2026 17:31:11.555 INFO [main] org.apache.catalina.startup.VersionLoggerListener.log Command line argument: -Dcatalina.home=C:\Users\bvign\Downloads\apache-tomcat-9.0.116
24-Apr-2026 17:31:11.555 INFO [main] org.apache.catalina.startup.VersionLoggerListener.log Command line argument: -Dcatalina.base=C:\Users\bvign\IdeaProjects\VM-Code
24-Apr-2026 17:31:11.555 INFO [main] org.apache.catalina.startup.VersionLoggerListener.log Command line argument: -Djava.io.tmpdir=C:\Users\bvign\IdeaProjects\VM-Code\temp
24-Apr-2026 17:31:11.555 INFO [main] org.apache.catalina.startup.VersionLoggerListener.log Command line argument: -Djava.util.logging.config.file=C:\Users\bvign\IdeaProjects\VM-Code\conf\logging.properties
24-Apr-2026 17:31:11.555 INFO [main] org.apache.catalina.startup.VersionLoggerListener.log Command line argument: -Djava.util.logging.manager=org.apache.juli.ClassLoaderLogManager
24-Apr-2026 17:31:11.556 INFO [main] org.apache.catalina.startup.VersionLoggerListener.log Command line argument: -javaagent:C:\Program Files\JetBrains\IntelliJ IDEA Community Edition 2025.1.3\lib\idea_rt.jar=49667
24-Apr-2026 17:31:11.556 INFO [main] org.apache.catalina.startup.VersionLoggerListener.log Command line argument: -Dfile.encoding=UTF-8
24-Apr-2026 17:31:11.569 INFO [main] org.apache.catalina.core.AprLifecycleListener.lifecycleEvent The Apache Tomcat Native library which allows using OpenSSL was not found on the java.library.path: [C:\Program Files\Java\jdk-17\bin;C:\WINDOWS\Sun\Java\bin;C:\WINDOWS\system32;C:\WINDOWS;C:\Program Files\Common Files\Oracle\Java\javapath;C:\Windows\system32;C:\Windows;C:\Windows\System32\Wbem;C:\Windows\System32\WindowsPowerShell\v1.0\;C:\Windows\System32\OpenSSH\;C:\Program Files\Git\cmd;C:\WINDOWS\system32;C:\WINDOWS;C:\WINDOWS\System32\Wbem;C:\WINDOWS\System32\WindowsPowerShell\v1.0\;C:\WINDOWS\System32\OpenSSH\;C:\Program Files\MySQL\MySQL Server 8.0_1\bin;C:\Program Files\nodejs\;C:\ProgramData\chocolatey\bin;C:\Program Files (x86)\NVIDIA Corporation\PhysX\Common;C:\Program Files\maven-mvnd-1.0.2-windows-amd64\maven-mvnd-1.0.2-windows-amd64\bin;C:\Program Files\Java\jdk-17\bin;C:\Program Files\apache-maven-3.9.11\bin;C:\Program Files\GitHub CLI\;C:\Program Files\Docker\Docker\resources\bin;C:\Users\bvign\AppData\Local\Programs\Python\Python313\Scripts\;C:\Users\bvign\AppData\Local\Programs\Python\Python313\;C:\Users\bvign\AppData\Local\Programs\Python\Launcher\;C:\Program Files\MySQL\MySQL Shell 8.0\bin\;C:\Users\bvign\AppData\Local\Microsoft\WindowsApps;C:\Program Files\JetBrains\IntelliJ IDEA Community Edition 2024.2.3\bin;;C:\Users\bvign\AppData\Roaming\npm;C:\Users\bvign\AppData\Local\Programs\Microsoft VS Code\bin;C:\Users\bvign\AppData\Local\Programs\Antigravity\bin;C:\Program Files\\Elastic\Beats\9.3.2\filebeat;.]
24-Apr-2026 17:31:11.956 INFO [main] org.apache.coyote.AbstractProtocol.init Initializing ProtocolHandler ["http-nio-8080"]
24-Apr-2026 17:31:11.981 INFO [main] org.apache.catalina.startup.Catalina.load Server initialization in [713] milliseconds
24-Apr-2026 17:31:12.038 INFO [main] org.apache.catalina.core.StandardService.startInternal Starting service [Catalina]
24-Apr-2026 17:31:12.038 INFO [main] org.apache.catalina.core.StandardEngine.startInternal Starting Servlet engine: [Apache Tomcat/9.0.116]
24-Apr-2026 17:31:12.048 INFO [main] org.apache.catalina.startup.HostConfig.deployDescriptor Deploying deployment descriptor [C:\Users\bvign\IdeaProjects\VM-Code\conf\Catalina\localhost\VM-Code.xml]
24-Apr-2026 17:31:17.223 INFO [main] org.apache.jasper.servlet.TldScanner.scanJars At least one JAR was scanned for TLDs yet contained no TLDs. Enable debug logging for this logger for a complete list of JARs that were scanned but no TLDs were found in them. Skipping unneeded JARs during scanning can improve startup time and JSP compilation time.
24-Apr-2026 17:31:26.889 INFO [main] org.apache.catalina.startup.HostConfig.deployDescriptor Deployment of deployment descriptor [C:\Users\bvign\IdeaProjects\VM-Code\conf\Catalina\localhost\VM-Code.xml] has finished in [14,840] ms
24-Apr-2026 17:31:26.901 INFO [main] org.apache.coyote.AbstractProtocol.start Starting ProtocolHandler ["http-nio-8080"]
24-Apr-2026 17:31:26.963 INFO [main] org.apache.catalina.startup.Catalina.start Server startup in [14981] milliseconds
24-Apr-2026 17:34:45.460 INFO [Thread-1] org.apache.coyote.AbstractProtocol.pause Pausing ProtocolHandler ["http-nio-8080"]
24-Apr-2026 17:34:45.514 INFO [Thread-1] org.apache.catalina.core.StandardService.stopInternal Stopping service [Catalina]
24-Apr-2026 17:34:45.534 WARNING [Thread-1] org.apache.catalina.loader.WebappClassLoaderBase.clearReferencesJdbc The web application [VM-Code] registered the JDBC driver [com.mysql.cj.jdbc.Driver] but failed to unregister it when the web application was stopped. To prevent a memory leak, the JDBC Driver has been forcibly unregistered.
24-Apr-2026 17:34:45.534 WARNING [Thread-1] org.apache.catalina.loader.WebappClassLoaderBase.clearReferencesThreads The web application [VM-Code] appears to have started a thread named [mysql-cj-abandoned-connection-cleanup] but has failed to stop it. This is very likely to create a memory leak. Stack trace of thread:
 java.base@17.0.12/java.lang.Object.wait(Native Method)
 java.base@17.0.12/java.lang.ref.ReferenceQueue.remove(ReferenceQueue.java:155)
 com.mysql.cj.jdbc.AbandonedConnectionCleanupThread.run(AbandonedConnectionCleanupThread.java:93)
 java.base@17.0.12/java.util.concurrent.ThreadPoolExecutor.runWorker(ThreadPoolExecutor.java:1136)
 java.base@17.0.12/java.util.concurrent.ThreadPoolExecutor$Worker.run(ThreadPoolExecutor.java:635)
 java.base@17.0.12/java.lang.Thread.run(Thread.java:842)
24-Apr-2026 17:34:45.537 SEVERE [Thread-1] org.apache.catalina.loader.WebappClassLoaderBase.checkThreadLocalMapForLeaks The web application [VM-Code] created a ThreadLocal with key of type [java.lang.ThreadLocal.SuppliedThreadLocal] (value [java.lang.ThreadLocal$SuppliedThreadLocal@4153250e]) and a value of type [net.logstash.logback.util.ThreadLocalHolder.Holder] (value [net.logstash.logback.util.ThreadLocalHolder$Holder@50e0a76c]) but failed to remove it when the web application was stopped. Threads are going to be renewed over time to try and avoid a probable memory leak.
24-Apr-2026 17:34:45.537 SEVERE [Thread-1] org.apache.catalina.loader.WebappClassLoaderBase.checkThreadLocalMapForLeaks The web application [VM-Code] created a ThreadLocal with key of type [java.lang.ThreadLocal.SuppliedThreadLocal] (value [java.lang.ThreadLocal$SuppliedThreadLocal@69a477dc]) and a value of type [net.logstash.logback.util.ThreadLocalHolder.Holder] (value [net.logstash.logback.util.ThreadLocalHolder$Holder@1887a2f8]) but failed to remove it when the web application was stopped. Threads are going to be renewed over time to try and avoid a probable memory leak.
24-Apr-2026 17:34:45.537 SEVERE [Thread-1] org.apache.catalina.loader.WebappClassLoaderBase.checkThreadLocalMapForLeaks The web application [VM-Code] created a ThreadLocal with key of type [java.lang.ThreadLocal.SuppliedThreadLocal] (value [java.lang.ThreadLocal$SuppliedThreadLocal@4153250e]) and a value of type [net.logstash.logback.util.ThreadLocalHolder.Holder] (value [net.logstash.logback.util.ThreadLocalHolder$Holder@40248fb3]) but failed to remove it when the web application was stopped. Threads are going to be renewed over time to try and avoid a probable memory leak.
24-Apr-2026 17:34:45.537 SEVERE [Thread-1] org.apache.catalina.loader.WebappClassLoaderBase.checkThreadLocalMapForLeaks The web application [VM-Code] created a ThreadLocal with key of type [java.lang.ThreadLocal.SuppliedThreadLocal] (value [java.lang.ThreadLocal$SuppliedThreadLocal@69a477dc]) and a value of type [net.logstash.logback.util.ThreadLocalHolder.Holder] (value [net.logstash.logback.util.ThreadLocalHolder$Holder@152a8b1c]) but failed to remove it when the web application was stopped. Threads are going to be renewed over time to try and avoid a probable memory leak.
24-Apr-2026 17:34:45.538 SEVERE [Thread-1] org.apache.catalina.loader.WebappClassLoaderBase.checkThreadLocalMapForLeaks The web application [VM-Code] created a ThreadLocal with key of type [java.lang.ThreadLocal.SuppliedThreadLocal] (value [java.lang.ThreadLocal$SuppliedThreadLocal@4153250e]) and a value of type [net.logstash.logback.util.ThreadLocalHolder.Holder] (value [net.logstash.logback.util.ThreadLocalHolder$Holder@5ffa04f2]) but failed to remove it when the web application was stopped. Threads are going to be renewed over time to try and avoid a probable memory leak.
24-Apr-2026 17:34:45.538 SEVERE [Thread-1] org.apache.catalina.loader.WebappClassLoaderBase.checkThreadLocalMapForLeaks The web application [VM-Code] created a ThreadLocal with key of type [java.lang.ThreadLocal.SuppliedThreadLocal] (value [java.lang.ThreadLocal$SuppliedThreadLocal@69a477dc]) and a value of type [net.logstash.logback.util.ThreadLocalHolder.Holder] (value [net.logstash.logback.util.ThreadLocalHolder$Holder@7a4fed97]) but failed to remove it when the web application was stopped. Threads are going to be renewed over time to try and avoid a probable memory leak.
24-Apr-2026 17:34:45.539 SEVERE [Thread-1] org.apache.catalina.loader.WebappClassLoaderBase.checkThreadLocalMapForLeaks The web application [VM-Code] created a ThreadLocal with key of type [java.lang.ThreadLocal.SuppliedThreadLocal] (value [java.lang.ThreadLocal$SuppliedThreadLocal@4153250e]) and a value of type [net.logstash.logback.util.ThreadLocalHolder.Holder] (value [net.logstash.logback.util.ThreadLocalHolder$Holder@1ef2bc7a]) but failed to remove it when the web application was stopped. Threads are going to be renewed over time to try and avoid a probable memory leak.
24-Apr-2026 17:34:45.539 SEVERE [Thread-1] org.apache.catalina.loader.WebappClassLoaderBase.checkThreadLocalMapForLeaks The web application [VM-Code] created a ThreadLocal with key of type [java.lang.ThreadLocal.SuppliedThreadLocal] (value [java.lang.ThreadLocal$SuppliedThreadLocal@69a477dc]) and a value of type [net.logstash.logback.util.ThreadLocalHolder.Holder] (value [net.logstash.logback.util.ThreadLocalHolder$Holder@5fc1a6d3]) but failed to remove it when the web application was stopped. Threads are going to be renewed over time to try and avoid a probable memory leak.
24-Apr-2026 17:34:45.539 SEVERE [Thread-1] org.apache.catalina.loader.WebappClassLoaderBase.checkThreadLocalMapForLeaks The web application [VM-Code] created a ThreadLocal with key of type [java.lang.ThreadLocal.SuppliedThreadLocal] (value [java.lang.ThreadLocal$SuppliedThreadLocal@4153250e]) and a value of type [net.logstash.logback.util.ThreadLocalHolder.Holder] (value [net.logstash.logback.util.ThreadLocalHolder$Holder@5013e44d]) but failed to remove it when the web application was stopped. Threads are going to be renewed over time to try and avoid a probable memory leak.
24-Apr-2026 17:34:45.539 SEVERE [Thread-1] org.apache.catalina.loader.WebappClassLoaderBase.checkThreadLocalMapForLeaks The web application [VM-Code] created a ThreadLocal with key of type [java.lang.ThreadLocal.SuppliedThreadLocal] (value [java.lang.ThreadLocal$SuppliedThreadLocal@69a477dc]) and a value of type [net.logstash.logback.util.ThreadLocalHolder.Holder] (value [net.logstash.logback.util.ThreadLocalHolder$Holder@55b5988d]) but failed to remove it when the web application was stopped. Threads are going to be renewed over time to try and avoid a probable memory leak.
24-Apr-2026 17:34:45.540 SEVERE [Thread-1] org.apache.catalina.loader.WebappClassLoaderBase.checkThreadLocalMapForLeaks The web application [VM-Code] created a ThreadLocal with key of type [java.lang.ThreadLocal.SuppliedThreadLocal] (value [java.lang.ThreadLocal$SuppliedThreadLocal@4153250e]) and a value of type [net.logstash.logback.util.ThreadLocalHolder.Holder] (value [net.logstash.logback.util.ThreadLocalHolder$Holder@5e2fff2d]) but failed to remove it when the web application was stopped. Threads are going to be renewed over time to try and avoid a probable memory leak.
24-Apr-2026 17:34:45.540 SEVERE [Thread-1] org.apache.catalina.loader.WebappClassLoaderBase.checkThreadLocalMapForLeaks The web application [VM-Code] created a ThreadLocal with key of type [java.lang.ThreadLocal.SuppliedThreadLocal] (value [java.lang.ThreadLocal$SuppliedThreadLocal@69a477dc]) and a value of type [net.logstash.logback.util.ThreadLocalHolder.Holder] (value [net.logstash.logback.util.ThreadLocalHolder$Holder@c8a3d05]) but failed to remove it when the web application was stopped. Threads are going to be renewed over time to try and avoid a probable memory leak.
24-Apr-2026 17:34:45.540 SEVERE [Thread-1] org.apache.catalina.loader.WebappClassLoaderBase.checkThreadLocalMapForLeaks The web application [VM-Code] created a ThreadLocal with key of type [java.lang.ThreadLocal.SuppliedThreadLocal] (value [java.lang.ThreadLocal$SuppliedThreadLocal@4153250e]) and a value of type [net.logstash.logback.util.ThreadLocalHolder.Holder] (value [net.logstash.logback.util.ThreadLocalHolder$Holder@43748155]) but failed to remove it when the web application was stopped. Threads are going to be renewed over time to try and avoid a probable memory leak.
24-Apr-2026 17:34:45.540 SEVERE [Thread-1] org.apache.catalina.loader.WebappClassLoaderBase.checkThreadLocalMapForLeaks The web application [VM-Code] created a ThreadLocal with key of type [java.lang.ThreadLocal.SuppliedThreadLocal] (value [java.lang.ThreadLocal$SuppliedThreadLocal@69a477dc]) and a value of type [net.logstash.logback.util.ThreadLocalHolder.Holder] (value [net.logstash.logback.util.ThreadLocalHolder$Holder@3a7c1846]) but failed to remove it when the web application was stopped. Threads are going to be renewed over time to try and avoid a probable memory leak.
24-Apr-2026 17:34:45.541 SEVERE [Thread-1] org.apache.catalina.loader.WebappClassLoaderBase.checkThreadLocalMapForLeaks The web application [VM-Code] created a ThreadLocal with key of type [java.lang.ThreadLocal.SuppliedThreadLocal] (value [java.lang.ThreadLocal$SuppliedThreadLocal@4153250e]) and a value of type [net.logstash.logback.util.ThreadLocalHolder.Holder] (value [net.logstash.logback.util.ThreadLocalHolder$Holder@21ad6578]) but failed to remove it when the web application was stopped. Threads are going to be renewed over time to try and avoid a probable memory leak.
24-Apr-2026 17:34:45.541 SEVERE [Thread-1] org.apache.catalina.loader.WebappClassLoaderBase.checkThreadLocalMapForLeaks The web application [VM-Code] created a ThreadLocal with key of type [java.lang.ThreadLocal.SuppliedThreadLocal] (value [java.lang.ThreadLocal$SuppliedThreadLocal@69a477dc]) and a value of type [net.logstash.logback.util.ThreadLocalHolder.Holder] (value [net.logstash.logback.util.ThreadLocalHolder$Holder@7b49e723]) but failed to remove it when the web application was stopped. Threads are going to be renewed over time to try and avoid a probable memory leak.
24-Apr-2026 17:34:45.542 SEVERE [Thread-1] org.apache.catalina.loader.WebappClassLoaderBase.checkThreadLocalMapForLeaks The web application [VM-Code] created a ThreadLocal with key of type [java.lang.ThreadLocal.SuppliedThreadLocal] (value [java.lang.ThreadLocal$SuppliedThreadLocal@4153250e]) and a value of type [net.logstash.logback.util.ThreadLocalHolder.Holder] (value [net.logstash.logback.util.ThreadLocalHolder$Holder@3a76d02f]) but failed to remove it when the web application was stopped. Threads are going to be renewed over time to try and avoid a probable memory leak.
24-Apr-2026 17:34:45.542 SEVERE [Thread-1] org.apache.catalina.loader.WebappClassLoaderBase.checkThreadLocalMapForLeaks The web application [VM-Code] created a ThreadLocal with key of type [java.lang.ThreadLocal.SuppliedThreadLocal] (value [java.lang.ThreadLocal$SuppliedThreadLocal@69a477dc]) and a value of type [net.logstash.logback.util.ThreadLocalHolder.Holder] (value [net.logstash.logback.util.ThreadLocalHolder$Holder@5df38f09]) but failed to remove it when the web application was stopped. Threads are going to be renewed over time to try and avoid a probable memory leak.
24-Apr-2026 17:34:45.545 INFO [Thread-1] org.apache.coyote.AbstractProtocol.stop Stopping ProtocolHandler ["http-nio-8080"]
24-Apr-2026 17:34:45.554 INFO [Thread-1] org.apache.coyote.AbstractProtocol.destroy Destroying ProtocolHandler ["http-nio-8080"]
24-Apr-2026 18:22:54.153 INFO [main] org.apache.catalina.startup.VersionLoggerListener.log Server version name:   Apache Tomcat/9.0.116
24-Apr-2026 18:22:54.157 INFO [main] org.apache.catalina.startup.VersionLoggerListener.log Server built:          Mar 16 2026 15:05:42 UTC
24-Apr-2026 18:22:54.157 INFO [main] org.apache.catalina.startup.VersionLoggerListener.log Server version number: 9.0.116.0
24-Apr-2026 18:22:54.157 INFO [main] org.apache.catalina.startup.VersionLoggerListener.log OS Name:               Windows 11
24-Apr-2026 18:22:54.157 INFO [main] org.apache.catalina.startup.VersionLoggerListener.log OS Version:            10.0
24-Apr-2026 18:22:54.158 INFO [main] org.apache.catalina.startup.VersionLoggerListener.log Architecture:          amd64
24-Apr-2026 18:22:54.158 INFO [main] org.apache.catalina.startup.VersionLoggerListener.log Java Home:             C:\Program Files\Java\jdk-17
24-Apr-2026 18:22:54.158 INFO [main] org.apache.catalina.startup.VersionLoggerListener.log JVM Version:           17.0.12+8-LTS-286
24-Apr-2026 18:22:54.158 INFO [main] org.apache.catalina.startup.VersionLoggerListener.log JVM Vendor:            Oracle Corporation
24-Apr-2026 18:22:54.158 INFO [main] org.apache.catalina.startup.VersionLoggerListener.log CATALINA_BASE:         C:\Users\bvign\IdeaProjects\VM-Code
24-Apr-2026 18:22:54.158 INFO [main] org.apache.catalina.startup.VersionLoggerListener.log CATALINA_HOME:         C:\Users\bvign\Downloads\apache-tomcat-9.0.116
24-Apr-2026 18:22:54.164 INFO [main] org.apache.catalina.startup.VersionLoggerListener.log Command line argument: --add-opens=java.base/java.lang=ALL-UNNAMED
24-Apr-2026 18:22:54.164 INFO [main] org.apache.catalina.startup.VersionLoggerListener.log Command line argument: --add-opens=java.base/java.io=ALL-UNNAMED
24-Apr-2026 18:22:54.164 INFO [main] org.apache.catalina.startup.VersionLoggerListener.log Command line argument: --add-opens=java.base/java.util=ALL-UNNAMED
24-Apr-2026 18:22:54.164 INFO [main] org.apache.catalina.startup.VersionLoggerListener.log Command line argument: --add-opens=java.base/java.util.concurrent=ALL-UNNAMED
24-Apr-2026 18:22:54.164 INFO [main] org.apache.catalina.startup.VersionLoggerListener.log Command line argument: --add-opens=java.rmi/sun.rmi.transport=ALL-UNNAMED
24-Apr-2026 18:22:54.164 INFO [main] org.apache.catalina.startup.VersionLoggerListener.log Command line argument: -Dcatalina.home=C:\Users\bvign\Downloads\apache-tomcat-9.0.116
24-Apr-2026 18:22:54.164 INFO [main] org.apache.catalina.startup.VersionLoggerListener.log Command line argument: -Dcatalina.base=C:\Users\bvign\IdeaProjects\VM-Code
24-Apr-2026 18:22:54.164 INFO [main] org.apache.catalina.startup.VersionLoggerListener.log Command line argument: -Djava.io.tmpdir=C:\Users\bvign\IdeaProjects\VM-Code\temp
24-Apr-2026 18:22:54.164 INFO [main] org.apache.catalina.startup.VersionLoggerListener.log Command line argument: -Djava.util.logging.config.file=C:\Users\bvign\IdeaProjects\VM-Code\conf\logging.properties
24-Apr-2026 18:22:54.164 INFO [main] org.apache.catalina.startup.VersionLoggerListener.log Command line argument: -Djava.util.logging.manager=org.apache.juli.ClassLoaderLogManager
24-Apr-2026 18:22:54.164 INFO [main] org.apache.catalina.startup.VersionLoggerListener.log Command line argument: -javaagent:C:\Program Files\JetBrains\IntelliJ IDEA Community Edition 2025.1.3\lib\idea_rt.jar=60279
24-Apr-2026 18:22:54.164 INFO [main] org.apache.catalina.startup.VersionLoggerListener.log Command line argument: -Dfile.encoding=UTF-8
24-Apr-2026 18:22:54.172 INFO [main] org.apache.catalina.core.AprLifecycleListener.lifecycleEvent The Apache Tomcat Native library which allows using OpenSSL was not found on the java.library.path: [C:\Program Files\Java\jdk-17\bin;C:\WINDOWS\Sun\Java\bin;C:\WINDOWS\system32;C:\WINDOWS;C:\Program Files\Common Files\Oracle\Java\javapath;C:\Windows\system32;C:\Windows;C:\Windows\System32\Wbem;C:\Windows\System32\WindowsPowerShell\v1.0\;C:\Windows\System32\OpenSSH\;C:\Program Files\Git\cmd;C:\WINDOWS\system32;C:\WINDOWS;C:\WINDOWS\System32\Wbem;C:\WINDOWS\System32\WindowsPowerShell\v1.0\;C:\WINDOWS\System32\OpenSSH\;C:\Program Files\MySQL\MySQL Server 8.0_1\bin;C:\Program Files\nodejs\;C:\ProgramData\chocolatey\bin;C:\Program Files (x86)\NVIDIA Corporation\PhysX\Common;C:\Program Files\maven-mvnd-1.0.2-windows-amd64\maven-mvnd-1.0.2-windows-amd64\bin;C:\Program Files\Java\jdk-17\bin;C:\Program Files\apache-maven-3.9.11\bin;C:\Program Files\GitHub CLI\;C:\Program Files\Docker\Docker\resources\bin;C:\Users\bvign\AppData\Local\Programs\Python\Python313\Scripts\;C:\Users\bvign\AppData\Local\Programs\Python\Python313\;C:\Users\bvign\AppData\Local\Programs\Python\Launcher\;C:\Program Files\MySQL\MySQL Shell 8.0\bin\;C:\Users\bvign\AppData\Local\Microsoft\WindowsApps;C:\Program Files\JetBrains\IntelliJ IDEA Community Edition 2024.2.3\bin;;C:\Users\bvign\AppData\Roaming\npm;C:\Users\bvign\AppData\Local\Programs\Microsoft VS Code\bin;C:\Users\bvign\AppData\Local\Programs\Antigravity\bin;C:\Program Files\\Elastic\Beats\9.3.2\filebeat;.]
24-Apr-2026 18:22:54.480 INFO [main] org.apache.coyote.AbstractProtocol.init Initializing ProtocolHandler ["http-nio-8080"]
24-Apr-2026 18:22:54.503 INFO [main] org.apache.catalina.startup.Catalina.load Server initialization in [526] milliseconds
24-Apr-2026 18:22:54.549 INFO [main] org.apache.catalina.core.StandardService.startInternal Starting service [Catalina]
24-Apr-2026 18:22:54.549 INFO [main] org.apache.catalina.core.StandardEngine.startInternal Starting Servlet engine: [Apache Tomcat/9.0.116]
24-Apr-2026 18:22:54.555 INFO [main] org.apache.catalina.startup.HostConfig.deployDescriptor Deploying deployment descriptor [C:\Users\bvign\IdeaProjects\VM-Code\conf\Catalina\localhost\VM-Code.xml]
24-Apr-2026 18:22:57.461 INFO [main] org.apache.jasper.servlet.TldScanner.scanJars At least one JAR was scanned for TLDs yet contained no TLDs. Enable debug logging for this logger for a complete list of JARs that were scanned but no TLDs were found in them. Skipping unneeded JARs during scanning can improve startup time and JSP compilation time.
24-Apr-2026 18:23:02.816 INFO [main] org.apache.catalina.startup.HostConfig.deployDescriptor Deployment of deployment descriptor [C:\Users\bvign\IdeaProjects\VM-Code\conf\Catalina\localhost\VM-Code.xml] has finished in [8,260] ms
24-Apr-2026 18:23:02.819 INFO [main] org.apache.coyote.AbstractProtocol.start Starting ProtocolHandler ["http-nio-8080"]
24-Apr-2026 18:23:02.833 INFO [main] org.apache.catalina.startup.Catalina.start Server startup in [8327] milliseconds
24-Apr-2026 18:29:41.471 INFO [Thread-1] org.apache.coyote.AbstractProtocol.pause Pausing ProtocolHandler ["http-nio-8080"]
24-Apr-2026 18:29:41.495 INFO [Thread-1] org.apache.catalina.core.StandardService.stopInternal Stopping service [Catalina]
24-Apr-2026 18:29:41.504 WARNING [Thread-1] org.apache.catalina.loader.WebappClassLoaderBase.clearReferencesJdbc The web application [VM-Code] registered the JDBC driver [com.mysql.cj.jdbc.Driver] but failed to unregister it when the web application was stopped. To prevent a memory leak, the JDBC Driver has been forcibly unregistered.
24-Apr-2026 18:29:41.505 WARNING [Thread-1] org.apache.catalina.loader.WebappClassLoaderBase.clearReferencesThreads The web application [VM-Code] appears to have started a thread named [mysql-cj-abandoned-connection-cleanup] but has failed to stop it. This is very likely to create a memory leak. Stack trace of thread:
 java.base@17.0.12/java.lang.Object.wait(Native Method)
 java.base@17.0.12/java.lang.ref.ReferenceQueue.remove(ReferenceQueue.java:155)
 com.mysql.cj.jdbc.AbandonedConnectionCleanupThread.run(AbandonedConnectionCleanupThread.java:93)
 java.base@17.0.12/java.util.concurrent.ThreadPoolExecutor.runWorker(ThreadPoolExecutor.java:1136)
 java.base@17.0.12/java.util.concurrent.ThreadPoolExecutor$Worker.run(ThreadPoolExecutor.java:635)
 java.base@17.0.12/java.lang.Thread.run(Thread.java:842)
24-Apr-2026 18:29:41.505 SEVERE [Thread-1] org.apache.catalina.loader.WebappClassLoaderBase.checkThreadLocalMapForLeaks The web application [VM-Code] created a ThreadLocal with key of type [java.lang.ThreadLocal.SuppliedThreadLocal] (value [java.lang.ThreadLocal$SuppliedThreadLocal@33e1c393]) and a value of type [net.logstash.logback.util.ThreadLocalHolder.Holder] (value [net.logstash.logback.util.ThreadLocalHolder$Holder@35c7c4a6]) but failed to remove it when the web application was stopped. Threads are going to be renewed over time to try and avoid a probable memory leak.
24-Apr-2026 18:29:41.505 SEVERE [Thread-1] org.apache.catalina.loader.WebappClassLoaderBase.checkThreadLocalMapForLeaks The web application [VM-Code] created a ThreadLocal with key of type [java.lang.ThreadLocal.SuppliedThreadLocal] (value [java.lang.ThreadLocal$SuppliedThreadLocal@26ace61e]) and a value of type [net.logstash.logback.util.ThreadLocalHolder.Holder] (value [net.logstash.logback.util.ThreadLocalHolder$Holder@696f79f3]) but failed to remove it when the web application was stopped. Threads are going to be renewed over time to try and avoid a probable memory leak.
24-Apr-2026 18:29:41.505 SEVERE [Thread-1] org.apache.catalina.loader.WebappClassLoaderBase.checkThreadLocalMapForLeaks The web application [VM-Code] created a ThreadLocal with key of type [java.lang.ThreadLocal.SuppliedThreadLocal] (value [java.lang.ThreadLocal$SuppliedThreadLocal@33e1c393]) and a value of type [net.logstash.logback.util.ThreadLocalHolder.Holder] (value [net.logstash.logback.util.ThreadLocalHolder$Holder@542fc216]) but failed to remove it when the web application was stopped. Threads are going to be renewed over time to try and avoid a probable memory leak.
24-Apr-2026 18:29:41.505 SEVERE [Thread-1] org.apache.catalina.loader.WebappClassLoaderBase.checkThreadLocalMapForLeaks The web application [VM-Code] created a ThreadLocal with key of type [java.lang.ThreadLocal.SuppliedThreadLocal] (value [java.lang.ThreadLocal$SuppliedThreadLocal@26ace61e]) and a value of type [net.logstash.logback.util.ThreadLocalHolder.Holder] (value [net.logstash.logback.util.ThreadLocalHolder$Holder@5f46dec1]) but failed to remove it when the web application was stopped. Threads are going to be renewed over time to try and avoid a probable memory leak.
24-Apr-2026 18:29:41.506 SEVERE [Thread-1] org.apache.catalina.loader.WebappClassLoaderBase.checkThreadLocalMapForLeaks The web application [VM-Code] created a ThreadLocal with key of type [java.lang.ThreadLocal.SuppliedThreadLocal] (value [java.lang.ThreadLocal$SuppliedThreadLocal@33e1c393]) and a value of type [net.logstash.logback.util.ThreadLocalHolder.Holder] (value [net.logstash.logback.util.ThreadLocalHolder$Holder@1e1b4f21]) but failed to remove it when the web application was stopped. Threads are going to be renewed over time to try and avoid a probable memory leak.
24-Apr-2026 18:29:41.506 SEVERE [Thread-1] org.apache.catalina.loader.WebappClassLoaderBase.checkThreadLocalMapForLeaks The web application [VM-Code] created a ThreadLocal with key of type [java.lang.ThreadLocal.SuppliedThreadLocal] (value [java.lang.ThreadLocal$SuppliedThreadLocal@26ace61e]) and a value of type [net.logstash.logback.util.ThreadLocalHolder.Holder] (value [net.logstash.logback.util.ThreadLocalHolder$Holder@c290df0]) but failed to remove it when the web application was stopped. Threads are going to be renewed over time to try and avoid a probable memory leak.
24-Apr-2026 18:29:41.508 SEVERE [Thread-1] org.apache.catalina.loader.WebappClassLoaderBase.checkThreadLocalMapForLeaks The web application [VM-Code] created a ThreadLocal with key of type [java.lang.ThreadLocal.SuppliedThreadLocal] (value [java.lang.ThreadLocal$SuppliedThreadLocal@33e1c393]) and a value of type [net.logstash.logback.util.ThreadLocalHolder.Holder] (value [net.logstash.logback.util.ThreadLocalHolder$Holder@263c5111]) but failed to remove it when the web application was stopped. Threads are going to be renewed over time to try and avoid a probable memory leak.
24-Apr-2026 18:29:41.508 SEVERE [Thread-1] org.apache.catalina.loader.WebappClassLoaderBase.checkThreadLocalMapForLeaks The web application [VM-Code] created a ThreadLocal with key of type [java.lang.ThreadLocal.SuppliedThreadLocal] (value [java.lang.ThreadLocal$SuppliedThreadLocal@26ace61e]) and a value of type [net.logstash.logback.util.ThreadLocalHolder.Holder] (value [net.logstash.logback.util.ThreadLocalHolder$Holder@4f6523c1]) but failed to remove it when the web application was stopped. Threads are going to be renewed over time to try and avoid a probable memory leak.
24-Apr-2026 18:29:41.508 SEVERE [Thread-1] org.apache.catalina.loader.WebappClassLoaderBase.checkThreadLocalMapForLeaks The web application [VM-Code] created a ThreadLocal with key of type [java.lang.ThreadLocal.SuppliedThreadLocal] (value [java.lang.ThreadLocal$SuppliedThreadLocal@33e1c393]) and a value of type [net.logstash.logback.util.ThreadLocalHolder.Holder] (value [net.logstash.logback.util.ThreadLocalHolder$Holder@bc30f4b]) but failed to remove it when the web application was stopped. Threads are going to be renewed over time to try and avoid a probable memory leak.
24-Apr-2026 18:29:41.508 SEVERE [Thread-1] org.apache.catalina.loader.WebappClassLoaderBase.checkThreadLocalMapForLeaks The web application [VM-Code] created a ThreadLocal with key of type [java.lang.ThreadLocal.SuppliedThreadLocal] (value [java.lang.ThreadLocal$SuppliedThreadLocal@26ace61e]) and a value of type [net.logstash.logback.util.ThreadLocalHolder.Holder] (value [net.logstash.logback.util.ThreadLocalHolder$Holder@4f41d54e]) but failed to remove it when the web application was stopped. Threads are going to be renewed over time to try and avoid a probable memory leak.
24-Apr-2026 18:29:41.508 SEVERE [Thread-1] org.apache.catalina.loader.WebappClassLoaderBase.checkThreadLocalMapForLeaks The web application [VM-Code] created a ThreadLocal with key of type [java.lang.ThreadLocal.SuppliedThreadLocal] (value [java.lang.ThreadLocal$SuppliedThreadLocal@33e1c393]) and a value of type [net.logstash.logback.util.ThreadLocalHolder.Holder] (value [net.logstash.logback.util.ThreadLocalHolder$Holder@bb1b16e]) but failed to remove it when the web application was stopped. Threads are going to be renewed over time to try and avoid a probable memory leak.
24-Apr-2026 18:29:41.508 SEVERE [Thread-1] org.apache.catalina.loader.WebappClassLoaderBase.checkThreadLocalMapForLeaks The web application [VM-Code] created a ThreadLocal with key of type [java.lang.ThreadLocal.SuppliedThreadLocal] (value [java.lang.ThreadLocal$SuppliedThreadLocal@26ace61e]) and a value of type [net.logstash.logback.util.ThreadLocalHolder.Holder] (value [net.logstash.logback.util.ThreadLocalHolder$Holder@6dace0f2]) but failed to remove it when the web application was stopped. Threads are going to be renewed over time to try and avoid a probable memory leak.
24-Apr-2026 18:29:41.508 SEVERE [Thread-1] org.apache.catalina.loader.WebappClassLoaderBase.checkThreadLocalMapForLeaks The web application [VM-Code] created a ThreadLocal with key of type [java.lang.ThreadLocal.SuppliedThreadLocal] (value [java.lang.ThreadLocal$SuppliedThreadLocal@33e1c393]) and a value of type [net.logstash.logback.util.ThreadLocalHolder.Holder] (value [net.logstash.logback.util.ThreadLocalHolder$Holder@7e86035b]) but failed to remove it when the web application was stopped. Threads are going to be renewed over time to try and avoid a probable memory leak.
24-Apr-2026 18:29:41.509 SEVERE [Thread-1] org.apache.catalina.loader.WebappClassLoaderBase.checkThreadLocalMapForLeaks The web application [VM-Code] created a ThreadLocal with key of type [java.lang.ThreadLocal.SuppliedThreadLocal] (value [java.lang.ThreadLocal$SuppliedThreadLocal@26ace61e]) and a value of type [net.logstash.logback.util.ThreadLocalHolder.Holder] (value [net.logstash.logback.util.ThreadLocalHolder$Holder@3f2c5260]) but failed to remove it when the web application was stopped. Threads are going to be renewed over time to try and avoid a probable memory leak.
24-Apr-2026 18:29:41.510 SEVERE [Thread-1] org.apache.catalina.loader.WebappClassLoaderBase.checkThreadLocalMapForLeaks The web application [VM-Code] created a ThreadLocal with key of type [java.lang.ThreadLocal.SuppliedThreadLocal] (value [java.lang.ThreadLocal$SuppliedThreadLocal@33e1c393]) and a value of type [net.logstash.logback.util.ThreadLocalHolder.Holder] (value [net.logstash.logback.util.ThreadLocalHolder$Holder@7d63237c]) but failed to remove it when the web application was stopped. Threads are going to be renewed over time to try and avoid a probable memory leak.
24-Apr-2026 18:29:41.510 SEVERE [Thread-1] org.apache.catalina.loader.WebappClassLoaderBase.checkThreadLocalMapForLeaks The web application [VM-Code] created a ThreadLocal with key of type [java.lang.ThreadLocal.SuppliedThreadLocal] (value [java.lang.ThreadLocal$SuppliedThreadLocal@26ace61e]) and a value of type [net.logstash.logback.util.ThreadLocalHolder.Holder] (value [net.logstash.logback.util.ThreadLocalHolder$Holder@2001d1e2]) but failed to remove it when the web application was stopped. Threads are going to be renewed over time to try and avoid a probable memory leak.
24-Apr-2026 18:29:41.510 SEVERE [Thread-1] org.apache.catalina.loader.WebappClassLoaderBase.checkThreadLocalMapForLeaks The web application [VM-Code] created a ThreadLocal with key of type [java.lang.ThreadLocal.SuppliedThreadLocal] (value [java.lang.ThreadLocal$SuppliedThreadLocal@33e1c393]) and a value of type [net.logstash.logback.util.ThreadLocalHolder.Holder] (value [net.logstash.logback.util.ThreadLocalHolder$Holder@1cdc5a26]) but failed to remove it when the web application was stopped. Threads are going to be renewed over time to try and avoid a probable memory leak.
24-Apr-2026 18:29:41.511 SEVERE [Thread-1] org.apache.catalina.loader.WebappClassLoaderBase.checkThreadLocalMapForLeaks The web application [VM-Code] created a ThreadLocal with key of type [java.lang.ThreadLocal.SuppliedThreadLocal] (value [java.lang.ThreadLocal$SuppliedThreadLocal@26ace61e]) and a value of type [net.logstash.logback.util.ThreadLocalHolder.Holder] (value [net.logstash.logback.util.ThreadLocalHolder$Holder@2441de95]) but failed to remove it when the web application was stopped. Threads are going to be renewed over time to try and avoid a probable memory leak.
24-Apr-2026 18:29:41.511 SEVERE [Thread-1] org.apache.catalina.loader.WebappClassLoaderBase.checkThreadLocalMapForLeaks The web application [VM-Code] created a ThreadLocal with key of type [java.lang.ThreadLocal.SuppliedThreadLocal] (value [java.lang.ThreadLocal$SuppliedThreadLocal@33e1c393]) and a value of type [net.logstash.logback.util.ThreadLocalHolder.Holder] (value [net.logstash.logback.util.ThreadLocalHolder$Holder@40dd61a2]) but failed to remove it when the web application was stopped. Threads are going to be renewed over time to try and avoid a probable memory leak.
24-Apr-2026 18:29:41.511 SEVERE [Thread-1] org.apache.catalina.loader.WebappClassLoaderBase.checkThreadLocalMapForLeaks The web application [VM-Code] created a ThreadLocal with key of type [java.lang.ThreadLocal.SuppliedThreadLocal] (value [java.lang.ThreadLocal$SuppliedThreadLocal@26ace61e]) and a value of type [net.logstash.logback.util.ThreadLocalHolder.Holder] (value [net.logstash.logback.util.ThreadLocalHolder$Holder@6e7d369a]) but failed to remove it when the web application was stopped. Threads are going to be renewed over time to try and avoid a probable memory leak.
24-Apr-2026 18:29:41.514 INFO [Thread-1] org.apache.coyote.AbstractProtocol.stop Stopping ProtocolHandler ["http-nio-8080"]
24-Apr-2026 18:29:41.531 INFO [Thread-1] org.apache.coyote.AbstractProtocol.destroy Destroying ProtocolHandler ["http-nio-8080"]
