25-Mar-2026 16:23:42.993 INFO [main] org.apache.catalina.startup.VersionLoggerListener.log Server version name:   Apache Tomcat/9.0.115
25-Mar-2026 16:23:43.008 INFO [main] org.apache.catalina.startup.VersionLoggerListener.log Server built:          Jan 21 2026 08:17:26 UTC
25-Mar-2026 16:23:43.008 INFO [main] org.apache.catalina.startup.VersionLoggerListener.log Server version number: 9.0.115.0
25-Mar-2026 16:23:43.008 INFO [main] org.apache.catalina.startup.VersionLoggerListener.log OS Name:               Windows 11
25-Mar-2026 16:23:43.008 INFO [main] org.apache.catalina.startup.VersionLoggerListener.log OS Version:            10.0
25-Mar-2026 16:23:43.009 INFO [main] org.apache.catalina.startup.VersionLoggerListener.log Architecture:          amd64
25-Mar-2026 16:23:43.009 INFO [main] org.apache.catalina.startup.VersionLoggerListener.log Java Home:             C:\Program Files\Java\jdk-20
25-Mar-2026 16:23:43.009 INFO [main] org.apache.catalina.startup.VersionLoggerListener.log JVM Version:           20.0.2+9-78
25-Mar-2026 16:23:43.009 INFO [main] org.apache.catalina.startup.VersionLoggerListener.log JVM Vendor:            Oracle Corporation
25-Mar-2026 16:23:43.011 INFO [main] org.apache.catalina.startup.VersionLoggerListener.log CATALINA_BASE:         C:\Users\Mathan.R\Desktop\VM-CODE
25-Mar-2026 16:23:43.011 INFO [main] org.apache.catalina.startup.VersionLoggerListener.log CATALINA_HOME:         C:\Users\Mathan.R\Downloads\apache-tomcat-9.0.115\apache-tomcat-9.0.115
25-Mar-2026 16:23:43.027 INFO [main] org.apache.catalina.startup.VersionLoggerListener.log Command line argument: --add-opens=java.base/java.lang=ALL-UNNAMED
25-Mar-2026 16:23:43.028 INFO [main] org.apache.catalina.startup.VersionLoggerListener.log Command line argument: --add-opens=java.base/java.io=ALL-UNNAMED
25-Mar-2026 16:23:43.028 INFO [main] org.apache.catalina.startup.VersionLoggerListener.log Command line argument: --add-opens=java.base/java.util=ALL-UNNAMED
25-Mar-2026 16:23:43.028 INFO [main] org.apache.catalina.startup.VersionLoggerListener.log Command line argument: --add-opens=java.base/java.util.concurrent=ALL-UNNAMED
25-Mar-2026 16:23:43.028 INFO [main] org.apache.catalina.startup.VersionLoggerListener.log Command line argument: --add-opens=java.rmi/sun.rmi.transport=ALL-UNNAMED
25-Mar-2026 16:23:43.028 INFO [main] org.apache.catalina.startup.VersionLoggerListener.log Command line argument: -Dcatalina.home=C:\Users\Mathan.R\Downloads\apache-tomcat-9.0.115\apache-tomcat-9.0.115
25-Mar-2026 16:23:43.028 INFO [main] org.apache.catalina.startup.VersionLoggerListener.log Command line argument: -Dcatalina.base=C:\Users\Mathan.R\Desktop\VM-CODE
25-Mar-2026 16:23:43.028 INFO [main] org.apache.catalina.startup.VersionLoggerListener.log Command line argument: -Djava.io.tmpdir=C:\Users\Mathan.R\Desktop\VM-CODE\temp
25-Mar-2026 16:23:43.029 INFO [main] org.apache.catalina.startup.VersionLoggerListener.log Command line argument: -Djava.util.logging.config.file=C:\Users\Mathan.R\Desktop\VM-CODE\conf\logging.properties
25-Mar-2026 16:23:43.029 INFO [main] org.apache.catalina.startup.VersionLoggerListener.log Command line argument: -Djava.util.logging.manager=org.apache.juli.ClassLoaderLogManager
25-Mar-2026 16:23:43.029 INFO [main] org.apache.catalina.startup.VersionLoggerListener.log Command line argument: -javaagent:C:\java\IntelliJ IDEA Community Edition 2023.2.1\lib\idea_rt.jar=56585:C:\java\IntelliJ IDEA Community Edition 2023.2.1\bin
25-Mar-2026 16:23:43.029 INFO [main] org.apache.catalina.startup.VersionLoggerListener.log Command line argument: -Dfile.encoding=UTF-8
25-Mar-2026 16:23:43.029 INFO [main] org.apache.catalina.startup.VersionLoggerListener.log Command line argument: -Dsun.stdout.encoding=UTF-8
25-Mar-2026 16:23:43.030 INFO [main] org.apache.catalina.startup.VersionLoggerListener.log Command line argument: -Dsun.stderr.encoding=UTF-8
25-Mar-2026 16:23:43.042 INFO [main] org.apache.catalina.core.AprLifecycleListener.lifecycleEvent The Apache Tomcat Native library which allows using OpenSSL was not found on the java.library.path: [C:\Program Files\Java\jdk-20\bin;C:\WINDOWS\Sun\Java\bin;C:\WINDOWS\system32;C:\WINDOWS;C:\Program Files\Common Files\Oracle\Java\javapath;C:\Program Files (x86)\Common Files\Oracle\Java\javapath;C:\windows\system32;C:\windows;C:\windows\System32\Wbem;C:\windows\System32\WindowsPowerShell\v1.0\;C:\windows\System32\OpenSSH\;C:\Program Files\Git\cmd;C:\Program Files\MySQL\MySQL Shell 8.0\bin;C:\Program Files\MySQL\MySQL Server 5.5\bin;C:\Program Files\Java\jdk-20\bin;C:\MinGW\bin;C:\Program Files\nodejs\;C:\Program Files\HP\HP One Agent;C:\Program Files\PuTTY\;C:\WINDOWS\system32;C:\WINDOWS;C:\WINDOWS\System32\Wbem;C:\WINDOWS\System32\WindowsPowerShell\v1.0\;C:\WINDOWS\System32\OpenSSH\;c:\Users\Mathan.R\AppData\Local\Programs\cursor\resources\app\bin;C:\Users\Mathan.R\Downloads\apache-maven-3.9.12-bin\apache-maven-3.9.12\bin;C:\Program Files\MySQL\MySQL Shell 8.0\bin\;C:\Users\Mathan.R\AppData\Local\Programs\Python\Python311\Scripts\;C:\Users\Mathan.R\AppData\Local\Programs\Python\Python311\;C:\Users\Mathan.R\AppData\Local\Microsoft\WindowsApps;C:\Users\Mathan.R\AppData\Local\Programs\Microsoft VS Code\bin;C:\java\IntelliJ IDEA Community Edition 2023.2.1\bin;;C:\MinGW\bin;C:\Users\Mathan.R\AppData\Roaming\npm;C:\Program Files\Java\jdk-20\bin;C:\Users\Mathan.R\AppData\Local\Programs\cursor\resources\app\bin;.]
25-Mar-2026 16:23:43.826 INFO [main] org.apache.coyote.AbstractProtocol.init Initializing ProtocolHandler ["http-nio-8080"]
25-Mar-2026 16:23:43.852 INFO [main] org.apache.catalina.startup.Catalina.load Server initialization in [1142] milliseconds
25-Mar-2026 16:23:43.912 INFO [main] org.apache.catalina.core.StandardService.startInternal Starting service [Catalina]
25-Mar-2026 16:23:43.913 INFO [main] org.apache.catalina.core.StandardEngine.startInternal Starting Servlet engine: [Apache Tomcat/9.0.115]
25-Mar-2026 16:23:43.926 INFO [main] org.apache.catalina.startup.HostConfig.deployDescriptor Deploying deployment descriptor [C:\Users\Mathan.R\Desktop\VM-CODE\conf\Catalina\localhost\ROOT.xml]
25-Mar-2026 16:23:46.608 INFO [main] org.apache.jasper.servlet.TldScanner.scanJars At least one JAR was scanned for TLDs yet contained no TLDs. Enable debug logging for this logger for a complete list of JARs that were scanned but no TLDs were found in them. Skipping unneeded JARs during scanning can improve startup time and JSP compilation time.
25-Mar-2026 16:23:46.718 INFO [main] org.apache.catalina.startup.HostConfig.deployDescriptor Deployment of deployment descriptor [C:\Users\Mathan.R\Desktop\VM-CODE\conf\Catalina\localhost\ROOT.xml] has finished in [2,792] ms
25-Mar-2026 16:23:46.724 INFO [main] org.apache.coyote.AbstractProtocol.start Starting ProtocolHandler ["http-nio-8080"]
25-Mar-2026 16:23:46.782 INFO [main] org.apache.catalina.startup.Catalina.start Server startup in [2927] milliseconds
25-Mar-2026 16:24:51.763 INFO [Thread-1] org.apache.coyote.AbstractProtocol.pause Pausing ProtocolHandler ["http-nio-8080"]
25-Mar-2026 16:24:51.996 INFO [Thread-1] org.apache.catalina.core.StandardService.stopInternal Stopping service [Catalina]
25-Mar-2026 16:24:52.025 INFO [Thread-1] org.apache.coyote.AbstractProtocol.stop Stopping ProtocolHandler ["http-nio-8080"]
25-Mar-2026 16:24:52.035 INFO [Thread-1] org.apache.coyote.AbstractProtocol.destroy Destroying ProtocolHandler ["http-nio-8080"]
25-Mar-2026 16:25:18.800 INFO [main] org.apache.catalina.startup.VersionLoggerListener.log Server version name:   Apache Tomcat/9.0.115
25-Mar-2026 16:25:18.813 INFO [main] org.apache.catalina.startup.VersionLoggerListener.log Server built:          Jan 21 2026 08:17:26 UTC
25-Mar-2026 16:25:18.814 INFO [main] org.apache.catalina.startup.VersionLoggerListener.log Server version number: 9.0.115.0
25-Mar-2026 16:25:18.817 INFO [main] org.apache.catalina.startup.VersionLoggerListener.log OS Name:               Windows 11
25-Mar-2026 16:25:18.817 INFO [main] org.apache.catalina.startup.VersionLoggerListener.log OS Version:            10.0
25-Mar-2026 16:25:18.818 INFO [main] org.apache.catalina.startup.VersionLoggerListener.log Architecture:          amd64
25-Mar-2026 16:25:18.818 INFO [main] org.apache.catalina.startup.VersionLoggerListener.log Java Home:             C:\Program Files\Java\jdk-20
25-Mar-2026 16:25:18.819 INFO [main] org.apache.catalina.startup.VersionLoggerListener.log JVM Version:           20.0.2+9-78
25-Mar-2026 16:25:18.819 INFO [main] org.apache.catalina.startup.VersionLoggerListener.log JVM Vendor:            Oracle Corporation
25-Mar-2026 16:25:18.819 INFO [main] org.apache.catalina.startup.VersionLoggerListener.log CATALINA_BASE:         C:\Users\Mathan.R\Desktop\VM-CODE
25-Mar-2026 16:25:18.819 INFO [main] org.apache.catalina.startup.VersionLoggerListener.log CATALINA_HOME:         C:\Users\Mathan.R\Downloads\apache-tomcat-9.0.115\apache-tomcat-9.0.115
25-Mar-2026 16:25:18.828 INFO [main] org.apache.catalina.startup.VersionLoggerListener.log Command line argument: --add-opens=java.base/java.lang=ALL-UNNAMED
25-Mar-2026 16:25:18.828 INFO [main] org.apache.catalina.startup.VersionLoggerListener.log Command line argument: --add-opens=java.base/java.io=ALL-UNNAMED
25-Mar-2026 16:25:18.828 INFO [main] org.apache.catalina.startup.VersionLoggerListener.log Command line argument: --add-opens=java.base/java.util=ALL-UNNAMED
25-Mar-2026 16:25:18.829 INFO [main] org.apache.catalina.startup.VersionLoggerListener.log Command line argument: --add-opens=java.base/java.util.concurrent=ALL-UNNAMED
25-Mar-2026 16:25:18.829 INFO [main] org.apache.catalina.startup.VersionLoggerListener.log Command line argument: --add-opens=java.rmi/sun.rmi.transport=ALL-UNNAMED
25-Mar-2026 16:25:18.829 INFO [main] org.apache.catalina.startup.VersionLoggerListener.log Command line argument: -Dcatalina.home=C:\Users\Mathan.R\Downloads\apache-tomcat-9.0.115\apache-tomcat-9.0.115
25-Mar-2026 16:25:18.829 INFO [main] org.apache.catalina.startup.VersionLoggerListener.log Command line argument: -Dcatalina.base=C:\Users\Mathan.R\Desktop\VM-CODE
25-Mar-2026 16:25:18.829 INFO [main] org.apache.catalina.startup.VersionLoggerListener.log Command line argument: -Djava.io.tmpdir=C:\Users\Mathan.R\Desktop\VM-CODE\temp
25-Mar-2026 16:25:18.829 INFO [main] org.apache.catalina.startup.VersionLoggerListener.log Command line argument: -Djava.util.logging.config.file=C:\Users\Mathan.R\Desktop\VM-CODE\conf\logging.properties
25-Mar-2026 16:25:18.829 INFO [main] org.apache.catalina.startup.VersionLoggerListener.log Command line argument: -Djava.util.logging.manager=org.apache.juli.ClassLoaderLogManager
25-Mar-2026 16:25:18.829 INFO [main] org.apache.catalina.startup.VersionLoggerListener.log Command line argument: -javaagent:C:\java\IntelliJ IDEA Community Edition 2023.2.1\lib\idea_rt.jar=58042:C:\java\IntelliJ IDEA Community Edition 2023.2.1\bin
25-Mar-2026 16:25:18.830 INFO [main] org.apache.catalina.startup.VersionLoggerListener.log Command line argument: -Dfile.encoding=UTF-8
25-Mar-2026 16:25:18.830 INFO [main] org.apache.catalina.startup.VersionLoggerListener.log Command line argument: -Dsun.stdout.encoding=UTF-8
25-Mar-2026 16:25:18.830 INFO [main] org.apache.catalina.startup.VersionLoggerListener.log Command line argument: -Dsun.stderr.encoding=UTF-8
25-Mar-2026 16:25:18.845 INFO [main] org.apache.catalina.core.AprLifecycleListener.lifecycleEvent The Apache Tomcat Native library which allows using OpenSSL was not found on the java.library.path: [C:\Program Files\Java\jdk-20\bin;C:\WINDOWS\Sun\Java\bin;C:\WINDOWS\system32;C:\WINDOWS;C:\Program Files\Common Files\Oracle\Java\javapath;C:\Program Files (x86)\Common Files\Oracle\Java\javapath;C:\windows\system32;C:\windows;C:\windows\System32\Wbem;C:\windows\System32\WindowsPowerShell\v1.0\;C:\windows\System32\OpenSSH\;C:\Program Files\Git\cmd;C:\Program Files\MySQL\MySQL Shell 8.0\bin;C:\Program Files\MySQL\MySQL Server 5.5\bin;C:\Program Files\Java\jdk-20\bin;C:\MinGW\bin;C:\Program Files\nodejs\;C:\Program Files\HP\HP One Agent;C:\Program Files\PuTTY\;C:\WINDOWS\system32;C:\WINDOWS;C:\WINDOWS\System32\Wbem;C:\WINDOWS\System32\WindowsPowerShell\v1.0\;C:\WINDOWS\System32\OpenSSH\;c:\Users\Mathan.R\AppData\Local\Programs\cursor\resources\app\bin;C:\Users\Mathan.R\Downloads\apache-maven-3.9.12-bin\apache-maven-3.9.12\bin;C:\Program Files\MySQL\MySQL Shell 8.0\bin\;C:\Users\Mathan.R\AppData\Local\Programs\Python\Python311\Scripts\;C:\Users\Mathan.R\AppData\Local\Programs\Python\Python311\;C:\Users\Mathan.R\AppData\Local\Microsoft\WindowsApps;C:\Users\Mathan.R\AppData\Local\Programs\Microsoft VS Code\bin;C:\java\IntelliJ IDEA Community Edition 2023.2.1\bin;;C:\MinGW\bin;C:\Users\Mathan.R\AppData\Roaming\npm;C:\Program Files\Java\jdk-20\bin;C:\Users\Mathan.R\AppData\Local\Programs\cursor\resources\app\bin;.]
25-Mar-2026 16:25:19.293 INFO [main] org.apache.coyote.AbstractProtocol.init Initializing ProtocolHandler ["http-nio-8080"]
25-Mar-2026 16:25:19.408 INFO [main] org.apache.catalina.startup.Catalina.load Server initialization in [833] milliseconds
25-Mar-2026 16:25:19.468 INFO [main] org.apache.catalina.core.StandardService.startInternal Starting service [Catalina]
25-Mar-2026 16:25:19.468 INFO [main] org.apache.catalina.core.StandardEngine.startInternal Starting Servlet engine: [Apache Tomcat/9.0.115]
25-Mar-2026 16:25:19.514 INFO [main] org.apache.catalina.startup.HostConfig.deployDescriptor Deploying deployment descriptor [C:\Users\Mathan.R\Desktop\VM-CODE\conf\Catalina\localhost\ROOT.xml]
25-Mar-2026 16:25:21.878 INFO [main] org.apache.jasper.servlet.TldScanner.scanJars At least one JAR was scanned for TLDs yet contained no TLDs. Enable debug logging for this logger for a complete list of JARs that were scanned but no TLDs were found in them. Skipping unneeded JARs during scanning can improve startup time and JSP compilation time.
25-Mar-2026 16:25:21.989 INFO [main] org.apache.catalina.startup.HostConfig.deployDescriptor Deployment of deployment descriptor [C:\Users\Mathan.R\Desktop\VM-CODE\conf\Catalina\localhost\ROOT.xml] has finished in [2,475] ms
25-Mar-2026 16:25:21.993 INFO [main] org.apache.coyote.AbstractProtocol.start Starting ProtocolHandler ["http-nio-8080"]
25-Mar-2026 16:25:22.048 INFO [main] org.apache.catalina.startup.Catalina.start Server startup in [2638] milliseconds
25-Mar-2026 17:17:13.227 INFO [main] org.apache.catalina.startup.VersionLoggerListener.log Server version name:   Apache Tomcat/9.0.115
25-Mar-2026 17:17:13.232 INFO [main] org.apache.catalina.startup.VersionLoggerListener.log Server built:          Jan 21 2026 08:17:26 UTC
25-Mar-2026 17:17:13.232 INFO [main] org.apache.catalina.startup.VersionLoggerListener.log Server version number: 9.0.115.0
25-Mar-2026 17:17:13.232 INFO [main] org.apache.catalina.startup.VersionLoggerListener.log OS Name:               Windows 11
25-Mar-2026 17:17:13.232 INFO [main] org.apache.catalina.startup.VersionLoggerListener.log OS Version:            10.0
25-Mar-2026 17:17:13.232 INFO [main] org.apache.catalina.startup.VersionLoggerListener.log Architecture:          amd64
25-Mar-2026 17:17:13.232 INFO [main] org.apache.catalina.startup.VersionLoggerListener.log Java Home:             C:\Program Files\Java\jdk-20
25-Mar-2026 17:17:13.233 INFO [main] org.apache.catalina.startup.VersionLoggerListener.log JVM Version:           20.0.2+9-78
25-Mar-2026 17:17:13.233 INFO [main] org.apache.catalina.startup.VersionLoggerListener.log JVM Vendor:            Oracle Corporation
25-Mar-2026 17:17:13.233 INFO [main] org.apache.catalina.startup.VersionLoggerListener.log CATALINA_BASE:         C:\Users\Mathan.R\Desktop\VM-CODE
25-Mar-2026 17:17:13.233 INFO [main] org.apache.catalina.startup.VersionLoggerListener.log CATALINA_HOME:         C:\Users\Mathan.R\Downloads\apache-tomcat-9.0.115\apache-tomcat-9.0.115
25-Mar-2026 17:17:13.243 INFO [main] org.apache.catalina.startup.VersionLoggerListener.log Command line argument: --add-opens=java.base/java.lang=ALL-UNNAMED
25-Mar-2026 17:17:13.243 INFO [main] org.apache.catalina.startup.VersionLoggerListener.log Command line argument: --add-opens=java.base/java.io=ALL-UNNAMED
25-Mar-2026 17:17:13.243 INFO [main] org.apache.catalina.startup.VersionLoggerListener.log Command line argument: --add-opens=java.base/java.util=ALL-UNNAMED
25-Mar-2026 17:17:13.243 INFO [main] org.apache.catalina.startup.VersionLoggerListener.log Command line argument: --add-opens=java.base/java.util.concurrent=ALL-UNNAMED
25-Mar-2026 17:17:13.243 INFO [main] org.apache.catalina.startup.VersionLoggerListener.log Command line argument: --add-opens=java.rmi/sun.rmi.transport=ALL-UNNAMED
25-Mar-2026 17:17:13.243 INFO [main] org.apache.catalina.startup.VersionLoggerListener.log Command line argument: -Dcatalina.home=C:\Users\Mathan.R\Downloads\apache-tomcat-9.0.115\apache-tomcat-9.0.115
25-Mar-2026 17:17:13.243 INFO [main] org.apache.catalina.startup.VersionLoggerListener.log Command line argument: -Dcatalina.base=C:\Users\Mathan.R\Desktop\VM-CODE
25-Mar-2026 17:17:13.243 INFO [main] org.apache.catalina.startup.VersionLoggerListener.log Command line argument: -Djava.io.tmpdir=C:\Users\Mathan.R\Desktop\VM-CODE\temp
25-Mar-2026 17:17:13.243 INFO [main] org.apache.catalina.startup.VersionLoggerListener.log Command line argument: -Djava.util.logging.config.file=C:\Users\Mathan.R\Desktop\VM-CODE\conf\logging.properties
25-Mar-2026 17:17:13.243 INFO [main] org.apache.catalina.startup.VersionLoggerListener.log Command line argument: -Djava.util.logging.manager=org.apache.juli.ClassLoaderLogManager
25-Mar-2026 17:17:13.244 INFO [main] org.apache.catalina.startup.VersionLoggerListener.log Command line argument: -javaagent:C:\java\IntelliJ IDEA Community Edition 2023.2.1\lib\idea_rt.jar=51078:C:\java\IntelliJ IDEA Community Edition 2023.2.1\bin
25-Mar-2026 17:17:13.244 INFO [main] org.apache.catalina.startup.VersionLoggerListener.log Command line argument: -Dfile.encoding=UTF-8
25-Mar-2026 17:17:13.244 INFO [main] org.apache.catalina.startup.VersionLoggerListener.log Command line argument: -Dsun.stdout.encoding=UTF-8
25-Mar-2026 17:17:13.244 INFO [main] org.apache.catalina.startup.VersionLoggerListener.log Command line argument: -Dsun.stderr.encoding=UTF-8
25-Mar-2026 17:17:13.254 INFO [main] org.apache.catalina.core.AprLifecycleListener.lifecycleEvent The Apache Tomcat Native library which allows using OpenSSL was not found on the java.library.path: [C:\Program Files\Java\jdk-20\bin;C:\WINDOWS\Sun\Java\bin;C:\WINDOWS\system32;C:\WINDOWS;C:\Program Files\Common Files\Oracle\Java\javapath;C:\Program Files (x86)\Common Files\Oracle\Java\javapath;C:\windows\system32;C:\windows;C:\windows\System32\Wbem;C:\windows\System32\WindowsPowerShell\v1.0\;C:\windows\System32\OpenSSH\;C:\Program Files\Git\cmd;C:\Program Files\MySQL\MySQL Shell 8.0\bin;C:\Program Files\MySQL\MySQL Server 5.5\bin;C:\Program Files\Java\jdk-20\bin;C:\MinGW\bin;C:\Program Files\nodejs\;C:\Program Files\HP\HP One Agent;C:\Program Files\PuTTY\;C:\WINDOWS\system32;C:\WINDOWS;C:\WINDOWS\System32\Wbem;C:\WINDOWS\System32\WindowsPowerShell\v1.0\;C:\WINDOWS\System32\OpenSSH\;c:\Users\Mathan.R\AppData\Local\Programs\cursor\resources\app\bin;C:\Users\Mathan.R\Downloads\apache-maven-3.9.12-bin\apache-maven-3.9.12\bin;C:\Program Files\MySQL\MySQL Shell 8.0\bin\;C:\Users\Mathan.R\AppData\Local\Programs\Python\Python311\Scripts\;C:\Users\Mathan.R\AppData\Local\Programs\Python\Python311\;C:\Users\Mathan.R\AppData\Local\Microsoft\WindowsApps;C:\Users\Mathan.R\AppData\Local\Programs\Microsoft VS Code\bin;C:\java\IntelliJ IDEA Community Edition 2023.2.1\bin;;C:\MinGW\bin;C:\Users\Mathan.R\AppData\Roaming\npm;C:\Program Files\Java\jdk-20\bin;C:\Users\Mathan.R\AppData\Local\Programs\cursor\resources\app\bin;.]
25-Mar-2026 17:17:13.841 INFO [main] org.apache.coyote.AbstractProtocol.init Initializing ProtocolHandler ["http-nio-8080"]
25-Mar-2026 17:17:13.852 SEVERE [main] org.apache.catalina.util.LifecycleBase.handleSubClassException Failed to initialize component [Connector["http-nio-8080"]]
	org.apache.catalina.LifecycleException: Protocol handler initialization failed
		at org.apache.catalina.connector.Connector.initInternal(Connector.java:1084)
		at org.apache.catalina.util.LifecycleBase.init(LifecycleBase.java:122)
		at org.apache.catalina.core.StandardService.initInternal(StandardService.java:520)
		at org.apache.catalina.util.LifecycleBase.init(LifecycleBase.java:122)
		at org.apache.catalina.core.StandardServer.initInternal(StandardServer.java:984)
		at org.apache.catalina.util.LifecycleBase.init(LifecycleBase.java:122)
		at org.apache.catalina.startup.Catalina.load(Catalina.java:687)
		at org.apache.catalina.startup.Catalina.load(Catalina.java:710)
		at java.base/jdk.internal.reflect.DirectMethodHandleAccessor.invoke(DirectMethodHandleAccessor.java:104)
		at java.base/java.lang.reflect.Method.invoke(Method.java:578)
		at org.apache.catalina.startup.Bootstrap.load(Bootstrap.java:299)
		at org.apache.catalina.startup.Bootstrap.main(Bootstrap.java:472)
	Caused by: java.net.BindException: Address already in use: bind
		at java.base/sun.nio.ch.Net.bind0(Native Method)
		at java.base/sun.nio.ch.Net.bind(Net.java:556)
		at java.base/sun.nio.ch.ServerSocketChannelImpl.netBind(ServerSocketChannelImpl.java:344)
		at java.base/sun.nio.ch.ServerSocketChannelImpl.bind(ServerSocketChannelImpl.java:301)
		at org.apache.tomcat.util.net.NioEndpoint.initServerSocket(NioEndpoint.java:296)
		at org.apache.tomcat.util.net.NioEndpoint.bind(NioEndpoint.java:251)
		at org.apache.tomcat.util.net.AbstractEndpoint.bindWithCleanup(AbstractEndpoint.java:1497)
		at org.apache.tomcat.util.net.AbstractEndpoint.init(AbstractEndpoint.java:1510)
		at org.apache.coyote.AbstractProtocol.init(AbstractProtocol.java:667)
		at org.apache.coyote.http11.AbstractHttp11Protocol.init(AbstractHttp11Protocol.java:80)
		at org.apache.catalina.connector.Connector.initInternal(Connector.java:1082)
		... 11 more
25-Mar-2026 17:17:13.853 INFO [main] org.apache.catalina.startup.Catalina.load Server initialization in [956] milliseconds
25-Mar-2026 17:17:13.910 INFO [main] org.apache.catalina.core.StandardService.startInternal Starting service [Catalina]
25-Mar-2026 17:17:13.910 INFO [main] org.apache.catalina.core.StandardEngine.startInternal Starting Servlet engine: [Apache Tomcat/9.0.115]
25-Mar-2026 17:17:13.923 INFO [main] org.apache.catalina.startup.HostConfig.deployDescriptor Deploying deployment descriptor [C:\Users\Mathan.R\Desktop\VM-CODE\conf\Catalina\localhost\VM-code.xml]
25-Mar-2026 17:17:17.523 INFO [main] org.apache.jasper.servlet.TldScanner.scanJars At least one JAR was scanned for TLDs yet contained no TLDs. Enable debug logging for this logger for a complete list of JARs that were scanned but no TLDs were found in them. Skipping unneeded JARs during scanning can improve startup time and JSP compilation time.
25-Mar-2026 17:17:19.478 INFO [main] org.apache.catalina.startup.HostConfig.deployDescriptor Deployment of deployment descriptor [C:\Users\Mathan.R\Desktop\VM-CODE\conf\Catalina\localhost\VM-code.xml] has finished in [5,554] ms
25-Mar-2026 17:17:19.483 INFO [main] org.apache.catalina.startup.Catalina.start Server startup in [5629] milliseconds
25-Mar-2026 17:17:19.489 SEVERE [main] org.apache.catalina.core.StandardServer.await Failed to create server shutdown socket on address [localhost] and port [8005] (base port [8005] and offset [0])
	java.net.BindException: Address already in use: bind
		at java.base/sun.nio.ch.Net.bind0(Native Method)
		at java.base/sun.nio.ch.Net.bind(Net.java:556)
		at java.base/sun.nio.ch.Net.bind(Net.java:545)
		at java.base/sun.nio.ch.NioSocketImpl.bind(NioSocketImpl.java:634)
		at java.base/java.net.ServerSocket.bind(ServerSocket.java:393)
		at java.base/java.net.ServerSocket.<init>(ServerSocket.java:275)
		at org.apache.catalina.core.StandardServer.await(StandardServer.java:535)
		at org.apache.catalina.startup.Catalina.await(Catalina.java:826)
		at org.apache.catalina.startup.Catalina.start(Catalina.java:774)
		at java.base/jdk.internal.reflect.DirectMethodHandleAccessor.invoke(DirectMethodHandleAccessor.java:104)
		at java.base/java.lang.reflect.Method.invoke(Method.java:578)
		at org.apache.catalina.startup.Bootstrap.start(Bootstrap.java:342)
		at org.apache.catalina.startup.Bootstrap.main(Bootstrap.java:473)
25-Mar-2026 17:17:19.490 INFO [main] org.apache.coyote.AbstractProtocol.pause Pausing ProtocolHandler ["http-nio-8080"]
25-Mar-2026 17:17:19.490 INFO [main] org.apache.catalina.core.StandardService.stopInternal Stopping service [Catalina]
25-Mar-2026 17:17:19.506 INFO [main] org.apache.coyote.AbstractProtocol.stop Stopping ProtocolHandler ["http-nio-8080"]
25-Mar-2026 17:17:19.506 INFO [main] org.apache.coyote.AbstractProtocol.destroy Destroying ProtocolHandler ["http-nio-8080"]
25-Mar-2026 17:17:19.765 INFO [Catalina-utility-1] org.apache.catalina.startup.HostConfig.undeploy Undeploying context []
25-Mar-2026 17:17:19.979 INFO [Catalina-utility-1] org.apache.catalina.startup.HostConfig.deployDescriptor Deploying deployment descriptor [C:\Users\Mathan.R\Desktop\VM-CODE\conf\Catalina\localhost\VM-code.xml]
25-Mar-2026 17:17:22.885 INFO [Catalina-utility-1] org.apache.jasper.servlet.TldScanner.scanJars At least one JAR was scanned for TLDs yet contained no TLDs. Enable debug logging for this logger for a complete list of JARs that were scanned but no TLDs were found in them. Skipping unneeded JARs during scanning can improve startup time and JSP compilation time.
25-Mar-2026 17:17:24.862 INFO [Catalina-utility-1] org.apache.catalina.startup.HostConfig.deployDescriptor Deployment of deployment descriptor [C:\Users\Mathan.R\Desktop\VM-CODE\conf\Catalina\localhost\VM-code.xml] has finished in [4,880] ms
25-Mar-2026 17:25:18.696 INFO [Thread-1] org.apache.coyote.AbstractProtocol.pause Pausing ProtocolHandler ["http-nio-8080"]
25-Mar-2026 17:25:18.900 INFO [Thread-1] org.apache.catalina.core.StandardService.stopInternal Stopping service [Catalina]
25-Mar-2026 17:25:19.107 INFO [Thread-1] org.apache.coyote.AbstractProtocol.stop Stopping ProtocolHandler ["http-nio-8080"]
25-Mar-2026 17:25:19.130 INFO [Thread-1] org.apache.coyote.AbstractProtocol.destroy Destroying ProtocolHandler ["http-nio-8080"]
25-Mar-2026 17:29:33.777 INFO [main] org.apache.catalina.startup.VersionLoggerListener.log Server version name:   Apache Tomcat/9.0.115
25-Mar-2026 17:29:33.783 INFO [main] org.apache.catalina.startup.VersionLoggerListener.log Server built:          Jan 21 2026 08:17:26 UTC
25-Mar-2026 17:29:33.783 INFO [main] org.apache.catalina.startup.VersionLoggerListener.log Server version number: 9.0.115.0
25-Mar-2026 17:29:33.783 INFO [main] org.apache.catalina.startup.VersionLoggerListener.log OS Name:               Windows 11
25-Mar-2026 17:29:33.783 INFO [main] org.apache.catalina.startup.VersionLoggerListener.log OS Version:            10.0
25-Mar-2026 17:29:33.783 INFO [main] org.apache.catalina.startup.VersionLoggerListener.log Architecture:          amd64
25-Mar-2026 17:29:33.784 INFO [main] org.apache.catalina.startup.VersionLoggerListener.log Java Home:             C:\Program Files\Java\jdk-20
25-Mar-2026 17:29:33.784 INFO [main] org.apache.catalina.startup.VersionLoggerListener.log JVM Version:           20.0.2+9-78
25-Mar-2026 17:29:33.784 INFO [main] org.apache.catalina.startup.VersionLoggerListener.log JVM Vendor:            Oracle Corporation
25-Mar-2026 17:29:33.784 INFO [main] org.apache.catalina.startup.VersionLoggerListener.log CATALINA_BASE:         C:\Users\Mathan.R\Desktop\VM-CODE
25-Mar-2026 17:29:33.784 INFO [main] org.apache.catalina.startup.VersionLoggerListener.log CATALINA_HOME:         C:\Users\Mathan.R\Downloads\apache-tomcat-9.0.115\apache-tomcat-9.0.115
25-Mar-2026 17:29:33.794 INFO [main] org.apache.catalina.startup.VersionLoggerListener.log Command line argument: --add-opens=java.base/java.lang=ALL-UNNAMED
25-Mar-2026 17:29:33.794 INFO [main] org.apache.catalina.startup.VersionLoggerListener.log Command line argument: --add-opens=java.base/java.io=ALL-UNNAMED
25-Mar-2026 17:29:33.794 INFO [main] org.apache.catalina.startup.VersionLoggerListener.log Command line argument: --add-opens=java.base/java.util=ALL-UNNAMED
25-Mar-2026 17:29:33.794 INFO [main] org.apache.catalina.startup.VersionLoggerListener.log Command line argument: --add-opens=java.base/java.util.concurrent=ALL-UNNAMED
25-Mar-2026 17:29:33.794 INFO [main] org.apache.catalina.startup.VersionLoggerListener.log Command line argument: --add-opens=java.rmi/sun.rmi.transport=ALL-UNNAMED
25-Mar-2026 17:29:33.794 INFO [main] org.apache.catalina.startup.VersionLoggerListener.log Command line argument: -Dcatalina.home=C:\Users\Mathan.R\Downloads\apache-tomcat-9.0.115\apache-tomcat-9.0.115
25-Mar-2026 17:29:33.794 INFO [main] org.apache.catalina.startup.VersionLoggerListener.log Command line argument: -Dcatalina.base=C:\Users\Mathan.R\Desktop\VM-CODE
25-Mar-2026 17:29:33.794 INFO [main] org.apache.catalina.startup.VersionLoggerListener.log Command line argument: -Djava.io.tmpdir=C:\Users\Mathan.R\Desktop\VM-CODE\temp
25-Mar-2026 17:29:33.795 INFO [main] org.apache.catalina.startup.VersionLoggerListener.log Command line argument: -Djava.util.logging.config.file=C:\Users\Mathan.R\Desktop\VM-CODE\conf\logging.properties
25-Mar-2026 17:29:33.795 INFO [main] org.apache.catalina.startup.VersionLoggerListener.log Command line argument: -Djava.util.logging.manager=org.apache.juli.ClassLoaderLogManager
25-Mar-2026 17:29:33.795 INFO [main] org.apache.catalina.startup.VersionLoggerListener.log Command line argument: -javaagent:C:\java\IntelliJ IDEA Community Edition 2023.2.1\lib\idea_rt.jar=54641:C:\java\IntelliJ IDEA Community Edition 2023.2.1\bin
25-Mar-2026 17:29:33.795 INFO [main] org.apache.catalina.startup.VersionLoggerListener.log Command line argument: -Dfile.encoding=UTF-8
25-Mar-2026 17:29:33.795 INFO [main] org.apache.catalina.startup.VersionLoggerListener.log Command line argument: -Dsun.stdout.encoding=UTF-8
25-Mar-2026 17:29:33.795 INFO [main] org.apache.catalina.startup.VersionLoggerListener.log Command line argument: -Dsun.stderr.encoding=UTF-8
25-Mar-2026 17:29:33.809 INFO [main] org.apache.catalina.core.AprLifecycleListener.lifecycleEvent The Apache Tomcat Native library which allows using OpenSSL was not found on the java.library.path: [C:\Program Files\Java\jdk-20\bin;C:\WINDOWS\Sun\Java\bin;C:\WINDOWS\system32;C:\WINDOWS;C:\Program Files\Common Files\Oracle\Java\javapath;C:\Program Files (x86)\Common Files\Oracle\Java\javapath;C:\windows\system32;C:\windows;C:\windows\System32\Wbem;C:\windows\System32\WindowsPowerShell\v1.0\;C:\windows\System32\OpenSSH\;C:\Program Files\Git\cmd;C:\Program Files\MySQL\MySQL Shell 8.0\bin;C:\Program Files\MySQL\MySQL Server 5.5\bin;C:\Program Files\Java\jdk-20\bin;C:\MinGW\bin;C:\Program Files\nodejs\;C:\Program Files\HP\HP One Agent;C:\Program Files\PuTTY\;C:\WINDOWS\system32;C:\WINDOWS;C:\WINDOWS\System32\Wbem;C:\WINDOWS\System32\WindowsPowerShell\v1.0\;C:\WINDOWS\System32\OpenSSH\;c:\Users\Mathan.R\AppData\Local\Programs\cursor\resources\app\bin;C:\Users\Mathan.R\Downloads\apache-maven-3.9.12-bin\apache-maven-3.9.12\bin;C:\Program Files\MySQL\MySQL Shell 8.0\bin\;C:\Users\Mathan.R\AppData\Local\Programs\Python\Python311\Scripts\;C:\Users\Mathan.R\AppData\Local\Programs\Python\Python311\;C:\Users\Mathan.R\AppData\Local\Microsoft\WindowsApps;C:\Users\Mathan.R\AppData\Local\Programs\Microsoft VS Code\bin;C:\java\IntelliJ IDEA Community Edition 2023.2.1\bin;;C:\MinGW\bin;C:\Users\Mathan.R\AppData\Roaming\npm;C:\Program Files\Java\jdk-20\bin;C:\Users\Mathan.R\AppData\Local\Programs\cursor\resources\app\bin;.]
25-Mar-2026 17:29:34.292 INFO [main] org.apache.coyote.AbstractProtocol.init Initializing ProtocolHandler ["http-nio-8080"]
25-Mar-2026 17:29:34.315 INFO [main] org.apache.catalina.startup.Catalina.load Server initialization in [828] milliseconds
25-Mar-2026 17:29:34.369 INFO [main] org.apache.catalina.core.StandardService.startInternal Starting service [Catalina]
25-Mar-2026 17:29:34.370 INFO [main] org.apache.catalina.core.StandardEngine.startInternal Starting Servlet engine: [Apache Tomcat/9.0.115]
25-Mar-2026 17:29:34.382 INFO [main] org.apache.catalina.startup.HostConfig.deployDescriptor Deploying deployment descriptor [C:\Users\Mathan.R\Desktop\VM-CODE\conf\Catalina\localhost\VM-code.xml]
25-Mar-2026 17:29:37.786 INFO [main] org.apache.jasper.servlet.TldScanner.scanJars At least one JAR was scanned for TLDs yet contained no TLDs. Enable debug logging for this logger for a complete list of JARs that were scanned but no TLDs were found in them. Skipping unneeded JARs during scanning can improve startup time and JSP compilation time.
25-Mar-2026 17:29:39.895 INFO [main] org.apache.catalina.startup.HostConfig.deployDescriptor Deployment of deployment descriptor [C:\Users\Mathan.R\Desktop\VM-CODE\conf\Catalina\localhost\VM-code.xml] has finished in [5,512] ms
25-Mar-2026 17:29:39.900 INFO [main] org.apache.coyote.AbstractProtocol.start Starting ProtocolHandler ["http-nio-8080"]
25-Mar-2026 17:29:39.958 INFO [main] org.apache.catalina.startup.Catalina.start Server startup in [5641] milliseconds
25-Mar-2026 18:02:07.846 INFO [main] org.apache.catalina.startup.VersionLoggerListener.log Server version name:   Apache Tomcat/9.0.115
25-Mar-2026 18:02:07.852 INFO [main] org.apache.catalina.startup.VersionLoggerListener.log Server built:          Jan 21 2026 08:17:26 UTC
25-Mar-2026 18:02:07.852 INFO [main] org.apache.catalina.startup.VersionLoggerListener.log Server version number: 9.0.115.0
25-Mar-2026 18:02:07.852 INFO [main] org.apache.catalina.startup.VersionLoggerListener.log OS Name:               Windows 11
25-Mar-2026 18:02:07.853 INFO [main] org.apache.catalina.startup.VersionLoggerListener.log OS Version:            10.0
25-Mar-2026 18:02:07.853 INFO [main] org.apache.catalina.startup.VersionLoggerListener.log Architecture:          amd64
25-Mar-2026 18:02:07.853 INFO [main] org.apache.catalina.startup.VersionLoggerListener.log Java Home:             C:\Program Files\Java\jdk-20
25-Mar-2026 18:02:07.853 INFO [main] org.apache.catalina.startup.VersionLoggerListener.log JVM Version:           20.0.2+9-78
25-Mar-2026 18:02:07.853 INFO [main] org.apache.catalina.startup.VersionLoggerListener.log JVM Vendor:            Oracle Corporation
25-Mar-2026 18:02:07.853 INFO [main] org.apache.catalina.startup.VersionLoggerListener.log CATALINA_BASE:         C:\Users\Mathan.R\Desktop\VM-CODE
25-Mar-2026 18:02:07.854 INFO [main] org.apache.catalina.startup.VersionLoggerListener.log CATALINA_HOME:         C:\Users\Mathan.R\Downloads\apache-tomcat-9.0.115\apache-tomcat-9.0.115
25-Mar-2026 18:02:07.879 INFO [main] org.apache.catalina.startup.VersionLoggerListener.log Command line argument: --add-opens=java.base/java.lang=ALL-UNNAMED
25-Mar-2026 18:02:07.879 INFO [main] org.apache.catalina.startup.VersionLoggerListener.log Command line argument: --add-opens=java.base/java.io=ALL-UNNAMED
25-Mar-2026 18:02:07.880 INFO [main] org.apache.catalina.startup.VersionLoggerListener.log Command line argument: --add-opens=java.base/java.util=ALL-UNNAMED
25-Mar-2026 18:02:07.880 INFO [main] org.apache.catalina.startup.VersionLoggerListener.log Command line argument: --add-opens=java.base/java.util.concurrent=ALL-UNNAMED
25-Mar-2026 18:02:07.880 INFO [main] org.apache.catalina.startup.VersionLoggerListener.log Command line argument: --add-opens=java.rmi/sun.rmi.transport=ALL-UNNAMED
25-Mar-2026 18:02:07.880 INFO [main] org.apache.catalina.startup.VersionLoggerListener.log Command line argument: -Dcatalina.home=C:\Users\Mathan.R\Downloads\apache-tomcat-9.0.115\apache-tomcat-9.0.115
25-Mar-2026 18:02:07.880 INFO [main] org.apache.catalina.startup.VersionLoggerListener.log Command line argument: -Dcatalina.base=C:\Users\Mathan.R\Desktop\VM-CODE
25-Mar-2026 18:02:07.880 INFO [main] org.apache.catalina.startup.VersionLoggerListener.log Command line argument: -Djava.io.tmpdir=C:\Users\Mathan.R\Desktop\VM-CODE\temp
25-Mar-2026 18:02:07.881 INFO [main] org.apache.catalina.startup.VersionLoggerListener.log Command line argument: -Djava.util.logging.config.file=C:\Users\Mathan.R\Desktop\VM-CODE\conf\logging.properties
25-Mar-2026 18:02:07.881 INFO [main] org.apache.catalina.startup.VersionLoggerListener.log Command line argument: -Djava.util.logging.manager=org.apache.juli.ClassLoaderLogManager
25-Mar-2026 18:02:07.881 INFO [main] org.apache.catalina.startup.VersionLoggerListener.log Command line argument: -javaagent:C:\java\IntelliJ IDEA Community Edition 2023.2.1\lib\idea_rt.jar=51866:C:\java\IntelliJ IDEA Community Edition 2023.2.1\bin
25-Mar-2026 18:02:07.882 INFO [main] org.apache.catalina.startup.VersionLoggerListener.log Command line argument: -Dfile.encoding=UTF-8
25-Mar-2026 18:02:07.883 INFO [main] org.apache.catalina.startup.VersionLoggerListener.log Command line argument: -Dsun.stdout.encoding=UTF-8
25-Mar-2026 18:02:07.883 INFO [main] org.apache.catalina.startup.VersionLoggerListener.log Command line argument: -Dsun.stderr.encoding=UTF-8
25-Mar-2026 18:02:07.902 INFO [main] org.apache.catalina.core.AprLifecycleListener.lifecycleEvent The Apache Tomcat Native library which allows using OpenSSL was not found on the java.library.path: [C:\Program Files\Java\jdk-20\bin;C:\WINDOWS\Sun\Java\bin;C:\WINDOWS\system32;C:\WINDOWS;C:\Program Files\Common Files\Oracle\Java\javapath;C:\Program Files (x86)\Common Files\Oracle\Java\javapath;C:\windows\system32;C:\windows;C:\windows\System32\Wbem;C:\windows\System32\WindowsPowerShell\v1.0\;C:\windows\System32\OpenSSH\;C:\Program Files\Git\cmd;C:\Program Files\MySQL\MySQL Shell 8.0\bin;C:\Program Files\MySQL\MySQL Server 5.5\bin;C:\Program Files\Java\jdk-20\bin;C:\MinGW\bin;C:\Program Files\nodejs\;C:\Program Files\HP\HP One Agent;C:\Program Files\PuTTY\;C:\WINDOWS\system32;C:\WINDOWS;C:\WINDOWS\System32\Wbem;C:\WINDOWS\System32\WindowsPowerShell\v1.0\;C:\WINDOWS\System32\OpenSSH\;c:\Users\Mathan.R\AppData\Local\Programs\cursor\resources\app\bin;C:\Users\Mathan.R\Downloads\apache-maven-3.9.12-bin\apache-maven-3.9.12\bin;C:\Program Files\MySQL\MySQL Shell 8.0\bin\;C:\Users\Mathan.R\AppData\Local\Programs\Python\Python311\Scripts\;C:\Users\Mathan.R\AppData\Local\Programs\Python\Python311\;C:\Users\Mathan.R\AppData\Local\Microsoft\WindowsApps;C:\Users\Mathan.R\AppData\Local\Programs\Microsoft VS Code\bin;C:\java\IntelliJ IDEA Community Edition 2023.2.1\bin;;C:\MinGW\bin;C:\Users\Mathan.R\AppData\Roaming\npm;C:\Program Files\Java\jdk-20\bin;C:\Users\Mathan.R\AppData\Local\Programs\cursor\resources\app\bin;.]
25-Mar-2026 18:02:08.448 INFO [main] org.apache.coyote.AbstractProtocol.init Initializing ProtocolHandler ["http-nio-8080"]
25-Mar-2026 18:02:08.460 SEVERE [main] org.apache.catalina.util.LifecycleBase.handleSubClassException Failed to initialize component [Connector["http-nio-8080"]]
	org.apache.catalina.LifecycleException: Protocol handler initialization failed
		at org.apache.catalina.connector.Connector.initInternal(Connector.java:1084)
		at org.apache.catalina.util.LifecycleBase.init(LifecycleBase.java:122)
		at org.apache.catalina.core.StandardService.initInternal(StandardService.java:520)
		at org.apache.catalina.util.LifecycleBase.init(LifecycleBase.java:122)
		at org.apache.catalina.core.StandardServer.initInternal(StandardServer.java:984)
		at org.apache.catalina.util.LifecycleBase.init(LifecycleBase.java:122)
		at org.apache.catalina.startup.Catalina.load(Catalina.java:687)
		at org.apache.catalina.startup.Catalina.load(Catalina.java:710)
		at java.base/jdk.internal.reflect.DirectMethodHandleAccessor.invoke(DirectMethodHandleAccessor.java:104)
		at java.base/java.lang.reflect.Method.invoke(Method.java:578)
		at org.apache.catalina.startup.Bootstrap.load(Bootstrap.java:299)
		at org.apache.catalina.startup.Bootstrap.main(Bootstrap.java:472)
	Caused by: java.net.BindException: Address already in use: bind
		at java.base/sun.nio.ch.Net.bind0(Native Method)
		at java.base/sun.nio.ch.Net.bind(Net.java:556)
		at java.base/sun.nio.ch.ServerSocketChannelImpl.netBind(ServerSocketChannelImpl.java:344)
		at java.base/sun.nio.ch.ServerSocketChannelImpl.bind(ServerSocketChannelImpl.java:301)
		at org.apache.tomcat.util.net.NioEndpoint.initServerSocket(NioEndpoint.java:296)
		at org.apache.tomcat.util.net.NioEndpoint.bind(NioEndpoint.java:251)
		at org.apache.tomcat.util.net.AbstractEndpoint.bindWithCleanup(AbstractEndpoint.java:1497)
		at org.apache.tomcat.util.net.AbstractEndpoint.init(AbstractEndpoint.java:1510)
		at org.apache.coyote.AbstractProtocol.init(AbstractProtocol.java:667)
		at org.apache.coyote.http11.AbstractHttp11Protocol.init(AbstractHttp11Protocol.java:80)
		at org.apache.catalina.connector.Connector.initInternal(Connector.java:1082)
		... 11 more
25-Mar-2026 18:02:08.461 INFO [main] org.apache.catalina.startup.Catalina.load Server initialization in [1059] milliseconds
25-Mar-2026 18:02:08.538 INFO [main] org.apache.catalina.core.StandardService.startInternal Starting service [Catalina]
25-Mar-2026 18:02:08.538 INFO [main] org.apache.catalina.core.StandardEngine.startInternal Starting Servlet engine: [Apache Tomcat/9.0.115]
25-Mar-2026 18:02:08.549 INFO [main] org.apache.catalina.startup.HostConfig.deployDescriptor Deploying deployment descriptor [C:\Users\Mathan.R\Desktop\VM-CODE\conf\Catalina\localhost\VM-code.xml]
25-Mar-2026 18:02:11.550 INFO [Catalina-utility-2] org.apache.catalina.startup.HostConfig.undeploy Undeploying context [/VM-code]
25-Mar-2026 18:02:11.945 INFO [main] org.apache.jasper.servlet.TldScanner.scanJars At least one JAR was scanned for TLDs yet contained no TLDs. Enable debug logging for this logger for a complete list of JARs that were scanned but no TLDs were found in them. Skipping unneeded JARs during scanning can improve startup time and JSP compilation time.
25-Mar-2026 18:02:12.108 INFO [Catalina-utility-2] org.apache.catalina.startup.HostConfig.deployDescriptor Deploying deployment descriptor [C:\Users\Mathan.R\Desktop\VM-CODE\conf\Catalina\localhost\VM-code.xml]
25-Mar-2026 18:02:14.425 INFO [main] org.apache.catalina.startup.HostConfig.deployDescriptor Deployment of deployment descriptor [C:\Users\Mathan.R\Desktop\VM-CODE\conf\Catalina\localhost\VM-code.xml] has finished in [5,875] ms
25-Mar-2026 18:02:14.429 INFO [main] org.apache.catalina.startup.Catalina.start Server startup in [5965] milliseconds
25-Mar-2026 18:02:14.437 SEVERE [main] org.apache.catalina.core.StandardServer.await Failed to create server shutdown socket on address [localhost] and port [8005] (base port [8005] and offset [0])
	java.net.BindException: Address already in use: bind
		at java.base/sun.nio.ch.Net.bind0(Native Method)
		at java.base/sun.nio.ch.Net.bind(Net.java:556)
		at java.base/sun.nio.ch.Net.bind(Net.java:545)
		at java.base/sun.nio.ch.NioSocketImpl.bind(NioSocketImpl.java:634)
		at java.base/java.net.ServerSocket.bind(ServerSocket.java:393)
		at java.base/java.net.ServerSocket.<init>(ServerSocket.java:275)
		at org.apache.catalina.core.StandardServer.await(StandardServer.java:535)
		at org.apache.catalina.startup.Catalina.await(Catalina.java:826)
		at org.apache.catalina.startup.Catalina.start(Catalina.java:774)
		at java.base/jdk.internal.reflect.DirectMethodHandleAccessor.invoke(DirectMethodHandleAccessor.java:104)
		at java.base/java.lang.reflect.Method.invoke(Method.java:578)
		at org.apache.catalina.startup.Bootstrap.start(Bootstrap.java:342)
		at org.apache.catalina.startup.Bootstrap.main(Bootstrap.java:473)
25-Mar-2026 18:02:14.439 INFO [main] org.apache.coyote.AbstractProtocol.pause Pausing ProtocolHandler ["http-nio-8080"]
25-Mar-2026 18:02:14.440 INFO [main] org.apache.catalina.core.StandardService.stopInternal Stopping service [Catalina]
25-Mar-2026 18:02:14.460 INFO [main] org.apache.coyote.AbstractProtocol.stop Stopping ProtocolHandler ["http-nio-8080"]
25-Mar-2026 18:02:14.461 INFO [main] org.apache.coyote.AbstractProtocol.destroy Destroying ProtocolHandler ["http-nio-8080"]
25-Mar-2026 18:02:15.626 INFO [Catalina-utility-2] org.apache.jasper.servlet.TldScanner.scanJars At least one JAR was scanned for TLDs yet contained no TLDs. Enable debug logging for this logger for a complete list of JARs that were scanned but no TLDs were found in them. Skipping unneeded JARs during scanning can improve startup time and JSP compilation time.
25-Mar-2026 18:02:17.711 INFO [Catalina-utility-2] org.apache.catalina.startup.HostConfig.deployDescriptor Deployment of deployment descriptor [C:\Users\Mathan.R\Desktop\VM-CODE\conf\Catalina\localhost\VM-code.xml] has finished in [5,604] ms
