08-Apr-2026 08:04:26.235 INFO [main] org.apache.catalina.core.ApplicationContext.log 1 Spring WebApplicationInitializers detected on classpath
08-Apr-2026 08:04:26.307 INFO [main] org.apache.catalina.core.ApplicationContext.log Initializing Spring root WebApplicationContext
08-Apr-2026 08:04:30.578 INFO [main] org.apache.catalina.core.ApplicationContext.log Initializing Spring DispatcherServlet 'dispatcher'
08-Apr-2026 09:21:05.598 INFO [Thread-1] org.apache.catalina.core.ApplicationContext.log Destroying Spring FrameworkServlet 'dispatcher'
08-Apr-2026 09:21:05.797 INFO [Thread-1] org.apache.catalina.core.ApplicationContext.log Closing Spring root WebApplicationContext
08-Apr-2026 10:18:53.557 INFO [main] org.apache.catalina.core.ApplicationContext.log 1 Spring WebApplicationInitializers detected on classpath
08-Apr-2026 10:18:53.656 INFO [main] org.apache.catalina.core.ApplicationContext.log Initializing Spring root WebApplicationContext
08-Apr-2026 10:19:03.899 INFO [main] org.apache.catalina.core.ApplicationContext.log Initializing Spring DispatcherServlet 'dispatcher'
08-Apr-2026 11:14:23.721 INFO [Thread-1] org.apache.catalina.core.ApplicationContext.log Destroying Spring FrameworkServlet 'dispatcher'
08-Apr-2026 11:14:23.766 INFO [Thread-1] org.apache.catalina.core.ApplicationContext.log Closing Spring root WebApplicationContext
08-Apr-2026 11:14:35.024 INFO [main] org.apache.catalina.core.ApplicationContext.log 1 Spring WebApplicationInitializers detected on classpath
08-Apr-2026 11:14:35.115 INFO [main] org.apache.catalina.core.ApplicationContext.log Initializing Spring root WebApplicationContext
08-Apr-2026 11:14:41.981 INFO [main] org.apache.catalina.core.ApplicationContext.log Initializing Spring DispatcherServlet 'dispatcher'
08-Apr-2026 11:15:31.001 INFO [Thread-1] org.apache.catalina.core.ApplicationContext.log Destroying Spring FrameworkServlet 'dispatcher'
08-Apr-2026 11:15:31.010 INFO [Thread-1] org.apache.catalina.core.ApplicationContext.log Closing Spring root WebApplicationContext
08-Apr-2026 11:15:42.008 INFO [main] org.apache.catalina.core.ApplicationContext.log 1 Spring WebApplicationInitializers detected on classpath
08-Apr-2026 11:15:42.103 INFO [main] org.apache.catalina.core.ApplicationContext.log Initializing Spring root WebApplicationContext
08-Apr-2026 11:15:48.306 INFO [main] org.apache.catalina.core.ApplicationContext.log Initializing Spring DispatcherServlet 'dispatcher'
08-Apr-2026 11:36:24.575 INFO [Thread-1] org.apache.catalina.core.ApplicationContext.log Destroying Spring FrameworkServlet 'dispatcher'
08-Apr-2026 11:36:24.728 INFO [Thread-1] org.apache.catalina.core.ApplicationContext.log Closing Spring root WebApplicationContext
08-Apr-2026 11:36:32.801 INFO [main] org.apache.catalina.core.ApplicationContext.log 1 Spring WebApplicationInitializers detected on classpath
08-Apr-2026 11:36:32.868 INFO [main] org.apache.catalina.core.ApplicationContext.log Initializing Spring root WebApplicationContext
08-Apr-2026 11:36:36.906 INFO [main] org.apache.catalina.core.ApplicationContext.log Initializing Spring DispatcherServlet 'dispatcher'
08-Apr-2026 12:37:05.094 INFO [Thread-1] org.apache.catalina.core.ApplicationContext.log Destroying Spring FrameworkServlet 'dispatcher'
08-Apr-2026 12:37:05.226 INFO [Thread-1] org.apache.catalina.core.ApplicationContext.log Closing Spring root WebApplicationContext
08-Apr-2026 12:37:16.431 INFO [main] org.apache.catalina.core.ApplicationContext.log 1 Spring WebApplicationInitializers detected on classpath
08-Apr-2026 12:37:16.525 INFO [main] org.apache.catalina.core.ApplicationContext.log Initializing Spring root WebApplicationContext
08-Apr-2026 12:37:20.338 INFO [main] org.apache.catalina.core.ApplicationContext.log Initializing Spring DispatcherServlet 'dispatcher'
08-Apr-2026 12:39:12.433 INFO [Thread-1] org.apache.catalina.core.ApplicationContext.log Destroying Spring FrameworkServlet 'dispatcher'
08-Apr-2026 12:39:12.440 INFO [Thread-1] org.apache.catalina.core.ApplicationContext.log Closing Spring root WebApplicationContext
08-Apr-2026 12:39:20.091 INFO [main] org.apache.catalina.core.ApplicationContext.log 1 Spring WebApplicationInitializers detected on classpath
08-Apr-2026 12:39:20.168 INFO [main] org.apache.catalina.core.ApplicationContext.log Initializing Spring root WebApplicationContext
08-Apr-2026 12:39:24.044 INFO [main] org.apache.catalina.core.ApplicationContext.log Initializing Spring DispatcherServlet 'dispatcher'
08-Apr-2026 12:50:09.175 INFO [Thread-1] org.apache.catalina.core.ApplicationContext.log Destroying Spring FrameworkServlet 'dispatcher'
08-Apr-2026 12:50:09.477 INFO [Thread-1] org.apache.catalina.core.ApplicationContext.log Closing Spring root WebApplicationContext
08-Apr-2026 12:50:18.521 INFO [main] org.apache.catalina.core.ApplicationContext.log 1 Spring WebApplicationInitializers detected on classpath
08-Apr-2026 12:50:18.585 INFO [main] org.apache.catalina.core.ApplicationContext.log Initializing Spring root WebApplicationContext
08-Apr-2026 12:50:22.346 INFO [main] org.apache.catalina.core.ApplicationContext.log Initializing Spring DispatcherServlet 'dispatcher'
08-Apr-2026 12:54:45.717 INFO [Thread-1] org.apache.catalina.core.ApplicationContext.log Destroying Spring FrameworkServlet 'dispatcher'
08-Apr-2026 12:54:45.725 INFO [Thread-1] org.apache.catalina.core.ApplicationContext.log Closing Spring root WebApplicationContext
08-Apr-2026 12:54:53.010 INFO [main] org.apache.catalina.core.ApplicationContext.log 1 Spring WebApplicationInitializers detected on classpath
08-Apr-2026 12:54:53.094 INFO [main] org.apache.catalina.core.ApplicationContext.log Initializing Spring root WebApplicationContext
08-Apr-2026 12:54:56.629 INFO [main] org.apache.catalina.core.ApplicationContext.log Initializing Spring DispatcherServlet 'dispatcher'
08-Apr-2026 13:05:03.939 INFO [Thread-1] org.apache.catalina.core.ApplicationContext.log Destroying Spring FrameworkServlet 'dispatcher'
08-Apr-2026 13:05:04.205 INFO [Thread-1] org.apache.catalina.core.ApplicationContext.log Closing Spring root WebApplicationContext
08-Apr-2026 13:05:13.002 INFO [main] org.apache.catalina.core.ApplicationContext.log 1 Spring WebApplicationInitializers detected on classpath
08-Apr-2026 13:05:13.075 INFO [main] org.apache.catalina.core.ApplicationContext.log Initializing Spring root WebApplicationContext
08-Apr-2026 13:05:16.840 INFO [main] org.apache.catalina.core.ApplicationContext.log Initializing Spring DispatcherServlet 'dispatcher'
08-Apr-2026 13:14:27.180 INFO [Thread-1] org.apache.catalina.core.ApplicationContext.log Destroying Spring FrameworkServlet 'dispatcher'
08-Apr-2026 13:14:27.194 INFO [Thread-1] org.apache.catalina.core.ApplicationContext.log Closing Spring root WebApplicationContext
08-Apr-2026 13:14:36.947 INFO [main] org.apache.catalina.core.ApplicationContext.log 1 Spring WebApplicationInitializers detected on classpath
08-Apr-2026 13:14:37.023 INFO [main] org.apache.catalina.core.ApplicationContext.log Initializing Spring root WebApplicationContext
08-Apr-2026 13:14:41.231 INFO [main] org.apache.catalina.core.ApplicationContext.log Initializing Spring DispatcherServlet 'dispatcher'
08-Apr-2026 13:58:46.497 INFO [Thread-1] org.apache.catalina.core.ApplicationContext.log Destroying Spring FrameworkServlet 'dispatcher'
08-Apr-2026 13:58:46.602 INFO [Thread-1] org.apache.catalina.core.ApplicationContext.log Closing Spring root WebApplicationContext
08-Apr-2026 14:56:36.245 INFO [main] org.apache.catalina.core.ApplicationContext.log 1 Spring WebApplicationInitializers detected on classpath
08-Apr-2026 14:56:36.584 INFO [main] org.apache.catalina.core.ApplicationContext.log Initializing Spring root WebApplicationContext
08-Apr-2026 14:56:49.668 INFO [main] org.apache.catalina.core.ApplicationContext.log Initializing Spring DispatcherServlet 'dispatcher'
08-Apr-2026 14:59:24.049 INFO [Thread-1] org.apache.catalina.core.ApplicationContext.log Destroying Spring FrameworkServlet 'dispatcher'
08-Apr-2026 14:59:24.060 INFO [Thread-1] org.apache.catalina.core.ApplicationContext.log Closing Spring root WebApplicationContext
08-Apr-2026 14:59:34.659 INFO [main] org.apache.catalina.core.ApplicationContext.log 1 Spring WebApplicationInitializers detected on classpath
08-Apr-2026 14:59:34.733 INFO [main] org.apache.catalina.core.ApplicationContext.log Initializing Spring root WebApplicationContext
08-Apr-2026 14:59:38.616 INFO [main] org.apache.catalina.core.ApplicationContext.log Initializing Spring DispatcherServlet 'dispatcher'
08-Apr-2026 17:15:59.536 INFO [Thread-1] org.apache.catalina.core.ApplicationContext.log Destroying Spring FrameworkServlet 'dispatcher'
08-Apr-2026 17:15:59.781 INFO [Thread-1] org.apache.catalina.core.ApplicationContext.log Closing Spring root WebApplicationContext
08-Apr-2026 17:16:11.515 INFO [main] org.apache.catalina.core.ApplicationContext.log 1 Spring WebApplicationInitializers detected on classpath
08-Apr-2026 17:16:11.598 INFO [main] org.apache.catalina.core.ApplicationContext.log Initializing Spring root WebApplicationContext
08-Apr-2026 17:16:15.606 INFO [main] org.apache.catalina.core.ApplicationContext.log Initializing Spring DispatcherServlet 'dispatcher'
08-Apr-2026 17:21:55.489 INFO [Thread-1] org.apache.catalina.core.ApplicationContext.log Destroying Spring FrameworkServlet 'dispatcher'
08-Apr-2026 17:21:55.977 INFO [Thread-1] org.apache.catalina.core.ApplicationContext.log Closing Spring root WebApplicationContext
08-Apr-2026 17:22:21.099 INFO [main] org.apache.catalina.core.ApplicationContext.log 1 Spring WebApplicationInitializers detected on classpath
08-Apr-2026 17:22:21.208 INFO [main] org.apache.catalina.core.ApplicationContext.log Initializing Spring root WebApplicationContext
08-Apr-2026 17:22:26.110 INFO [main] org.apache.catalina.core.ApplicationContext.log Initializing Spring DispatcherServlet 'dispatcher'
