03-Apr-2026 14:49:07.512 INFO [main] org.apache.catalina.core.ApplicationContext.log 1 Spring WebApplicationInitializers detected on classpath
03-Apr-2026 14:49:07.657 INFO [main] org.apache.catalina.core.ApplicationContext.log Initializing Spring root WebApplicationContext
03-Apr-2026 14:49:16.666 INFO [main] org.apache.catalina.core.ApplicationContext.log Initializing Spring DispatcherServlet 'dispatcher'
03-Apr-2026 15:17:05.991 INFO [Thread-1] org.apache.catalina.core.ApplicationContext.log Destroying Spring FrameworkServlet 'dispatcher'
03-Apr-2026 15:17:06.176 INFO [Thread-1] org.apache.catalina.core.ApplicationContext.log Closing Spring root WebApplicationContext
03-Apr-2026 22:33:51.435 INFO [main] org.apache.catalina.core.ApplicationContext.log 1 Spring WebApplicationInitializers detected on classpath
03-Apr-2026 22:33:51.721 INFO [main] org.apache.catalina.core.ApplicationContext.log Initializing Spring root WebApplicationContext
03-Apr-2026 22:34:22.436 INFO [main] org.apache.catalina.core.ApplicationContext.log Initializing Spring DispatcherServlet 'dispatcher'
03-Apr-2026 22:45:37.034 INFO [Thread-1] org.apache.catalina.core.ApplicationContext.log Destroying Spring FrameworkServlet 'dispatcher'
03-Apr-2026 22:45:37.240 INFO [Thread-1] org.apache.catalina.core.ApplicationContext.log Closing Spring root WebApplicationContext
03-Apr-2026 22:45:49.111 INFO [main] org.apache.catalina.core.ApplicationContext.log 1 Spring WebApplicationInitializers detected on classpath
03-Apr-2026 22:45:49.212 INFO [main] org.apache.catalina.core.ApplicationContext.log Initializing Spring root WebApplicationContext
03-Apr-2026 22:45:55.628 INFO [main] org.apache.catalina.core.ApplicationContext.log Initializing Spring DispatcherServlet 'dispatcher'
03-Apr-2026 22:51:50.739 INFO [Thread-1] org.apache.catalina.core.ApplicationContext.log Destroying Spring FrameworkServlet 'dispatcher'
03-Apr-2026 22:51:50.950 INFO [Thread-1] org.apache.catalina.core.ApplicationContext.log Closing Spring root WebApplicationContext
03-Apr-2026 22:52:05.908 INFO [main] org.apache.catalina.core.ApplicationContext.log 1 Spring WebApplicationInitializers detected on classpath
03-Apr-2026 22:52:06.028 INFO [main] org.apache.catalina.core.ApplicationContext.log Initializing Spring root WebApplicationContext
03-Apr-2026 22:52:11.694 INFO [main] org.apache.catalina.core.ApplicationContext.log Initializing Spring DispatcherServlet 'dispatcher'
03-Apr-2026 22:57:00.643 INFO [Thread-1] org.apache.catalina.core.ApplicationContext.log Destroying Spring FrameworkServlet 'dispatcher'
03-Apr-2026 22:57:00.811 INFO [Thread-1] org.apache.catalina.core.ApplicationContext.log Closing Spring root WebApplicationContext
03-Apr-2026 22:57:14.467 INFO [main] org.apache.catalina.core.ApplicationContext.log 1 Spring WebApplicationInitializers detected on classpath
03-Apr-2026 22:57:14.604 INFO [main] org.apache.catalina.core.ApplicationContext.log Initializing Spring root WebApplicationContext
03-Apr-2026 22:57:20.685 INFO [main] org.apache.catalina.core.ApplicationContext.log Initializing Spring DispatcherServlet 'dispatcher'
03-Apr-2026 23:01:23.116 INFO [Thread-1] org.apache.catalina.core.ApplicationContext.log Destroying Spring FrameworkServlet 'dispatcher'
03-Apr-2026 23:01:23.244 INFO [Thread-1] org.apache.catalina.core.ApplicationContext.log Closing Spring root WebApplicationContext
03-Apr-2026 23:01:36.055 INFO [main] org.apache.catalina.core.ApplicationContext.log 1 Spring WebApplicationInitializers detected on classpath
03-Apr-2026 23:01:36.157 INFO [main] org.apache.catalina.core.ApplicationContext.log Initializing Spring root WebApplicationContext
03-Apr-2026 23:01:43.372 INFO [main] org.apache.catalina.core.ApplicationContext.log Initializing Spring DispatcherServlet 'dispatcher'
03-Apr-2026 23:03:32.448 INFO [Thread-1] org.apache.catalina.core.ApplicationContext.log Destroying Spring FrameworkServlet 'dispatcher'
03-Apr-2026 23:03:32.488 INFO [Thread-1] org.apache.catalina.core.ApplicationContext.log Closing Spring root WebApplicationContext
03-Apr-2026 23:03:45.229 INFO [main] org.apache.catalina.core.ApplicationContext.log 1 Spring WebApplicationInitializers detected on classpath
03-Apr-2026 23:03:45.383 INFO [main] org.apache.catalina.core.ApplicationContext.log Initializing Spring root WebApplicationContext
03-Apr-2026 23:03:52.100 INFO [main] org.apache.catalina.core.ApplicationContext.log Initializing Spring DispatcherServlet 'dispatcher'
